# JRE version: OpenJDK Runtime Environment (8.0_282-b08) (build 1.8.0_282-b08)
# Java VM: OpenJDK 64-Bit Server VM (25.282-b08 mixed mode bsd-aarch64 compressed oops)
Heap:
 PSYoungGen      total 426496K, used 295922K [0x000000076ab00000, 0x000000078f600000, 0x00000007c0000000)
  eden space 349696K, 78% used [0x000000076ab00000,0x000000077b72ef40,0x0000000780080000)
  from space 76800K, 27% used [0x0000000780080000,0x000000078154daa8,0x0000000784b80000)
  to   space 75264K, 0% used [0x000000078ac80000,0x000000078ac80000,0x000000078f600000)
 ParOldGen       total 562176K, used 343631K [0x00000006c0000000, 0x00000006e2500000, 0x000000076ab00000)
  object space 562176K, 61% used [0x00000006c0000000,0x00000006d4f93e60,0x00000006e2500000)
 Metaspace       used 32656K, capacity 34928K, committed 35072K, reserved 1079296K
  class space    used 4397K, capacity 4809K, committed 4864K, reserved 1048576K
GC Heap History (38 events):
Event: 1.133 GC heap before
{Heap before GC invocations=1 (full 0):
 PSYoungGen      total 76288K, used 65536K [0x000000076ab00000, 0x0000000770000000, 0x00000007c0000000)
  eden space 65536K, 100% used [0x000000076ab00000,0x000000076eb00000,0x000000076eb00000)
  from space 10752K, 0% used [0x000000076f580000,0x000000076f580000,0x0000000770000000)
  to   space 10752K, 0% used [0x000000076eb00000,0x000000076eb00000,0x000000076f580000)
 ParOldGen       total 175104K, used 0K [0x00000006c0000000, 0x00000006cab00000, 0x000000076ab00000)
  object space 175104K, 0% used [0x00000006c0000000,0x00000006c0000000,0x00000006cab00000)
 Metaspace       used 18820K, capacity 20042K, committed 20224K, reserved 1067008K
  class space    used 2764K, capacity 3027K, committed 3072K, reserved 1048576K
Event: 1.138 GC heap after
Heap after GC invocations=1 (full 0):
 PSYoungGen      total 76288K, used 10747K [0x000000076ab00000, 0x0000000770000000, 0x00000007c0000000)
  eden space 65536K, 0% used [0x000000076ab00000,0x000000076ab00000,0x000000076eb00000)
  from space 10752K, 99% used [0x000000076eb00000,0x000000076f57ee58,0x000000076f580000)
  to   space 10752K, 0% used [0x000000076f580000,0x000000076f580000,0x0000000770000000)
 ParOldGen       total 175104K, used 619K [0x00000006c0000000, 0x00000006cab00000, 0x000000076ab00000)
  object space 175104K, 0% used [0x00000006c0000000,0x00000006c009afb8,0x00000006cab00000)
 Metaspace       used 18820K, capacity 20042K, committed 20224K, reserved 1067008K
  class space    used 2764K, capacity 3027K, committed 3072K, reserved 1048576K
}
Event: 3.527 GC heap before
{Heap before GC invocations=2 (full 0):
 PSYoungGen      total 76288K, used 17706K [0x000000076ab00000, 0x0000000770000000, 0x00000007c0000000)
  eden space 65536K, 10% used [0x000000076ab00000,0x000000076b1cbc68,0x000000076eb00000)
  from space 10752K, 99% used [0x000000076eb00000,0x000000076f57ee58,0x000000076f580000)
  to   space 10752K, 0% used [0x000000076f580000,0x000000076f580000,0x0000000770000000)
 ParOldGen       total 175104K, used 619K [0x00000006c0000000, 0x00000006cab00000, 0x000000076ab00000)
  object space 175104K, 0% used [0x00000006c0000000,0x00000006c009afb8,0x00000006cab00000)
 Metaspace       used 19989K, capacity 21176K, committed 21296K, reserved 1067008K
  class space    used 2868K, capacity 3112K, committed 3200K, reserved 1048576K
Event: 3.532 GC heap after
Heap after GC invocations=2 (full 0):
 PSYoungGen      total 76288K, used 9295K [0x000000076ab00000, 0x0000000770000000, 0x00000007c0000000)
  eden space 65536K, 0% used [0x000000076ab00000,0x000000076ab00000,0x000000076eb00000)
  from space 10752K, 86% used [0x000000076f580000,0x000000076fe93ed0,0x0000000770000000)
  to   space 10752K, 0% used [0x000000076eb00000,0x000000076eb00000,0x000000076f580000)
 ParOldGen       total 175104K, used 627K [0x00000006c0000000, 0x00000006cab00000, 0x000000076ab00000)
  object space 175104K, 0% used [0x00000006c0000000,0x00000006c009cfb8,0x00000006cab00000)
 Metaspace       used 19989K, capacity 21176K, committed 21296K, reserved 1067008K
  class space    used 2868K, capacity 3112K, committed 3200K, reserved 1048576K
}
Event: 3.532 GC heap before
{Heap before GC invocations=3 (full 1):
 PSYoungGen      total 76288K, used 9295K [0x000000076ab00000, 0x0000000770000000, 0x00000007c0000000)
  eden space 65536K, 0% used [0x000000076ab00000,0x000000076ab00000,0x000000076eb00000)
  from space 10752K, 86% used [0x000000076f580000,0x000000076fe93ed0,0x0000000770000000)
  to   space 10752K, 0% used [0x000000076eb00000,0x000000076eb00000,0x000000076f580000)
 ParOldGen       total 175104K, used 627K [0x00000006c0000000, 0x00000006cab00000, 0x000000076ab00000)
  object space 175104K, 0% used [0x00000006c0000000,0x00000006c009cfb8,0x00000006cab00000)
 Metaspace       used 19989K, capacity 21176K, committed 21296K, reserved 1067008K
  class space    used 2868K, capacity 3112K, committed 3200K, reserved 1048576K
Event: 3.554 GC heap after
Heap after GC invocations=3 (full 1):
 PSYoungGen      total 76288K, used 0K [0x000000076ab00000, 0x0000000770000000, 0x00000007c0000000)
  eden space 65536K, 0% used [0x000000076ab00000,0x000000076ab00000,0x000000076eb00000)
  from space 10752K, 0% used [0x000000076f580000,0x000000076f580000,0x0000000770000000)
  to   space 10752K, 0% used [0x000000076eb00000,0x000000076eb00000,0x000000076f580000)
 ParOldGen       total 76288K, used 9533K [0x00000006c0000000, 0x00000006c4a80000, 0x000000076ab00000)
  object space 76288K, 12% used [0x00000006c0000000,0x00000006c094f7b8,0x00000006c4a80000)
 Metaspace       used 19989K, capacity 21176K, committed 21296K, reserved 1067008K
  class space    used 2868K, capacity 3112K, committed 3200K, reserved 1048576K
}
Event: 4.887 GC heap before
{Heap before GC invocations=4 (full 1):
 PSYoungGen      total 76288K, used 65536K [0x000000076ab00000, 0x0000000770000000, 0x00000007c0000000)
  eden space 65536K, 100% used [0x000000076ab00000,0x000000076eb00000,0x000000076eb00000)
  from space 10752K, 0% used [0x000000076f580000,0x000000076f580000,0x0000000770000000)
  to   space 10752K, 0% used [0x000000076eb00000,0x000000076eb00000,0x000000076f580000)
 ParOldGen       total 76288K, used 9533K [0x00000006c0000000, 0x00000006c4a80000, 0x000000076ab00000)
  object space 76288K, 12% used [0x00000006c0000000,0x00000006c094f7b8,0x00000006c4a80000)
 Metaspace       used 29546K, capacity 31426K, committed 31616K, reserved 1077248K
  class space    used 4020K, capacity 4364K, committed 4480K, reserved 1048576K
Event: 4.892 GC heap after
Heap after GC invocations=4 (full 1):
 PSYoungGen      total 76288K, used 10736K [0x000000076ab00000, 0x0000000770000000, 0x00000007c0000000)
  eden space 65536K, 0% used [0x000000076ab00000,0x000000076ab00000,0x000000076eb00000)
  from space 10752K, 99% used [0x000000076eb00000,0x000000076f57c288,0x000000076f580000)
  to   space 10752K, 0% used [0x000000076f580000,0x000000076f580000,0x0000000770000000)
 ParOldGen       total 76288K, used 10811K [0x00000006c0000000, 0x00000006c4a80000, 0x000000076ab00000)
  object space 76288K, 14% used [0x00000006c0000000,0x00000006c0a8eed8,0x00000006c4a80000)
 Metaspace       used 29546K, capacity 31426K, committed 31616K, reserved 1077248K
  class space    used 4020K, capacity 4364K, committed 4480K, reserved 1048576K
}
Event: 6.228 GC heap before
{Heap before GC invocations=5 (full 1):
 PSYoungGen      total 76288K, used 76272K [0x000000076ab00000, 0x0000000770000000, 0x00000007c0000000)
  eden space 65536K, 100% used [0x000000076ab00000,0x000000076eb00000,0x000000076eb00000)
  from space 10752K, 99% used [0x000000076eb00000,0x000000076f57c288,0x000000076f580000)
  to   space 10752K, 0% used [0x000000076f580000,0x000000076f580000,0x0000000770000000)
 ParOldGen       total 76288K, used 10811K [0x00000006c0000000, 0x00000006c4a80000, 0x000000076ab00000)
  object space 76288K, 14% used [0x00000006c0000000,0x00000006c0a8eed8,0x00000006c4a80000)
 Metaspace       used 32005K, capacity 34188K, committed 34560K, reserved 1079296K
  class space    used 4360K, capacity 4743K, committed 4864K, reserved 1048576K
Event: 6.241 GC heap after
Heap after GC invocations=5 (full 1):
 PSYoungGen      total 76288K, used 10726K [0x000000076ab00000, 0x0000000771c00000, 0x00000007c0000000)
  eden space 65536K, 0% used [0x000000076ab00000,0x000000076ab00000,0x000000076eb00000)
  from space 10752K, 99% used [0x000000076f580000,0x000000076fff99f0,0x0000000770000000)
  to   space 10752K, 0% used [0x000000076eb00000,0x000000076eb00000,0x000000076f580000)
 ParOldGen       total 76288K, used 27661K [0x00000006c0000000, 0x00000006c4a80000, 0x000000076ab00000)
  object space 76288K, 36% used [0x00000006c0000000,0x00000006c1b037c8,0x00000006c4a80000)
 Metaspace       used 32005K, capacity 34188K, committed 34560K, reserved 1079296K
  class space    used 4360K, capacity 4743K, committed 4864K, reserved 1048576K
}
Event: 9.150 GC heap before
{Heap before GC invocations=6 (full 1):
 PSYoungGen      total 76288K, used 76262K [0x000000076ab00000, 0x0000000771c00000, 0x00000007c0000000)
  eden space 65536K, 100% used [0x000000076ab00000,0x000000076eb00000,0x000000076eb00000)
  from space 10752K, 99% used [0x000000076f580000,0x000000076fff99f0,0x0000000770000000)
  to   space 10752K, 0% used [0x000000076eb00000,0x000000076eb00000,0x000000076f580000)
 ParOldGen       total 76288K, used 27661K [0x00000006c0000000, 0x00000006c4a80000, 0x000000076ab00000)
  object space 76288K, 36% used [0x00000006c0000000,0x00000006c1b037c8,0x00000006c4a80000)
 Metaspace       used 32655K, capacity 34928K, committed 35072K, reserved 1079296K
  class space    used 4397K, capacity 4809K, committed 4864K, reserved 1048576K
Event: 9.161 GC heap after
Heap after GC invocations=6 (full 1):
 PSYoungGen      total 76288K, used 10741K [0x000000076ab00000, 0x0000000774580000, 0x00000007c0000000)
  eden space 65536K, 0% used [0x000000076ab00000,0x000000076ab00000,0x000000076eb00000)
  from space 10752K, 99% used [0x000000076eb00000,0x000000076f57d7b8,0x000000076f580000)
  to   space 32256K, 0% used [0x0000000772600000,0x0000000772600000,0x0000000774580000)
 ParOldGen       total 76288K, used 44053K [0x00000006c0000000, 0x00000006c4a80000, 0x000000076ab00000)
  object space 76288K, 57% used [0x00000006c0000000,0x00000006c2b05548,0x00000006c4a80000)
 Metaspace       used 32655K, capacity 34928K, committed 35072K, reserved 1079296K
  class space    used 4397K, capacity 4809K, committed 4864K, reserved 1048576K
}
Event: 9.409 GC heap before
{Heap before GC invocations=7 (full 1):
 PSYoungGen      total 76288K, used 76277K [0x000000076ab00000, 0x0000000774580000, 0x00000007c0000000)
  eden space 65536K, 100% used [0x000000076ab00000,0x000000076eb00000,0x000000076eb00000)
  from space 10752K, 99% used [0x000000076eb00000,0x000000076f57d7b8,0x000000076f580000)
  to   space 32256K, 0% used [0x0000000772600000,0x0000000772600000,0x0000000774580000)
 ParOldGen       total 76288K, used 44053K [0x00000006c0000000, 0x00000006c4a80000, 0x000000076ab00000)
  object space 76288K, 57% used [0x00000006c0000000,0x00000006c2b05548,0x00000006c4a80000)
 Metaspace       used 32656K, capacity 34928K, committed 35072K, reserved 1079296K
  class space    used 4397K, capacity 4809K, committed 4864K, reserved 1048576K
Event: 9.421 GC heap after
Heap after GC invocations=7 (full 1):
 PSYoungGen      total 122368K, used 28051K [0x000000076ab00000, 0x0000000775e80000, 0x00000007c0000000)
  eden space 90112K, 0% used [0x000000076ab00000,0x000000076ab00000,0x0000000770300000)
  from space 32256K, 86% used [0x0000000772600000,0x0000000774164e38,0x0000000774580000)
  to   space 35840K, 0% used [0x0000000770300000,0x0000000770300000,0x0000000772600000)
 ParOldGen       total 76288K, used 44061K [0x00000006c0000000, 0x00000006c4a80000, 0x000000076ab00000)
  object space 76288K, 57% used [0x00000006c0000000,0x00000006c2b07548,0x00000006c4a80000)
 Metaspace       used 32656K, capacity 34928K, committed 35072K, reserved 1079296K
  class space    used 4397K, capacity 4809K, committed 4864K, reserved 1048576K
}
Event: 9.683 GC heap before
{Heap before GC invocations=8 (full 1):
 PSYoungGen      total 122368K, used 118163K [0x000000076ab00000, 0x0000000775e80000, 0x00000007c0000000)
  eden space 90112K, 100% used [0x000000076ab00000,0x0000000770300000,0x0000000770300000)
  from space 32256K, 86% used [0x0000000772600000,0x0000000774164e38,0x0000000774580000)
  to   space 35840K, 0% used [0x0000000770300000,0x0000000770300000,0x0000000772600000)
 ParOldGen       total 76288K, used 44061K [0x00000006c0000000, 0x00000006c4a80000, 0x000000076ab00000)
  object space 76288K, 57% used [0x00000006c0000000,0x00000006c2b07548,0x00000006c4a80000)
 Metaspace       used 32656K, capacity 34928K, committed 35072K, reserved 1079296K
  class space    used 4397K, capacity 4809K, committed 4864K, reserved 1048576K
Event: 9.702 GC heap after
Heap after GC invocations=8 (full 1):
 PSYoungGen      total 125952K, used 35827K [0x000000076ab00000, 0x000000077aa80000, 0x00000007c0000000)
  eden space 90112K, 0% used [0x000000076ab00000,0x000000076ab00000,0x0000000770300000)
  from space 35840K, 99% used [0x0000000770300000,0x00000007725fcef8,0x0000000772600000)
  to   space 48640K, 0% used [0x0000000777b00000,0x0000000777b00000,0x000000077aa80000)
 ParOldGen       total 76288K, used 57781K [0x00000006c0000000, 0x00000006c4a80000, 0x000000076ab00000)
  object space 76288K, 75% used [0x00000006c0000000,0x00000006c386d548,0x00000006c4a80000)
 Metaspace       used 32656K, capacity 34928K, committed 35072K, reserved 1079296K
  class space    used 4397K, capacity 4809K, committed 4864K, reserved 1048576K
}
Event: 9.702 GC heap before
{Heap before GC invocations=9 (full 2):
 PSYoungGen      total 125952K, used 35827K [0x000000076ab00000, 0x000000077aa80000, 0x00000007c0000000)
  eden space 90112K, 0% used [0x000000076ab00000,0x000000076ab00000,0x0000000770300000)
  from space 35840K, 99% used [0x0000000770300000,0x00000007725fcef8,0x0000000772600000)
  to   space 48640K, 0% used [0x0000000777b00000,0x0000000777b00000,0x000000077aa80000)
 ParOldGen       total 76288K, used 57781K [0x00000006c0000000, 0x00000006c4a80000, 0x000000076ab00000)
  object space 76288K, 75% used [0x00000006c0000000,0x00000006c386d548,0x00000006c4a80000)
 Metaspace       used 32656K, capacity 34928K, committed 35072K, reserved 1079296K
  class space    used 4397K, capacity 4809K, committed 4864K, reserved 1048576K
Event: 9.828 GC heap after
Heap after GC invocations=9 (full 2):
 PSYoungGen      total 125952K, used 13788K [0x000000076ab00000, 0x000000077aa80000, 0x00000007c0000000)
  eden space 90112K, 0% used [0x000000076ab00000,0x000000076ab00000,0x0000000770300000)
  from space 35840K, 38% used [0x0000000770300000,0x00000007710772e0,0x0000000772600000)
  to   space 48640K, 0% used [0x0000000777b00000,0x0000000777b00000,0x000000077aa80000)
 ParOldGen       total 184832K, used 76100K [0x00000006c0000000, 0x00000006cb480000, 0x000000076ab00000)
  object space 184832K, 41% used [0x00000006c0000000,0x00000006c4a51028,0x00000006cb480000)
 Metaspace       used 32656K, capacity 34928K, committed 35072K, reserved 1079296K
  class space    used 4397K, capacity 4809K, committed 4864K, reserved 1048576K
}
Event: 10.074 GC heap before
{Heap before GC invocations=10 (full 2):
 PSYoungGen      total 125952K, used 103900K [0x000000076ab00000, 0x000000077aa80000, 0x00000007c0000000)
  eden space 90112K, 100% used [0x000000076ab00000,0x0000000770300000,0x0000000770300000)
  from space 35840K, 38% used [0x0000000770300000,0x00000007710772e0,0x0000000772600000)
  to   space 48640K, 0% used [0x0000000777b00000,0x0000000777b00000,0x000000077aa80000)
 ParOldGen       total 184832K, used 76100K [0x00000006c0000000, 0x00000006cb480000, 0x000000076ab00000)
  object space 184832K, 41% used [0x00000006c0000000,0x00000006c4a51028,0x00000006cb480000)
 Metaspace       used 32656K, capacity 34928K, committed 35072K, reserved 1079296K
  class space    used 4397K, capacity 4809K, committed 4864K, reserved 1048576K
Event: 10.091 GC heap after
Heap after GC invocations=10 (full 2):
 PSYoungGen      total 196608K, used 34448K [0x000000076ab00000, 0x000000077a480000, 0x00000007c0000000)
  eden space 154112K, 0% used [0x000000076ab00000,0x000000076ab00000,0x0000000774180000)
  from space 42496K, 81% used [0x0000000777b00000,0x0000000779ca43a8,0x000000077a480000)
  to   space 50688K, 0% used [0x0000000774180000,0x0000000774180000,0x0000000777300000)
 ParOldGen       total 184832K, used 76100K [0x00000006c0000000, 0x00000006cb480000, 0x000000076ab00000)
  object space 184832K, 41% used [0x00000006c0000000,0x00000006c4a51028,0x00000006cb480000)
 Metaspace       used 32656K, capacity 34928K, committed 35072K, reserved 1079296K
  class space    used 4397K, capacity 4809K, committed 4864K, reserved 1048576K
}
Event: 10.483 GC heap before
{Heap before GC invocations=11 (full 2):
 PSYoungGen      total 196608K, used 188560K [0x000000076ab00000, 0x000000077a480000, 0x00000007c0000000)
  eden space 154112K, 100% used [0x000000076ab00000,0x0000000774180000,0x0000000774180000)
  from space 42496K, 81% used [0x0000000777b00000,0x0000000779ca43a8,0x000000077a480000)
  to   space 50688K, 0% used [0x0000000774180000,0x0000000774180000,0x0000000777300000)
 ParOldGen       total 184832K, used 76100K [0x00000006c0000000, 0x00000006cb480000, 0x000000076ab00000)
  object space 184832K, 41% used [0x00000006c0000000,0x00000006c4a51028,0x00000006cb480000)
 Metaspace       used 32656K, capacity 34928K, committed 35072K, reserved 1079296K
  class space    used 4397K, capacity 4809K, committed 4864K, reserved 1048576K
Event: 10.508 GC heap after
Heap after GC invocations=11 (full 2):
 PSYoungGen      total 204800K, used 50686K [0x000000076ab00000, 0x0000000780480000, 0x00000007c0000000)
  eden space 154112K, 0% used [0x000000076ab00000,0x000000076ab00000,0x0000000774180000)
  from space 50688K, 99% used [0x0000000774180000,0x00000007772ffaa8,0x0000000777300000)
  to   space 65024K, 0% used [0x000000077c500000,0x000000077c500000,0x0000000780480000)
 ParOldGen       total 184832K, used 92180K [0x00000006c0000000, 0x00000006cb480000, 0x000000076ab00000)
  object space 184832K, 49% used [0x00000006c0000000,0x00000006c5a05028,0x00000006cb480000)
 Metaspace       used 32656K, capacity 34928K, committed 35072K, reserved 1079296K
  class space    used 4397K, capacity 4809K, committed 4864K, reserved 1048576K
}
Event: 10.858 GC heap before
{Heap before GC invocations=12 (full 2):
 PSYoungGen      total 204800K, used 204798K [0x000000076ab00000, 0x0000000780480000, 0x00000007c0000000)
  eden space 154112K, 100% used [0x000000076ab00000,0x0000000774180000,0x0000000774180000)
  from space 50688K, 99% used [0x0000000774180000,0x00000007772ffaa8,0x0000000777300000)
  to   space 65024K, 0% used [0x000000077c500000,0x000000077c500000,0x0000000780480000)
 ParOldGen       total 184832K, used 92180K [0x00000006c0000000, 0x00000006cb480000, 0x000000076ab00000)
  object space 184832K, 49% used [0x00000006c0000000,0x00000006c5a05028,0x00000006cb480000)
 Metaspace       used 32656K, capacity 34928K, committed 35072K, reserved 1079296K
  class space    used 4397K, capacity 4809K, committed 4864K, reserved 1048576K
Event: 10.887 GC heap after
Heap after GC invocations=12 (full 2):
 PSYoungGen      total 282112K, used 56976K [0x000000076ab00000, 0x0000000781500000, 0x00000007c0000000)
  eden space 217088K, 0% used [0x000000076ab00000,0x000000076ab00000,0x0000000777f00000)
  from space 65024K, 87% used [0x000000077c500000,0x000000077fca4220,0x0000000780480000)
  to   space 71680K, 0% used [0x0000000777f00000,0x0000000777f00000,0x000000077c500000)
 ParOldGen       total 184832K, used 115388K [0x00000006c0000000, 0x00000006cb480000, 0x000000076ab00000)
  object space 184832K, 62% used [0x00000006c0000000,0x00000006c70af028,0x00000006cb480000)
 Metaspace       used 32656K, capacity 34928K, committed 35072K, reserved 1079296K
  class space    used 4397K, capacity 4809K, committed 4864K, reserved 1048576K
}
Event: 11.297 GC heap before
{Heap before GC invocations=13 (full 2):
 PSYoungGen      total 282112K, used 274064K [0x000000076ab00000, 0x0000000781500000, 0x00000007c0000000)
  eden space 217088K, 100% used [0x000000076ab00000,0x0000000777f00000,0x0000000777f00000)
  from space 65024K, 87% used [0x000000077c500000,0x000000077fca4220,0x0000000780480000)
  to   space 71680K, 0% used [0x0000000777f00000,0x0000000777f00000,0x000000077c500000)
 ParOldGen       total 184832K, used 115388K [0x00000006c0000000, 0x00000006cb480000, 0x000000076ab00000)
  object space 184832K, 62% used [0x00000006c0000000,0x00000006c70af028,0x00000006cb480000)
 Metaspace       used 32656K, capacity 34928K, committed 35072K, reserved 1079296K
  class space    used 4397K, capacity 4809K, committed 4864K, reserved 1048576K
Event: 11.335 GC heap after
Heap after GC invocations=13 (full 2):
 PSYoungGen      total 288768K, used 39648K [0x000000076ab00000, 0x0000000787000000, 0x00000007c0000000)
  eden space 217088K, 0% used [0x000000076ab00000,0x000000076ab00000,0x0000000777f00000)
  from space 71680K, 55% used [0x0000000777f00000,0x000000077a5b81e8,0x000000077c500000)
  to   space 70144K, 0% used [0x0000000782b80000,0x0000000782b80000,0x0000000787000000)
 ParOldGen       total 184832K, used 170900K [0x00000006c0000000, 0x00000006cb480000, 0x000000076ab00000)
  object space 184832K, 92% used [0x00000006c0000000,0x00000006ca6e5390,0x00000006cb480000)
 Metaspace       used 32656K, capacity 34928K, committed 35072K, reserved 1079296K
  class space    used 4397K, capacity 4809K, committed 4864K, reserved 1048576K
}
Event: 11.335 GC heap before
{Heap before GC invocations=14 (full 3):
 PSYoungGen      total 288768K, used 39648K [0x000000076ab00000, 0x0000000787000000, 0x00000007c0000000)
  eden space 217088K, 0% used [0x000000076ab00000,0x000000076ab00000,0x0000000777f00000)
  from space 71680K, 55% used [0x0000000777f00000,0x000000077a5b81e8,0x000000077c500000)
  to   space 70144K, 0% used [0x0000000782b80000,0x0000000782b80000,0x0000000787000000)
 ParOldGen       total 184832K, used 170900K [0x00000006c0000000, 0x00000006cb480000, 0x000000076ab00000)
  object space 184832K, 92% used [0x00000006c0000000,0x00000006ca6e5390,0x00000006cb480000)
 Metaspace       used 32656K, capacity 34928K, committed 35072K, reserved 1079296K
  class space    used 4397K, capacity 4809K, committed 4864K, reserved 1048576K
Event: 11.688 GC heap after
Heap after GC invocations=14 (full 3):
 PSYoungGen      total 288768K, used 24141K [0x000000076ab00000, 0x0000000787000000, 0x00000007c0000000)
  eden space 217088K, 0% used [0x000000076ab00000,0x000000076ab00000,0x0000000777f00000)
  from space 71680K, 33% used [0x0000000777f00000,0x0000000779693698,0x000000077c500000)
  to   space 70144K, 0% used [0x0000000782b80000,0x0000000782b80000,0x0000000787000000)
 ParOldGen       total 344064K, used 184780K [0x00000006c0000000, 0x00000006d5000000, 0x000000076ab00000)
  object space 344064K, 53% used [0x00000006c0000000,0x00000006cb4731f0,0x00000006d5000000)
 Metaspace       used 32656K, capacity 34928K, committed 35072K, reserved 1079296K
  class space    used 4397K, capacity 4809K, committed 4864K, reserved 1048576K
}
Event: 12.125 GC heap before
{Heap before GC invocations=15 (full 3):
 PSYoungGen      total 288768K, used 241229K [0x000000076ab00000, 0x0000000787000000, 0x00000007c0000000)
  eden space 217088K, 100% used [0x000000076ab00000,0x0000000777f00000,0x0000000777f00000)
  from space 71680K, 33% used [0x0000000777f00000,0x0000000779693698,0x000000077c500000)
  to   space 70144K, 0% used [0x0000000782b80000,0x0000000782b80000,0x0000000787000000)
 ParOldGen       total 344064K, used 184780K [0x00000006c0000000, 0x00000006d5000000, 0x000000076ab00000)
  object space 344064K, 53% used [0x00000006c0000000,0x00000006cb4731f0,0x00000006d5000000)
 Metaspace       used 32656K, capacity 34928K, committed 35072K, reserved 1079296K
  class space    used 4397K, capacity 4809K, committed 4864K, reserved 1048576K
Event: 12.161 GC heap after
Heap after GC invocations=15 (full 3):
 PSYoungGen      total 308736K, used 34691K [0x000000076ab00000, 0x0000000784d80000, 0x00000007c0000000)
  eden space 273920K, 0% used [0x000000076ab00000,0x000000076ab00000,0x000000077b680000)
  from space 34816K, 99% used [0x0000000782b80000,0x0000000784d60c70,0x0000000784d80000)
  to   space 67072K, 0% used [0x000000077ca80000,0x000000077ca80000,0x0000000780c00000)
 ParOldGen       total 344064K, used 209092K [0x00000006c0000000, 0x00000006d5000000, 0x000000076ab00000)
  object space 344064K, 60% used [0x00000006c0000000,0x00000006ccc311f0,0x00000006d5000000)
 Metaspace       used 32656K, capacity 34928K, committed 35072K, reserved 1079296K
  class space    used 4397K, capacity 4809K, committed 4864K, reserved 1048576K
}
Event: 12.616 GC heap before
{Heap before GC invocations=16 (full 3):
 PSYoungGen      total 308736K, used 308611K [0x000000076ab00000, 0x0000000784d80000, 0x00000007c0000000)
  eden space 273920K, 100% used [0x000000076ab00000,0x000000077b680000,0x000000077b680000)
  from space 34816K, 99% used [0x0000000782b80000,0x0000000784d60c70,0x0000000784d80000)
  to   space 67072K, 0% used [0x000000077ca80000,0x000000077ca80000,0x0000000780c00000)
 ParOldGen       total 344064K, used 209092K [0x00000006c0000000, 0x00000006d5000000, 0x000000076ab00000)
  object space 344064K, 60% used [0x00000006c0000000,0x00000006ccc311f0,0x00000006d5000000)
 Metaspace       used 32656K, capacity 34928K, committed 35072K, reserved 1079296K
  class space    used 4397K, capacity 4809K, committed 4864K, reserved 1048576K
Event: 12.646 GC heap after
Heap after GC invocations=16 (full 3):
 PSYoungGen      total 361472K, used 67071K [0x000000076ab00000, 0x0000000789980000, 0x00000007c0000000)
  eden space 294400K, 0% used [0x000000076ab00000,0x000000076ab00000,0x000000077ca80000)
  from space 67072K, 99% used [0x000000077ca80000,0x0000000780bffd30,0x0000000780c00000)
  to   space 79872K, 0% used [0x0000000784b80000,0x0000000784b80000,0x0000000789980000)
 ParOldGen       total 344064K, used 218172K [0x00000006c0000000, 0x00000006d5000000, 0x000000076ab00000)
  object space 344064K, 63% used [0x00000006c0000000,0x00000006cd50f1f0,0x00000006d5000000)
 Metaspace       used 32656K, capacity 34928K, committed 35072K, reserved 1079296K
  class space    used 4397K, capacity 4809K, committed 4864K, reserved 1048576K
}
Event: 13.085 GC heap before
{Heap before GC invocations=17 (full 3):
 PSYoungGen      total 361472K, used 361471K [0x000000076ab00000, 0x0000000789980000, 0x00000007c0000000)
  eden space 294400K, 100% used [0x000000076ab00000,0x000000077ca80000,0x000000077ca80000)
  from space 67072K, 99% used [0x000000077ca80000,0x0000000780bffd30,0x0000000780c00000)
  to   space 79872K, 0% used [0x0000000784b80000,0x0000000784b80000,0x0000000789980000)
 ParOldGen       total 344064K, used 218172K [0x00000006c0000000, 0x00000006d5000000, 0x000000076ab00000)
  object space 344064K, 63% used [0x00000006c0000000,0x00000006cd50f1f0,0x00000006d5000000)
 Metaspace       used 32656K, capacity 34928K, committed 35072K, reserved 1079296K
  class space    used 4397K, capacity 4809K, committed 4864K, reserved 1048576K
Event: 13.130 GC heap after
Heap after GC invocations=17 (full 3):
 PSYoungGen      total 429568K, used 39823K [0x000000076ab00000, 0x000000078b380000, 0x00000007c0000000)
  eden space 349696K, 0% used [0x000000076ab00000,0x000000076ab00000,0x0000000780080000)
  from space 79872K, 49% used [0x0000000784b80000,0x0000000787263c00,0x0000000789980000)
  to   space 76800K, 0% used [0x0000000780080000,0x0000000780080000,0x0000000784b80000)
 ParOldGen       total 344064K, used 284935K [0x00000006c0000000, 0x00000006d5000000, 0x000000076ab00000)
  object space 344064K, 82% used [0x00000006c0000000,0x00000006d1641c08,0x00000006d5000000)
 Metaspace       used 32656K, capacity 34928K, committed 35072K, reserved 1079296K
  class space    used 4397K, capacity 4809K, committed 4864K, reserved 1048576K
}
Event: 13.623 GC heap before
{Heap before GC invocations=18 (full 3):
 PSYoungGen      total 429568K, used 389519K [0x000000076ab00000, 0x000000078b380000, 0x00000007c0000000)
  eden space 349696K, 100% used [0x000000076ab00000,0x0000000780080000,0x0000000780080000)
  from space 79872K, 49% used [0x0000000784b80000,0x0000000787263c00,0x0000000789980000)
  to   space 76800K, 0% used [0x0000000780080000,0x0000000780080000,0x0000000784b80000)
 ParOldGen       total 344064K, used 284935K [0x00000006c0000000, 0x00000006d5000000, 0x000000076ab00000)
  object space 344064K, 82% used [0x00000006c0000000,0x00000006d1641c08,0x00000006d5000000)
 Metaspace       used 32656K, capacity 34928K, committed 35072K, reserved 1079296K
  class space    used 4397K, capacity 4809K, committed 4864K, reserved 1048576K
Event: 13.657 GC heap after
Heap after GC invocations=18 (full 3):
 PSYoungGen      total 426496K, used 44463K [0x000000076ab00000, 0x000000078f600000, 0x00000007c0000000)
  eden space 349696K, 0% used [0x000000076ab00000,0x000000076ab00000,0x0000000780080000)
  from space 76800K, 57% used [0x0000000780080000,0x0000000782bebe60,0x0000000784b80000)
  to   space 75264K, 0% used [0x000000078ac80000,0x000000078ac80000,0x000000078f600000)
 ParOldGen       total 344064K, used 324808K [0x00000006c0000000, 0x00000006d5000000, 0x000000076ab00000)
  object space 344064K, 94% used [0x00000006c0000000,0x00000006d3d323a0,0x00000006d5000000)
 Metaspace       used 32656K, capacity 34928K, committed 35072K, reserved 1079296K
  class space    used 4397K, capacity 4809K, committed 4864K, reserved 1048576K
}
Event: 13.657 GC heap before
{Heap before GC invocations=19 (full 4):
 PSYoungGen      total 426496K, used 44463K [0x000000076ab00000, 0x000000078f600000, 0x00000007c0000000)
  eden space 349696K, 0% used [0x000000076ab00000,0x000000076ab00000,0x0000000780080000)
  from space 76800K, 57% used [0x0000000780080000,0x0000000782bebe60,0x0000000784b80000)
  to   space 75264K, 0% used [0x000000078ac80000,0x000000078ac80000,0x000000078f600000)
 ParOldGen       total 344064K, used 324808K [0x00000006c0000000, 0x00000006d5000000, 0x000000076ab00000)
  object space 344064K, 94% used [0x00000006c0000000,0x00000006d3d323a0,0x00000006d5000000)
 Metaspace       used 32656K, capacity 34928K, committed 35072K, reserved 1079296K
  class space    used 4397K, capacity 4809K, committed 4864K, reserved 1048576K
Event: 13.968 GC heap after
Heap after GC invocations=19 (full 4):
 PSYoungGen      total 426496K, used 21302K [0x000000076ab00000, 0x000000078f600000, 0x00000007c0000000)
  eden space 349696K, 0% used [0x000000076ab00000,0x000000076ab00000,0x0000000780080000)
  from space 76800K, 27% used [0x0000000780080000,0x000000078154daa8,0x0000000784b80000)
  to   space 75264K, 0% used [0x000000078ac80000,0x000000078ac80000,0x000000078f600000)
 ParOldGen       total 562176K, used 343631K [0x00000006c0000000, 0x00000006e2500000, 0x000000076ab00000)
  object space 562176K, 61% used [0x00000006c0000000,0x00000006d4f93e60,0x00000006e2500000)
 Metaspace       used 32656K, capacity 34928K, committed 35072K, reserved 1079296K
  class space    used 4397K, capacity 4809K, committed 4864K, reserved 1048576K
}

