# JRE version: OpenJDK Runtime Environment (8.0_282-b08) (build 1.8.0_282-b08)
# Java VM: OpenJDK 64-Bit Server VM (25.282-b08 mixed mode bsd-aarch64 compressed oops)
Heap:
 PSYoungGen      total 659968K, used 401667K [0x000000076ab00000, 0x000000079d180000, 0x00000007c0000000)
  eden space 562176K, 54% used [0x000000076ab00000,0x000000077d3c6c70,0x000000078d000000)
  from space 97792K, 99% used [0x0000000794380000,0x000000079a2fa280,0x000000079a300000)
  to   space 118272K, 0% used [0x000000078d000000,0x000000078d000000,0x0000000794380000)
 ParOldGen       total 539136K, used 331940K [0x00000006c0000000, 0x00000006e0e80000, 0x000000076ab00000)
  object space 539136K, 61% used [0x00000006c0000000,0x00000006d4429190,0x00000006e0e80000)
 Metaspace       used 32664K, capacity 34928K, committed 35072K, reserved 1079296K
  class space    used 4397K, capacity 4809K, committed 4864K, reserved 1048576K
GC Heap History (34 events):
Event: 1.207 GC heap before
{Heap before GC invocations=1 (full 0):
 PSYoungGen      total 76288K, used 65536K [0x000000076ab00000, 0x0000000770000000, 0x00000007c0000000)
  eden space 65536K, 100% used [0x000000076ab00000,0x000000076eb00000,0x000000076eb00000)
  from space 10752K, 0% used [0x000000076f580000,0x000000076f580000,0x0000000770000000)
  to   space 10752K, 0% used [0x000000076eb00000,0x000000076eb00000,0x000000076f580000)
 ParOldGen       total 175104K, used 0K [0x00000006c0000000, 0x00000006cab00000, 0x000000076ab00000)
  object space 175104K, 0% used [0x00000006c0000000,0x00000006c0000000,0x00000006cab00000)
 Metaspace       used 18833K, capacity 20010K, committed 20224K, reserved 1067008K
  class space    used 2758K, capacity 2995K, committed 3072K, reserved 1048576K
Event: 1.214 GC heap after
Heap after GC invocations=1 (full 0):
 PSYoungGen      total 76288K, used 10750K [0x000000076ab00000, 0x0000000770000000, 0x00000007c0000000)
  eden space 65536K, 0% used [0x000000076ab00000,0x000000076ab00000,0x000000076eb00000)
  from space 10752K, 99% used [0x000000076eb00000,0x000000076f57f8e8,0x000000076f580000)
  to   space 10752K, 0% used [0x000000076f580000,0x000000076f580000,0x0000000770000000)
 ParOldGen       total 175104K, used 628K [0x00000006c0000000, 0x00000006cab00000, 0x000000076ab00000)
  object space 175104K, 0% used [0x00000006c0000000,0x00000006c009d378,0x00000006cab00000)
 Metaspace       used 18833K, capacity 20010K, committed 20224K, reserved 1067008K
  class space    used 2758K, capacity 2995K, committed 3072K, reserved 1048576K
}
Event: 3.785 GC heap before
{Heap before GC invocations=2 (full 0):
 PSYoungGen      total 76288K, used 17676K [0x000000076ab00000, 0x0000000770000000, 0x00000007c0000000)
  eden space 65536K, 10% used [0x000000076ab00000,0x000000076b1c37f0,0x000000076eb00000)
  from space 10752K, 99% used [0x000000076eb00000,0x000000076f57f8e8,0x000000076f580000)
  to   space 10752K, 0% used [0x000000076f580000,0x000000076f580000,0x0000000770000000)
 ParOldGen       total 175104K, used 628K [0x00000006c0000000, 0x00000006cab00000, 0x000000076ab00000)
  object space 175104K, 0% used [0x00000006c0000000,0x00000006c009d378,0x00000006cab00000)
 Metaspace       used 19927K, capacity 21164K, committed 21296K, reserved 1067008K
  class space    used 2848K, capacity 3108K, committed 3200K, reserved 1048576K
Event: 3.791 GC heap after
Heap after GC invocations=2 (full 0):
 PSYoungGen      total 76288K, used 9332K [0x000000076ab00000, 0x0000000770000000, 0x00000007c0000000)
  eden space 65536K, 0% used [0x000000076ab00000,0x000000076ab00000,0x000000076eb00000)
  from space 10752K, 86% used [0x000000076f580000,0x000000076fe9d0f0,0x0000000770000000)
  to   space 10752K, 0% used [0x000000076eb00000,0x000000076eb00000,0x000000076f580000)
 ParOldGen       total 175104K, used 2684K [0x00000006c0000000, 0x00000006cab00000, 0x000000076ab00000)
  object space 175104K, 1% used [0x00000006c0000000,0x00000006c029f388,0x00000006cab00000)
 Metaspace       used 19927K, capacity 21164K, committed 21296K, reserved 1067008K
  class space    used 2848K, capacity 3108K, committed 3200K, reserved 1048576K
}
Event: 3.791 GC heap before
{Heap before GC invocations=3 (full 1):
 PSYoungGen      total 76288K, used 9332K [0x000000076ab00000, 0x0000000770000000, 0x00000007c0000000)
  eden space 65536K, 0% used [0x000000076ab00000,0x000000076ab00000,0x000000076eb00000)
  from space 10752K, 86% used [0x000000076f580000,0x000000076fe9d0f0,0x0000000770000000)
  to   space 10752K, 0% used [0x000000076eb00000,0x000000076eb00000,0x000000076f580000)
 ParOldGen       total 175104K, used 2684K [0x00000006c0000000, 0x00000006cab00000, 0x000000076ab00000)
  object space 175104K, 1% used [0x00000006c0000000,0x00000006c029f388,0x00000006cab00000)
 Metaspace       used 19927K, capacity 21164K, committed 21296K, reserved 1067008K
  class space    used 2848K, capacity 3108K, committed 3200K, reserved 1048576K
Event: 3.813 GC heap after
Heap after GC invocations=3 (full 1):
 PSYoungGen      total 76288K, used 0K [0x000000076ab00000, 0x0000000770000000, 0x00000007c0000000)
  eden space 65536K, 0% used [0x000000076ab00000,0x000000076ab00000,0x000000076eb00000)
  from space 10752K, 0% used [0x000000076f580000,0x000000076f580000,0x0000000770000000)
  to   space 10752K, 0% used [0x000000076eb00000,0x000000076eb00000,0x000000076f580000)
 ParOldGen       total 116224K, used 9644K [0x00000006c0000000, 0x00000006c7180000, 0x000000076ab00000)
  object space 116224K, 8% used [0x00000006c0000000,0x00000006c096b3f0,0x00000006c7180000)
 Metaspace       used 19927K, capacity 21164K, committed 21296K, reserved 1067008K
  class space    used 2848K, capacity 3108K, committed 3200K, reserved 1048576K
}
Event: 4.968 GC heap before
{Heap before GC invocations=4 (full 1):
 PSYoungGen      total 76288K, used 65536K [0x000000076ab00000, 0x0000000770000000, 0x00000007c0000000)
  eden space 65536K, 100% used [0x000000076ab00000,0x000000076eb00000,0x000000076eb00000)
  from space 10752K, 0% used [0x000000076f580000,0x000000076f580000,0x0000000770000000)
  to   space 10752K, 0% used [0x000000076eb00000,0x000000076eb00000,0x000000076f580000)
 ParOldGen       total 116224K, used 9644K [0x00000006c0000000, 0x00000006c7180000, 0x000000076ab00000)
  object space 116224K, 8% used [0x00000006c0000000,0x00000006c096b3f0,0x00000006c7180000)
 Metaspace       used 29514K, capacity 31358K, committed 31616K, reserved 1077248K
  class space    used 4019K, capacity 4364K, committed 4480K, reserved 1048576K
Event: 4.973 GC heap after
Heap after GC invocations=4 (full 1):
 PSYoungGen      total 76288K, used 10750K [0x000000076ab00000, 0x0000000771b00000, 0x00000007c0000000)
  eden space 65536K, 0% used [0x000000076ab00000,0x000000076ab00000,0x000000076eb00000)
  from space 10752K, 99% used [0x000000076eb00000,0x000000076f57f8b0,0x000000076f580000)
  to   space 10752K, 0% used [0x0000000771080000,0x0000000771080000,0x0000000771b00000)
 ParOldGen       total 116224K, used 11430K [0x00000006c0000000, 0x00000006c7180000, 0x000000076ab00000)
  object space 116224K, 9% used [0x00000006c0000000,0x00000006c0b29840,0x00000006c7180000)
 Metaspace       used 29514K, capacity 31358K, committed 31616K, reserved 1077248K
  class space    used 4019K, capacity 4364K, committed 4480K, reserved 1048576K
}
Event: 6.243 GC heap before
{Heap before GC invocations=5 (full 1):
 PSYoungGen      total 76288K, used 76286K [0x000000076ab00000, 0x0000000771b00000, 0x00000007c0000000)
  eden space 65536K, 100% used [0x000000076ab00000,0x000000076eb00000,0x000000076eb00000)
  from space 10752K, 99% used [0x000000076eb00000,0x000000076f57f8b0,0x000000076f580000)
  to   space 10752K, 0% used [0x0000000771080000,0x0000000771080000,0x0000000771b00000)
 ParOldGen       total 116224K, used 11430K [0x00000006c0000000, 0x00000006c7180000, 0x000000076ab00000)
  object space 116224K, 9% used [0x00000006c0000000,0x00000006c0b29858,0x00000006c7180000)
 Metaspace       used 32049K, capacity 34124K, committed 34304K, reserved 1079296K
  class space    used 4360K, capacity 4743K, committed 4864K, reserved 1048576K
Event: 6.256 GC heap after
Heap after GC invocations=5 (full 1):
 PSYoungGen      total 103936K, used 10722K [0x000000076ab00000, 0x0000000772080000, 0x00000007c0000000)
  eden space 93184K, 0% used [0x000000076ab00000,0x000000076ab00000,0x0000000770600000)
  from space 10752K, 99% used [0x0000000771080000,0x0000000771af88b8,0x0000000771b00000)
  to   space 10752K, 0% used [0x0000000770600000,0x0000000770600000,0x0000000771080000)
 ParOldGen       total 116224K, used 28868K [0x00000006c0000000, 0x00000006c7180000, 0x000000076ab00000)
  object space 116224K, 24% used [0x00000006c0000000,0x00000006c1c310d8,0x00000006c7180000)
 Metaspace       used 32049K, capacity 34124K, committed 34304K, reserved 1079296K
  class space    used 4360K, capacity 4743K, committed 4864K, reserved 1048576K
}
Event: 8.577 GC heap before
{Heap before GC invocations=6 (full 1):
 PSYoungGen      total 103936K, used 103906K [0x000000076ab00000, 0x0000000772080000, 0x00000007c0000000)
  eden space 93184K, 100% used [0x000000076ab00000,0x0000000770600000,0x0000000770600000)
  from space 10752K, 99% used [0x0000000771080000,0x0000000771af88b8,0x0000000771b00000)
  to   space 10752K, 0% used [0x0000000770600000,0x0000000770600000,0x0000000771080000)
 ParOldGen       total 116224K, used 28871K [0x00000006c0000000, 0x00000006c7180000, 0x000000076ab00000)
  object space 116224K, 24% used [0x00000006c0000000,0x00000006c1c31cf0,0x00000006c7180000)
 Metaspace       used 32663K, capacity 34928K, committed 35072K, reserved 1079296K
  class space    used 4397K, capacity 4809K, committed 4864K, reserved 1048576K
Event: 8.593 GC heap after
Heap after GC invocations=6 (full 1):
 PSYoungGen      total 103936K, used 10727K [0x000000076ab00000, 0x0000000777c80000, 0x00000007c0000000)
  eden space 93184K, 0% used [0x000000076ab00000,0x000000076ab00000,0x0000000770600000)
  from space 10752K, 99% used [0x0000000770600000,0x0000000771079de8,0x0000000771080000)
  to   space 36864K, 0% used [0x0000000775880000,0x0000000775880000,0x0000000777c80000)
 ParOldGen       total 116224K, used 51635K [0x00000006c0000000, 0x00000006c7180000, 0x000000076ab00000)
  object space 116224K, 44% used [0x00000006c0000000,0x00000006c326cee0,0x00000006c7180000)
 Metaspace       used 32663K, capacity 34928K, committed 35072K, reserved 1079296K
  class space    used 4397K, capacity 4809K, committed 4864K, reserved 1048576K
}
Event: 8.895 GC heap before
{Heap before GC invocations=7 (full 1):
 PSYoungGen      total 103936K, used 103911K [0x000000076ab00000, 0x0000000777c80000, 0x00000007c0000000)
  eden space 93184K, 100% used [0x000000076ab00000,0x0000000770600000,0x0000000770600000)
  from space 10752K, 99% used [0x0000000770600000,0x0000000771079de8,0x0000000771080000)
  to   space 36864K, 0% used [0x0000000775880000,0x0000000775880000,0x0000000777c80000)
 ParOldGen       total 116224K, used 51635K [0x00000006c0000000, 0x00000006c7180000, 0x000000076ab00000)
  object space 116224K, 44% used [0x00000006c0000000,0x00000006c326cee0,0x00000006c7180000)
 Metaspace       used 32664K, capacity 34928K, committed 35072K, reserved 1079296K
  class space    used 4397K, capacity 4809K, committed 4864K, reserved 1048576K
Event: 8.907 GC heap after
Heap after GC invocations=7 (full 1):
 PSYoungGen      total 171520K, used 34291K [0x000000076ab00000, 0x0000000779a80000, 0x00000007c0000000)
  eden space 134656K, 0% used [0x000000076ab00000,0x000000076ab00000,0x0000000772e80000)
  from space 36864K, 93% used [0x0000000775880000,0x00000007779fcc38,0x0000000777c80000)
  to   space 43008K, 0% used [0x0000000772e80000,0x0000000772e80000,0x0000000775880000)
 ParOldGen       total 116224K, used 51635K [0x00000006c0000000, 0x00000006c7180000, 0x000000076ab00000)
  object space 116224K, 44% used [0x00000006c0000000,0x00000006c326cee0,0x00000006c7180000)
 Metaspace       used 32664K, capacity 34928K, committed 35072K, reserved 1079296K
  class space    used 4397K, capacity 4809K, committed 4864K, reserved 1048576K
}
Event: 9.257 GC heap before
{Heap before GC invocations=8 (full 1):
 PSYoungGen      total 171520K, used 168947K [0x000000076ab00000, 0x0000000779a80000, 0x00000007c0000000)
  eden space 134656K, 100% used [0x000000076ab00000,0x0000000772e80000,0x0000000772e80000)
  from space 36864K, 93% used [0x0000000775880000,0x00000007779fcc38,0x0000000777c80000)
  to   space 43008K, 0% used [0x0000000772e80000,0x0000000772e80000,0x0000000775880000)
 ParOldGen       total 116224K, used 51635K [0x00000006c0000000, 0x00000006c7180000, 0x000000076ab00000)
  object space 116224K, 44% used [0x00000006c0000000,0x00000006c326cee0,0x00000006c7180000)
 Metaspace       used 32664K, capacity 34928K, committed 35072K, reserved 1079296K
  class space    used 4397K, capacity 4809K, committed 4864K, reserved 1048576K
Event: 9.284 GC heap after
Heap after GC invocations=8 (full 1):
 PSYoungGen      total 177664K, used 43001K [0x000000076ab00000, 0x0000000781380000, 0x00000007c0000000)
  eden space 134656K, 0% used [0x000000076ab00000,0x000000076ab00000,0x0000000772e80000)
  from space 43008K, 99% used [0x0000000772e80000,0x000000077587e5a8,0x0000000775880000)
  to   space 61440K, 0% used [0x000000077d780000,0x000000077d780000,0x0000000781380000)
 ParOldGen       total 116224K, used 73019K [0x00000006c0000000, 0x00000006c7180000, 0x000000076ab00000)
  object space 116224K, 62% used [0x00000006c0000000,0x00000006c474eee0,0x00000006c7180000)
 Metaspace       used 32664K, capacity 34928K, committed 35072K, reserved 1079296K
  class space    used 4397K, capacity 4809K, committed 4864K, reserved 1048576K
}
Event: 9.602 GC heap before
{Heap before GC invocations=9 (full 1):
 PSYoungGen      total 177664K, used 177657K [0x000000076ab00000, 0x0000000781380000, 0x00000007c0000000)
  eden space 134656K, 100% used [0x000000076ab00000,0x0000000772e80000,0x0000000772e80000)
  from space 43008K, 99% used [0x0000000772e80000,0x000000077587e5a8,0x0000000775880000)
  to   space 61440K, 0% used [0x000000077d780000,0x000000077d780000,0x0000000781380000)
 ParOldGen       total 116224K, used 73019K [0x00000006c0000000, 0x00000006c7180000, 0x000000076ab00000)
  object space 116224K, 62% used [0x00000006c0000000,0x00000006c474eee0,0x00000006c7180000)
 Metaspace       used 32664K, capacity 34928K, committed 35072K, reserved 1079296K
  class space    used 4397K, capacity 4809K, committed 4864K, reserved 1048576K
Event: 9.628 GC heap after
Heap after GC invocations=9 (full 1):
 PSYoungGen      total 292864K, used 61438K [0x000000076ab00000, 0x0000000783680000, 0x00000007c0000000)
  eden space 231424K, 0% used [0x000000076ab00000,0x000000076ab00000,0x0000000778d00000)
  from space 61440K, 99% used [0x000000077d780000,0x000000078137f8d8,0x0000000781380000)
  to   space 76288K, 0% used [0x0000000778d00000,0x0000000778d00000,0x000000077d780000)
 ParOldGen       total 116224K, used 82800K [0x00000006c0000000, 0x00000006c7180000, 0x000000076ab00000)
  object space 116224K, 71% used [0x00000006c0000000,0x00000006c50dc270,0x00000006c7180000)
 Metaspace       used 32664K, capacity 34928K, committed 35072K, reserved 1079296K
  class space    used 4397K, capacity 4809K, committed 4864K, reserved 1048576K
}
Event: 10.144 GC heap before
{Heap before GC invocations=10 (full 1):
 PSYoungGen      total 292864K, used 292862K [0x000000076ab00000, 0x0000000783680000, 0x00000007c0000000)
  eden space 231424K, 100% used [0x000000076ab00000,0x0000000778d00000,0x0000000778d00000)
  from space 61440K, 99% used [0x000000077d780000,0x000000078137f8d8,0x0000000781380000)
  to   space 76288K, 0% used [0x0000000778d00000,0x0000000778d00000,0x000000077d780000)
 ParOldGen       total 116224K, used 82800K [0x00000006c0000000, 0x00000006c7180000, 0x000000076ab00000)
  object space 116224K, 71% used [0x00000006c0000000,0x00000006c50dc270,0x00000006c7180000)
 Metaspace       used 32664K, capacity 34928K, committed 35072K, reserved 1079296K
  class space    used 4397K, capacity 4809K, committed 4864K, reserved 1048576K
Event: 10.181 GC heap after
Heap after GC invocations=10 (full 1):
 PSYoungGen      total 307712K, used 76275K [0x000000076ab00000, 0x000000078cb00000, 0x00000007c0000000)
  eden space 231424K, 0% used [0x000000076ab00000,0x000000076ab00000,0x0000000778d00000)
  from space 76288K, 99% used [0x0000000778d00000,0x000000077d77ce20,0x000000077d780000)
  to   space 100864K, 0% used [0x0000000786880000,0x0000000786880000,0x000000078cb00000)
 ParOldGen       total 116224K, used 111272K [0x00000006c0000000, 0x00000006c7180000, 0x000000076ab00000)
  object space 116224K, 95% used [0x00000006c0000000,0x00000006c6caa270,0x00000006c7180000)
 Metaspace       used 32664K, capacity 34928K, committed 35072K, reserved 1079296K
  class space    used 4397K, capacity 4809K, committed 4864K, reserved 1048576K
}
Event: 10.181 GC heap before
{Heap before GC invocations=11 (full 2):
 PSYoungGen      total 307712K, used 76275K [0x000000076ab00000, 0x000000078cb00000, 0x00000007c0000000)
  eden space 231424K, 0% used [0x000000076ab00000,0x000000076ab00000,0x0000000778d00000)
  from space 76288K, 99% used [0x0000000778d00000,0x000000077d77ce20,0x000000077d780000)
  to   space 100864K, 0% used [0x0000000786880000,0x0000000786880000,0x000000078cb00000)
 ParOldGen       total 116224K, used 111272K [0x00000006c0000000, 0x00000006c7180000, 0x000000076ab00000)
  object space 116224K, 95% used [0x00000006c0000000,0x00000006c6caa270,0x00000006c7180000)
 Metaspace       used 32664K, capacity 34928K, committed 35072K, reserved 1079296K
  class space    used 4397K, capacity 4809K, committed 4864K, reserved 1048576K
Event: 10.450 GC heap after
Heap after GC invocations=11 (full 2):
 PSYoungGen      total 307712K, used 67456K [0x000000076ab00000, 0x000000078cb00000, 0x00000007c0000000)
  eden space 231424K, 0% used [0x000000076ab00000,0x000000076ab00000,0x0000000778d00000)
  from space 76288K, 88% used [0x0000000778d00000,0x000000077cee0058,0x000000077d780000)
  to   space 100864K, 0% used [0x0000000786880000,0x0000000786880000,0x000000078cb00000)
 ParOldGen       total 287232K, used 115744K [0x00000006c0000000, 0x00000006d1880000, 0x000000076ab00000)
  object space 287232K, 40% used [0x00000006c0000000,0x00000006c7108118,0x00000006d1880000)
 Metaspace       used 32664K, capacity 34928K, committed 35072K, reserved 1079296K
  class space    used 4397K, capacity 4809K, committed 4864K, reserved 1048576K
}
Event: 11.103 GC heap before
{Heap before GC invocations=12 (full 2):
 PSYoungGen      total 307712K, used 298880K [0x000000076ab00000, 0x000000078cb00000, 0x00000007c0000000)
  eden space 231424K, 100% used [0x000000076ab00000,0x0000000778d00000,0x0000000778d00000)
  from space 76288K, 88% used [0x0000000778d00000,0x000000077cee0058,0x000000077d780000)
  to   space 100864K, 0% used [0x0000000786880000,0x0000000786880000,0x000000078cb00000)
 ParOldGen       total 287232K, used 115744K [0x00000006c0000000, 0x00000006d1880000, 0x000000076ab00000)
  object space 287232K, 40% used [0x00000006c0000000,0x00000006c7108118,0x00000006d1880000)
 Metaspace       used 32664K, capacity 34928K, committed 35072K, reserved 1079296K
  class space    used 4397K, capacity 4809K, committed 4864K, reserved 1048576K
Event: 11.148 GC heap after
Heap after GC invocations=12 (full 2):
 PSYoungGen      total 406016K, used 71509K [0x000000076ab00000, 0x000000078b800000, 0x00000007c0000000)
  eden space 324608K, 0% used [0x000000076ab00000,0x000000076ab00000,0x000000077e800000)
  from space 81408K, 87% used [0x0000000786880000,0x000000078ae55410,0x000000078b800000)
  to   space 106496K, 0% used [0x000000077e800000,0x000000077e800000,0x0000000785000000)
 ParOldGen       total 287232K, used 152104K [0x00000006c0000000, 0x00000006d1880000, 0x000000076ab00000)
  object space 287232K, 52% used [0x00000006c0000000,0x00000006c948a118,0x00000006d1880000)
 Metaspace       used 32664K, capacity 34928K, committed 35072K, reserved 1079296K
  class space    used 4397K, capacity 4809K, committed 4864K, reserved 1048576K
}
Event: 11.698 GC heap before
{Heap before GC invocations=13 (full 2):
 PSYoungGen      total 406016K, used 396117K [0x000000076ab00000, 0x000000078b800000, 0x00000007c0000000)
  eden space 324608K, 100% used [0x000000076ab00000,0x000000077e800000,0x000000077e800000)
  from space 81408K, 87% used [0x0000000786880000,0x000000078ae55410,0x000000078b800000)
  to   space 106496K, 0% used [0x000000077e800000,0x000000077e800000,0x0000000785000000)
 ParOldGen       total 287232K, used 152104K [0x00000006c0000000, 0x00000006d1880000, 0x000000076ab00000)
  object space 287232K, 52% used [0x00000006c0000000,0x00000006c948a118,0x00000006d1880000)
 Metaspace       used 32664K, capacity 34928K, committed 35072K, reserved 1079296K
  class space    used 4397K, capacity 4809K, committed 4864K, reserved 1048576K
Event: 11.743 GC heap after
Heap after GC invocations=13 (full 2):
 PSYoungGen      total 431104K, used 49996K [0x000000076ab00000, 0x0000000793580000, 0x00000007c0000000)
  eden space 324608K, 0% used [0x000000076ab00000,0x000000076ab00000,0x000000077e800000)
  from space 106496K, 46% used [0x000000077e800000,0x00000007818d3350,0x0000000785000000)
  to   space 102400K, 0% used [0x000000078d180000,0x000000078d180000,0x0000000793580000)
 ParOldGen       total 287232K, used 222784K [0x00000006c0000000, 0x00000006d1880000, 0x000000076ab00000)
  object space 287232K, 77% used [0x00000006c0000000,0x00000006cd9901d8,0x00000006d1880000)
 Metaspace       used 32664K, capacity 34928K, committed 35072K, reserved 1079296K
  class space    used 4397K, capacity 4809K, committed 4864K, reserved 1048576K
}
Event: 12.239 GC heap before
{Heap before GC invocations=14 (full 2):
 PSYoungGen      total 431104K, used 374604K [0x000000076ab00000, 0x0000000793580000, 0x00000007c0000000)
  eden space 324608K, 100% used [0x000000076ab00000,0x000000077e800000,0x000000077e800000)
  from space 106496K, 46% used [0x000000077e800000,0x00000007818d3350,0x0000000785000000)
  to   space 102400K, 0% used [0x000000078d180000,0x000000078d180000,0x0000000793580000)
 ParOldGen       total 287232K, used 222784K [0x00000006c0000000, 0x00000006d1880000, 0x000000076ab00000)
  object space 287232K, 77% used [0x00000006c0000000,0x00000006cd9901d8,0x00000006d1880000)
 Metaspace       used 32664K, capacity 34928K, committed 35072K, reserved 1079296K
  class space    used 4397K, capacity 4809K, committed 4864K, reserved 1048576K
Event: 12.283 GC heap after
Heap after GC invocations=14 (full 2):
 PSYoungGen      total 561664K, used 45451K [0x000000076ab00000, 0x0000000792f00000, 0x00000007c0000000)
  eden space 465920K, 0% used [0x000000076ab00000,0x000000076ab00000,0x0000000787200000)
  from space 95744K, 47% used [0x000000078d180000,0x000000078fde2ea0,0x0000000792f00000)
  to   space 96768K, 0% used [0x0000000787200000,0x0000000787200000,0x000000078d080000)
 ParOldGen       total 287232K, used 272876K [0x00000006c0000000, 0x00000006d1880000, 0x000000076ab00000)
  object space 287232K, 95% used [0x00000006c0000000,0x00000006d0a7b298,0x00000006d1880000)
 Metaspace       used 32664K, capacity 34928K, committed 35072K, reserved 1079296K
  class space    used 4397K, capacity 4809K, committed 4864K, reserved 1048576K
}
Event: 12.283 GC heap before
{Heap before GC invocations=15 (full 3):
 PSYoungGen      total 561664K, used 45451K [0x000000076ab00000, 0x0000000792f00000, 0x00000007c0000000)
  eden space 465920K, 0% used [0x000000076ab00000,0x000000076ab00000,0x0000000787200000)
  from space 95744K, 47% used [0x000000078d180000,0x000000078fde2ea0,0x0000000792f00000)
  to   space 96768K, 0% used [0x0000000787200000,0x0000000787200000,0x000000078d080000)
 ParOldGen       total 287232K, used 272876K [0x00000006c0000000, 0x00000006d1880000, 0x000000076ab00000)
  object space 287232K, 95% used [0x00000006c0000000,0x00000006d0a7b298,0x00000006d1880000)
 Metaspace       used 32664K, capacity 34928K, committed 35072K, reserved 1079296K
  class space    used 4397K, capacity 4809K, committed 4864K, reserved 1048576K
Event: 12.723 GC heap after
Heap after GC invocations=15 (full 3):
 PSYoungGen      total 561664K, used 27885K [0x000000076ab00000, 0x0000000792f00000, 0x00000007c0000000)
  eden space 465920K, 0% used [0x000000076ab00000,0x000000076ab00000,0x0000000787200000)
  from space 95744K, 29% used [0x000000078d180000,0x000000078ecbb760,0x0000000792f00000)
  to   space 96768K, 0% used [0x0000000787200000,0x0000000787200000,0x000000078d080000)
 ParOldGen       total 539136K, used 287076K [0x00000006c0000000, 0x00000006e0e80000, 0x000000076ab00000)
  object space 539136K, 53% used [0x00000006c0000000,0x00000006d1859190,0x00000006e0e80000)
 Metaspace       used 32664K, capacity 34928K, committed 35072K, reserved 1079296K
  class space    used 4397K, capacity 4809K, committed 4864K, reserved 1048576K
}
Event: 13.489 GC heap before
{Heap before GC invocations=16 (full 3):
 PSYoungGen      total 561664K, used 493805K [0x000000076ab00000, 0x0000000792f00000, 0x00000007c0000000)
  eden space 465920K, 100% used [0x000000076ab00000,0x0000000787200000,0x0000000787200000)
  from space 95744K, 29% used [0x000000078d180000,0x000000078ecbb760,0x0000000792f00000)
  to   space 96768K, 0% used [0x0000000787200000,0x0000000787200000,0x000000078d080000)
 ParOldGen       total 539136K, used 287076K [0x00000006c0000000, 0x00000006e0e80000, 0x000000076ab00000)
  object space 539136K, 53% used [0x00000006c0000000,0x00000006d1859190,0x00000006e0e80000)
 Metaspace       used 32664K, capacity 34928K, committed 35072K, reserved 1079296K
  class space    used 4397K, capacity 4809K, committed 4864K, reserved 1048576K
Event: 13.546 GC heap after
Heap after GC invocations=16 (full 3):
 PSYoungGen      total 562688K, used 60879K [0x000000076ab00000, 0x000000079a300000, 0x00000007c0000000)
  eden space 465920K, 0% used [0x000000076ab00000,0x000000076ab00000,0x0000000787200000)
  from space 96768K, 62% used [0x0000000787200000,0x000000078ad73e98,0x000000078d080000)
  to   space 97792K, 0% used [0x0000000794380000,0x0000000794380000,0x000000079a300000)
 ParOldGen       total 539136K, used 315132K [0x00000006c0000000, 0x00000006e0e80000, 0x000000076ab00000)
  object space 539136K, 58% used [0x00000006c0000000,0x00000006d33bf190,0x00000006e0e80000)
 Metaspace       used 32664K, capacity 34928K, committed 35072K, reserved 1079296K
  class space    used 4397K, capacity 4809K, committed 4864K, reserved 1048576K
}
Event: 14.151 GC heap before
{Heap before GC invocations=17 (full 3):
 PSYoungGen      total 562688K, used 526799K [0x000000076ab00000, 0x000000079a300000, 0x00000007c0000000)
  eden space 465920K, 100% used [0x000000076ab00000,0x0000000787200000,0x0000000787200000)
  from space 96768K, 62% used [0x0000000787200000,0x000000078ad73e98,0x000000078d080000)
  to   space 97792K, 0% used [0x0000000794380000,0x0000000794380000,0x000000079a300000)
 ParOldGen       total 539136K, used 315132K [0x00000006c0000000, 0x00000006e0e80000, 0x000000076ab00000)
  object space 539136K, 58% used [0x00000006c0000000,0x00000006d33bf190,0x00000006e0e80000)
 Metaspace       used 32664K, capacity 34928K, committed 35072K, reserved 1079296K
  class space    used 4397K, capacity 4809K, committed 4864K, reserved 1048576K
Event: 14.203 GC heap after
Heap after GC invocations=17 (full 3):
 PSYoungGen      total 659968K, used 97768K [0x000000076ab00000, 0x000000079d180000, 0x00000007c0000000)
  eden space 562176K, 0% used [0x000000076ab00000,0x000000076ab00000,0x000000078d000000)
  from space 97792K, 99% used [0x0000000794380000,0x000000079a2fa280,0x000000079a300000)
  to   space 118272K, 0% used [0x000000078d000000,0x000000078d000000,0x0000000794380000)
 ParOldGen       total 539136K, used 331940K [0x00000006c0000000, 0x00000006e0e80000, 0x000000076ab00000)
  object space 539136K, 61% used [0x00000006c0000000,0x00000006d4429190,0x00000006e0e80000)
 Metaspace       used 32664K, capacity 34928K, committed 35072K, reserved 1079296K
  class space    used 4397K, capacity 4809K, committed 4864K, reserved 1048576K
}

