# JRE version: OpenJDK Runtime Environment (8.0_282-b08) (build 1.8.0_282-b08)
# Java VM: OpenJDK 64-Bit Server VM (25.282-b08 mixed mode bsd-aarch64 compressed oops)
Heap:
 PSYoungGen      total 511488K, used 143364K [0x000000076ab00000, 0x0000000794d80000, 0x00000007c0000000)
  eden space 438272K, 16% used [0x000000076ab00000,0x000000076ef85690,0x0000000785700000)
  from space 73216K, 99% used [0x0000000785700000,0x0000000789e7bcd0,0x0000000789e80000)
  to   space 89088K, 0% used [0x000000078f680000,0x000000078f680000,0x0000000794d80000)
 ParOldGen       total 560128K, used 382044K [0x00000006c0000000, 0x00000006e2300000, 0x000000076ab00000)
  object space 560128K, 68% used [0x00000006c0000000,0x00000006d75172a8,0x00000006e2300000)
 Metaspace       used 32691K, capacity 34988K, committed 35072K, reserved 1079296K
  class space    used 4397K, capacity 4809K, committed 4864K, reserved 1048576K
GC Heap History (42 events):
Event: 1.094 GC heap before
{Heap before GC invocations=1 (full 0):
 PSYoungGen      total 76288K, used 65536K [0x000000076ab00000, 0x0000000770000000, 0x00000007c0000000)
  eden space 65536K, 100% used [0x000000076ab00000,0x000000076eb00000,0x000000076eb00000)
  from space 10752K, 0% used [0x000000076f580000,0x000000076f580000,0x0000000770000000)
  to   space 10752K, 0% used [0x000000076eb00000,0x000000076eb00000,0x000000076f580000)
 ParOldGen       total 175104K, used 0K [0x00000006c0000000, 0x00000006cab00000, 0x000000076ab00000)
  object space 175104K, 0% used [0x00000006c0000000,0x00000006c0000000,0x00000006cab00000)
 Metaspace       used 18813K, capacity 20042K, committed 20224K, reserved 1067008K
  class space    used 2762K, capacity 3027K, committed 3072K, reserved 1048576K
Event: 1.100 GC heap after
Heap after GC invocations=1 (full 0):
 PSYoungGen      total 76288K, used 9435K [0x000000076ab00000, 0x0000000770000000, 0x00000007c0000000)
  eden space 65536K, 0% used [0x000000076ab00000,0x000000076ab00000,0x000000076eb00000)
  from space 10752K, 87% used [0x000000076eb00000,0x000000076f436e48,0x000000076f580000)
  to   space 10752K, 0% used [0x000000076f580000,0x000000076f580000,0x0000000770000000)
 ParOldGen       total 175104K, used 24K [0x00000006c0000000, 0x00000006cab00000, 0x000000076ab00000)
  object space 175104K, 0% used [0x00000006c0000000,0x00000006c0006000,0x00000006cab00000)
 Metaspace       used 18813K, capacity 20042K, committed 20224K, reserved 1067008K
  class space    used 2762K, capacity 3027K, committed 3072K, reserved 1048576K
}
Event: 3.735 GC heap before
{Heap before GC invocations=2 (full 0):
 PSYoungGen      total 76288K, used 16933K [0x000000076ab00000, 0x0000000770000000, 0x00000007c0000000)
  eden space 65536K, 11% used [0x000000076ab00000,0x000000076b2526d0,0x000000076eb00000)
  from space 10752K, 87% used [0x000000076eb00000,0x000000076f436e48,0x000000076f580000)
  to   space 10752K, 0% used [0x000000076f580000,0x000000076f580000,0x0000000770000000)
 ParOldGen       total 175104K, used 24K [0x00000006c0000000, 0x00000006cab00000, 0x000000076ab00000)
  object space 175104K, 0% used [0x00000006c0000000,0x00000006c0006000,0x00000006cab00000)
 Metaspace       used 19889K, capacity 21158K, committed 21296K, reserved 1067008K
  class space    used 2842K, capacity 3107K, committed 3200K, reserved 1048576K
Event: 3.740 GC heap after
Heap after GC invocations=2 (full 0):
 PSYoungGen      total 76288K, used 9696K [0x000000076ab00000, 0x0000000770000000, 0x00000007c0000000)
  eden space 65536K, 0% used [0x000000076ab00000,0x000000076ab00000,0x000000076eb00000)
  from space 10752K, 90% used [0x000000076f580000,0x000000076fef83c8,0x0000000770000000)
  to   space 10752K, 0% used [0x000000076eb00000,0x000000076eb00000,0x000000076f580000)
 ParOldGen       total 175104K, used 2080K [0x00000006c0000000, 0x00000006cab00000, 0x000000076ab00000)
  object space 175104K, 1% used [0x00000006c0000000,0x00000006c0208010,0x00000006cab00000)
 Metaspace       used 19889K, capacity 21158K, committed 21296K, reserved 1067008K
  class space    used 2842K, capacity 3107K, committed 3200K, reserved 1048576K
}
Event: 3.740 GC heap before
{Heap before GC invocations=3 (full 1):
 PSYoungGen      total 76288K, used 9696K [0x000000076ab00000, 0x0000000770000000, 0x00000007c0000000)
  eden space 65536K, 0% used [0x000000076ab00000,0x000000076ab00000,0x000000076eb00000)
  from space 10752K, 90% used [0x000000076f580000,0x000000076fef83c8,0x0000000770000000)
  to   space 10752K, 0% used [0x000000076eb00000,0x000000076eb00000,0x000000076f580000)
 ParOldGen       total 175104K, used 2080K [0x00000006c0000000, 0x00000006cab00000, 0x000000076ab00000)
  object space 175104K, 1% used [0x00000006c0000000,0x00000006c0208010,0x00000006cab00000)
 Metaspace       used 19889K, capacity 21158K, committed 21296K, reserved 1067008K
  class space    used 2842K, capacity 3107K, committed 3200K, reserved 1048576K
Event: 3.764 GC heap after
Heap after GC invocations=3 (full 1):
 PSYoungGen      total 76288K, used 0K [0x000000076ab00000, 0x0000000770000000, 0x00000007c0000000)
  eden space 65536K, 0% used [0x000000076ab00000,0x000000076ab00000,0x000000076eb00000)
  from space 10752K, 0% used [0x000000076f580000,0x000000076f580000,0x0000000770000000)
  to   space 10752K, 0% used [0x000000076eb00000,0x000000076eb00000,0x000000076f580000)
 ParOldGen       total 77824K, used 9508K [0x00000006c0000000, 0x00000006c4c00000, 0x000000076ab00000)
  object space 77824K, 12% used [0x00000006c0000000,0x00000006c0949178,0x00000006c4c00000)
 Metaspace       used 19889K, capacity 21158K, committed 21296K, reserved 1067008K
  class space    used 2842K, capacity 3107K, committed 3200K, reserved 1048576K
}
Event: 5.183 GC heap before
{Heap before GC invocations=4 (full 1):
 PSYoungGen      total 76288K, used 65536K [0x000000076ab00000, 0x0000000770000000, 0x00000007c0000000)
  eden space 65536K, 100% used [0x000000076ab00000,0x000000076eb00000,0x000000076eb00000)
  from space 10752K, 0% used [0x000000076f580000,0x000000076f580000,0x0000000770000000)
  to   space 10752K, 0% used [0x000000076eb00000,0x000000076eb00000,0x000000076f580000)
 ParOldGen       total 77824K, used 9508K [0x00000006c0000000, 0x00000006c4c00000, 0x000000076ab00000)
  object space 77824K, 12% used [0x00000006c0000000,0x00000006c0949178,0x00000006c4c00000)
 Metaspace       used 29548K, capacity 31362K, committed 31616K, reserved 1077248K
  class space    used 4020K, capacity 4364K, committed 4480K, reserved 1048576K
Event: 5.189 GC heap after
Heap after GC invocations=4 (full 1):
 PSYoungGen      total 76288K, used 10734K [0x000000076ab00000, 0x0000000770000000, 0x00000007c0000000)
  eden space 65536K, 0% used [0x000000076ab00000,0x000000076ab00000,0x000000076eb00000)
  from space 10752K, 99% used [0x000000076eb00000,0x000000076f57b880,0x000000076f580000)
  to   space 10752K, 0% used [0x000000076f580000,0x000000076f580000,0x0000000770000000)
 ParOldGen       total 77824K, used 10744K [0x00000006c0000000, 0x00000006c4c00000, 0x000000076ab00000)
  object space 77824K, 13% used [0x00000006c0000000,0x00000006c0a7e0e0,0x00000006c4c00000)
 Metaspace       used 29548K, capacity 31362K, committed 31616K, reserved 1077248K
  class space    used 4020K, capacity 4364K, committed 4480K, reserved 1048576K
}
Event: 6.866 GC heap before
{Heap before GC invocations=5 (full 1):
 PSYoungGen      total 76288K, used 76270K [0x000000076ab00000, 0x0000000770000000, 0x00000007c0000000)
  eden space 65536K, 100% used [0x000000076ab00000,0x000000076eb00000,0x000000076eb00000)
  from space 10752K, 99% used [0x000000076eb00000,0x000000076f57b880,0x000000076f580000)
  to   space 10752K, 0% used [0x000000076f580000,0x000000076f580000,0x0000000770000000)
 ParOldGen       total 77824K, used 10744K [0x00000006c0000000, 0x00000006c4c00000, 0x000000076ab00000)
  object space 77824K, 13% used [0x00000006c0000000,0x00000006c0a7e0e0,0x00000006c4c00000)
 Metaspace       used 32029K, capacity 34188K, committed 34560K, reserved 1079296K
  class space    used 4360K, capacity 4743K, committed 4864K, reserved 1048576K
Event: 6.881 GC heap after
Heap after GC invocations=5 (full 1):
 PSYoungGen      total 76288K, used 10720K [0x000000076ab00000, 0x0000000771c80000, 0x00000007c0000000)
  eden space 65536K, 0% used [0x000000076ab00000,0x000000076ab00000,0x000000076eb00000)
  from space 10752K, 99% used [0x000000076f580000,0x000000076fff8330,0x0000000770000000)
  to   space 10752K, 0% used [0x000000076eb00000,0x000000076eb00000,0x000000076f580000)
 ParOldGen       total 77824K, used 27288K [0x00000006c0000000, 0x00000006c4c00000, 0x000000076ab00000)
  object space 77824K, 35% used [0x00000006c0000000,0x00000006c1aa6260,0x00000006c4c00000)
 Metaspace       used 32029K, capacity 34188K, committed 34560K, reserved 1079296K
  class space    used 4360K, capacity 4743K, committed 4864K, reserved 1048576K
}
Event: 9.719 GC heap before
{Heap before GC invocations=6 (full 1):
 PSYoungGen      total 76288K, used 76256K [0x000000076ab00000, 0x0000000771c80000, 0x00000007c0000000)
  eden space 65536K, 100% used [0x000000076ab00000,0x000000076eb00000,0x000000076eb00000)
  from space 10752K, 99% used [0x000000076f580000,0x000000076fff8330,0x0000000770000000)
  to   space 10752K, 0% used [0x000000076eb00000,0x000000076eb00000,0x000000076f580000)
 ParOldGen       total 77824K, used 27288K [0x00000006c0000000, 0x00000006c4c00000, 0x000000076ab00000)
  object space 77824K, 35% used [0x00000006c0000000,0x00000006c1aa6260,0x00000006c4c00000)
 Metaspace       used 32691K, capacity 34988K, committed 35072K, reserved 1079296K
  class space    used 4397K, capacity 4809K, committed 4864K, reserved 1048576K
Event: 9.732 GC heap after
Heap after GC invocations=6 (full 1):
 PSYoungGen      total 76288K, used 10729K [0x000000076ab00000, 0x0000000774500000, 0x00000007c0000000)
  eden space 65536K, 0% used [0x000000076ab00000,0x000000076ab00000,0x000000076eb00000)
  from space 10752K, 99% used [0x000000076eb00000,0x000000076f57a7d8,0x000000076f580000)
  to   space 31744K, 0% used [0x0000000772600000,0x0000000772600000,0x0000000774500000)
 ParOldGen       total 77824K, used 43264K [0x00000006c0000000, 0x00000006c4c00000, 0x000000076ab00000)
  object space 77824K, 55% used [0x00000006c0000000,0x00000006c2a40010,0x00000006c4c00000)
 Metaspace       used 32691K, capacity 34988K, committed 35072K, reserved 1079296K
  class space    used 4397K, capacity 4809K, committed 4864K, reserved 1048576K
}
Event: 9.951 GC heap before
{Heap before GC invocations=7 (full 1):
 PSYoungGen      total 76288K, used 76265K [0x000000076ab00000, 0x0000000774500000, 0x00000007c0000000)
  eden space 65536K, 100% used [0x000000076ab00000,0x000000076eb00000,0x000000076eb00000)
  from space 10752K, 99% used [0x000000076eb00000,0x000000076f57a7d8,0x000000076f580000)
  to   space 31744K, 0% used [0x0000000772600000,0x0000000772600000,0x0000000774500000)
 ParOldGen       total 77824K, used 43264K [0x00000006c0000000, 0x00000006c4c00000, 0x000000076ab00000)
  object space 77824K, 55% used [0x00000006c0000000,0x00000006c2a40010,0x00000006c4c00000)
 Metaspace       used 32691K, capacity 34988K, committed 35072K, reserved 1079296K
  class space    used 4397K, capacity 4809K, committed 4864K, reserved 1048576K
Event: 9.963 GC heap after
Heap after GC invocations=7 (full 1):
 PSYoungGen      total 121856K, used 28125K [0x000000076ab00000, 0x0000000775f80000, 0x00000007c0000000)
  eden space 90112K, 0% used [0x000000076ab00000,0x000000076ab00000,0x0000000770300000)
  from space 31744K, 88% used [0x0000000772600000,0x0000000774177748,0x0000000774500000)
  to   space 35840K, 0% used [0x0000000770300000,0x0000000770300000,0x0000000772600000)
 ParOldGen       total 77824K, used 43272K [0x00000006c0000000, 0x00000006c4c00000, 0x000000076ab00000)
  object space 77824K, 55% used [0x00000006c0000000,0x00000006c2a42010,0x00000006c4c00000)
 Metaspace       used 32691K, capacity 34988K, committed 35072K, reserved 1079296K
  class space    used 4397K, capacity 4809K, committed 4864K, reserved 1048576K
}
Event: 10.236 GC heap before
{Heap before GC invocations=8 (full 1):
 PSYoungGen      total 121856K, used 118237K [0x000000076ab00000, 0x0000000775f80000, 0x00000007c0000000)
  eden space 90112K, 100% used [0x000000076ab00000,0x0000000770300000,0x0000000770300000)
  from space 31744K, 88% used [0x0000000772600000,0x0000000774177748,0x0000000774500000)
  to   space 35840K, 0% used [0x0000000770300000,0x0000000770300000,0x0000000772600000)
 ParOldGen       total 77824K, used 43272K [0x00000006c0000000, 0x00000006c4c00000, 0x000000076ab00000)
  object space 77824K, 55% used [0x00000006c0000000,0x00000006c2a42010,0x00000006c4c00000)
 Metaspace       used 32691K, capacity 34988K, committed 35072K, reserved 1079296K
  class space    used 4397K, capacity 4809K, committed 4864K, reserved 1048576K
Event: 10.255 GC heap after
Heap after GC invocations=8 (full 1):
 PSYoungGen      total 125952K, used 35824K [0x000000076ab00000, 0x000000077aa80000, 0x00000007c0000000)
  eden space 90112K, 0% used [0x000000076ab00000,0x000000076ab00000,0x0000000770300000)
  from space 35840K, 99% used [0x0000000770300000,0x00000007725fc130,0x0000000772600000)
  to   space 48640K, 0% used [0x0000000777b00000,0x0000000777b00000,0x000000077aa80000)
 ParOldGen       total 77824K, used 56936K [0x00000006c0000000, 0x00000006c4c00000, 0x000000076ab00000)
  object space 77824K, 73% used [0x00000006c0000000,0x00000006c379a010,0x00000006c4c00000)
 Metaspace       used 32691K, capacity 34988K, committed 35072K, reserved 1079296K
  class space    used 4397K, capacity 4809K, committed 4864K, reserved 1048576K
}
Event: 10.255 GC heap before
{Heap before GC invocations=9 (full 2):
 PSYoungGen      total 125952K, used 35824K [0x000000076ab00000, 0x000000077aa80000, 0x00000007c0000000)
  eden space 90112K, 0% used [0x000000076ab00000,0x000000076ab00000,0x0000000770300000)
  from space 35840K, 99% used [0x0000000770300000,0x00000007725fc130,0x0000000772600000)
  to   space 48640K, 0% used [0x0000000777b00000,0x0000000777b00000,0x000000077aa80000)
 ParOldGen       total 77824K, used 56936K [0x00000006c0000000, 0x00000006c4c00000, 0x000000076ab00000)
  object space 77824K, 73% used [0x00000006c0000000,0x00000006c379a010,0x00000006c4c00000)
 Metaspace       used 32691K, capacity 34988K, committed 35072K, reserved 1079296K
  class space    used 4397K, capacity 4809K, committed 4864K, reserved 1048576K
Event: 10.390 GC heap after
Heap after GC invocations=9 (full 2):
 PSYoungGen      total 125952K, used 12252K [0x000000076ab00000, 0x000000077aa80000, 0x00000007c0000000)
  eden space 90112K, 0% used [0x000000076ab00000,0x000000076ab00000,0x0000000770300000)
  from space 35840K, 34% used [0x0000000770300000,0x0000000770ef70c8,0x0000000772600000)
  to   space 48640K, 0% used [0x0000000777b00000,0x0000000777b00000,0x000000077aa80000)
 ParOldGen       total 185856K, used 77446K [0x00000006c0000000, 0x00000006cb580000, 0x000000076ab00000)
  object space 185856K, 41% used [0x00000006c0000000,0x00000006c4ba1b10,0x00000006cb580000)
 Metaspace       used 32691K, capacity 34988K, committed 35072K, reserved 1079296K
  class space    used 4397K, capacity 4809K, committed 4864K, reserved 1048576K
}
Event: 10.679 GC heap before
{Heap before GC invocations=10 (full 2):
 PSYoungGen      total 125952K, used 102364K [0x000000076ab00000, 0x000000077aa80000, 0x00000007c0000000)
  eden space 90112K, 100% used [0x000000076ab00000,0x0000000770300000,0x0000000770300000)
  from space 35840K, 34% used [0x0000000770300000,0x0000000770ef70c8,0x0000000772600000)
  to   space 48640K, 0% used [0x0000000777b00000,0x0000000777b00000,0x000000077aa80000)
 ParOldGen       total 185856K, used 77446K [0x00000006c0000000, 0x00000006cb580000, 0x000000076ab00000)
  object space 185856K, 41% used [0x00000006c0000000,0x00000006c4ba1b10,0x00000006cb580000)
 Metaspace       used 32691K, capacity 34988K, committed 35072K, reserved 1079296K
  class space    used 4397K, capacity 4809K, committed 4864K, reserved 1048576K
Event: 10.695 GC heap after
Heap after GC invocations=10 (full 2):
 PSYoungGen      total 194560K, used 33450K [0x000000076ab00000, 0x000000077a300000, 0x00000007c0000000)
  eden space 153600K, 0% used [0x000000076ab00000,0x000000076ab00000,0x0000000774100000)
  from space 40960K, 81% used [0x0000000777b00000,0x0000000779baa8e8,0x000000077a300000)
  to   space 50176K, 0% used [0x0000000774100000,0x0000000774100000,0x0000000777200000)
 ParOldGen       total 185856K, used 77446K [0x00000006c0000000, 0x00000006cb580000, 0x000000076ab00000)
  object space 185856K, 41% used [0x00000006c0000000,0x00000006c4ba1b10,0x00000006cb580000)
 Metaspace       used 32691K, capacity 34988K, committed 35072K, reserved 1079296K
  class space    used 4397K, capacity 4809K, committed 4864K, reserved 1048576K
}
Event: 11.055 GC heap before
{Heap before GC invocations=11 (full 2):
 PSYoungGen      total 194560K, used 187050K [0x000000076ab00000, 0x000000077a300000, 0x00000007c0000000)
  eden space 153600K, 100% used [0x000000076ab00000,0x0000000774100000,0x0000000774100000)
  from space 40960K, 81% used [0x0000000777b00000,0x0000000779baa8e8,0x000000077a300000)
  to   space 50176K, 0% used [0x0000000774100000,0x0000000774100000,0x0000000777200000)
 ParOldGen       total 185856K, used 77446K [0x00000006c0000000, 0x00000006cb580000, 0x000000076ab00000)
  object space 185856K, 41% used [0x00000006c0000000,0x00000006c4ba1b10,0x00000006cb580000)
 Metaspace       used 32691K, capacity 34988K, committed 35072K, reserved 1079296K
  class space    used 4397K, capacity 4809K, committed 4864K, reserved 1048576K
Event: 11.079 GC heap after
Heap after GC invocations=11 (full 2):
 PSYoungGen      total 203776K, used 50174K [0x000000076ab00000, 0x0000000780180000, 0x00000007c0000000)
  eden space 153600K, 0% used [0x000000076ab00000,0x000000076ab00000,0x0000000774100000)
  from space 50176K, 99% used [0x0000000774100000,0x00000007771ffab8,0x0000000777200000)
  to   space 64000K, 0% used [0x000000077c300000,0x000000077c300000,0x0000000780180000)
 ParOldGen       total 185856K, used 93014K [0x00000006c0000000, 0x00000006cb580000, 0x000000076ab00000)
  object space 185856K, 50% used [0x00000006c0000000,0x00000006c5ad5b10,0x00000006cb580000)
 Metaspace       used 32691K, capacity 34988K, committed 35072K, reserved 1079296K
  class space    used 4397K, capacity 4809K, committed 4864K, reserved 1048576K
}
Event: 11.409 GC heap before
{Heap before GC invocations=12 (full 2):
 PSYoungGen      total 203776K, used 203774K [0x000000076ab00000, 0x0000000780180000, 0x00000007c0000000)
  eden space 153600K, 100% used [0x000000076ab00000,0x0000000774100000,0x0000000774100000)
  from space 50176K, 99% used [0x0000000774100000,0x00000007771ffab8,0x0000000777200000)
  to   space 64000K, 0% used [0x000000077c300000,0x000000077c300000,0x0000000780180000)
 ParOldGen       total 185856K, used 93014K [0x00000006c0000000, 0x00000006cb580000, 0x000000076ab00000)
  object space 185856K, 50% used [0x00000006c0000000,0x00000006c5ad5b10,0x00000006cb580000)
 Metaspace       used 32691K, capacity 34988K, committed 35072K, reserved 1079296K
  class space    used 4397K, capacity 4809K, committed 4864K, reserved 1048576K
Event: 11.437 GC heap after
Heap after GC invocations=12 (full 2):
 PSYoungGen      total 280576K, used 53968K [0x000000076ab00000, 0x0000000781100000, 0x00000007c0000000)
  eden space 216576K, 0% used [0x000000076ab00000,0x000000076ab00000,0x0000000777e80000)
  from space 64000K, 84% used [0x000000077c300000,0x000000077f7b4210,0x0000000780180000)
  to   space 70144K, 0% used [0x0000000777e80000,0x0000000777e80000,0x000000077c300000)
 ParOldGen       total 185856K, used 118670K [0x00000006c0000000, 0x00000006cb580000, 0x000000076ab00000)
  object space 185856K, 63% used [0x00000006c0000000,0x00000006c73e3b10,0x00000006cb580000)
 Metaspace       used 32691K, capacity 34988K, committed 35072K, reserved 1079296K
  class space    used 4397K, capacity 4809K, committed 4864K, reserved 1048576K
}
Event: 11.842 GC heap before
{Heap before GC invocations=13 (full 2):
 PSYoungGen      total 280576K, used 270544K [0x000000076ab00000, 0x0000000781100000, 0x00000007c0000000)
  eden space 216576K, 100% used [0x000000076ab00000,0x0000000777e80000,0x0000000777e80000)
  from space 64000K, 84% used [0x000000077c300000,0x000000077f7b4210,0x0000000780180000)
  to   space 70144K, 0% used [0x0000000777e80000,0x0000000777e80000,0x000000077c300000)
 ParOldGen       total 185856K, used 118670K [0x00000006c0000000, 0x00000006cb580000, 0x000000076ab00000)
  object space 185856K, 63% used [0x00000006c0000000,0x00000006c73e3b10,0x00000006cb580000)
 Metaspace       used 32691K, capacity 34988K, committed 35072K, reserved 1079296K
  class space    used 4397K, capacity 4809K, committed 4864K, reserved 1048576K
Event: 11.877 GC heap after
Heap after GC invocations=13 (full 2):
 PSYoungGen      total 286720K, used 39616K [0x000000076ab00000, 0x0000000786c80000, 0x00000007c0000000)
  eden space 216576K, 0% used [0x000000076ab00000,0x000000076ab00000,0x0000000777e80000)
  from space 70144K, 56% used [0x0000000777e80000,0x000000077a5301c8,0x000000077c300000)
  to   space 69120K, 0% used [0x0000000782900000,0x0000000782900000,0x0000000786c80000)
 ParOldGen       total 185856K, used 171135K [0x00000006c0000000, 0x00000006cb580000, 0x000000076ab00000)
  object space 185856K, 92% used [0x00000006c0000000,0x00000006ca71fe78,0x00000006cb580000)
 Metaspace       used 32691K, capacity 34988K, committed 35072K, reserved 1079296K
  class space    used 4397K, capacity 4809K, committed 4864K, reserved 1048576K
}
Event: 11.877 GC heap before
{Heap before GC invocations=14 (full 3):
 PSYoungGen      total 286720K, used 39616K [0x000000076ab00000, 0x0000000786c80000, 0x00000007c0000000)
  eden space 216576K, 0% used [0x000000076ab00000,0x000000076ab00000,0x0000000777e80000)
  from space 70144K, 56% used [0x0000000777e80000,0x000000077a5301c8,0x000000077c300000)
  to   space 69120K, 0% used [0x0000000782900000,0x0000000782900000,0x0000000786c80000)
 ParOldGen       total 185856K, used 171135K [0x00000006c0000000, 0x00000006cb580000, 0x000000076ab00000)
  object space 185856K, 92% used [0x00000006c0000000,0x00000006ca71fe78,0x00000006cb580000)
 Metaspace       used 32691K, capacity 34988K, committed 35072K, reserved 1079296K
  class space    used 4397K, capacity 4809K, committed 4864K, reserved 1048576K
Event: 12.204 GC heap after
Heap after GC invocations=14 (full 3):
 PSYoungGen      total 286720K, used 23033K [0x000000076ab00000, 0x0000000786c80000, 0x00000007c0000000)
  eden space 216576K, 0% used [0x000000076ab00000,0x000000076ab00000,0x0000000777e80000)
  from space 70144K, 32% used [0x0000000777e80000,0x00000007794fe4b8,0x000000077c300000)
  to   space 69120K, 0% used [0x0000000782900000,0x0000000782900000,0x0000000786c80000)
 ParOldGen       total 343552K, used 185784K [0x00000006c0000000, 0x00000006d4f80000, 0x000000076ab00000)
  object space 343552K, 54% used [0x00000006c0000000,0x00000006cb56e348,0x00000006d4f80000)
 Metaspace       used 32691K, capacity 34988K, committed 35072K, reserved 1079296K
  class space    used 4397K, capacity 4809K, committed 4864K, reserved 1048576K
}
Event: 12.654 GC heap before
{Heap before GC invocations=15 (full 3):
 PSYoungGen      total 286720K, used 239609K [0x000000076ab00000, 0x0000000786c80000, 0x00000007c0000000)
  eden space 216576K, 100% used [0x000000076ab00000,0x0000000777e80000,0x0000000777e80000)
  from space 70144K, 32% used [0x0000000777e80000,0x00000007794fe4b8,0x000000077c300000)
  to   space 69120K, 0% used [0x0000000782900000,0x0000000782900000,0x0000000786c80000)
 ParOldGen       total 343552K, used 185784K [0x00000006c0000000, 0x00000006d4f80000, 0x000000076ab00000)
  object space 343552K, 54% used [0x00000006c0000000,0x00000006cb56e348,0x00000006d4f80000)
 Metaspace       used 32691K, capacity 34988K, committed 35072K, reserved 1079296K
  class space    used 4397K, capacity 4809K, committed 4864K, reserved 1048576K
Event: 12.687 GC heap after
Heap after GC invocations=15 (full 3):
 PSYoungGen      total 308224K, used 34659K [0x000000076ab00000, 0x0000000784b00000, 0x00000007c0000000)
  eden space 273408K, 0% used [0x000000076ab00000,0x000000076ab00000,0x000000077b600000)
  from space 34816K, 99% used [0x0000000782900000,0x0000000784ad8c38,0x0000000784b00000)
  to   space 66560K, 0% used [0x000000077c900000,0x000000077c900000,0x0000000780a00000)
 ParOldGen       total 343552K, used 209016K [0x00000006c0000000, 0x00000006d4f80000, 0x000000076ab00000)
  object space 343552K, 60% used [0x00000006c0000000,0x00000006ccc1e348,0x00000006d4f80000)
 Metaspace       used 32691K, capacity 34988K, committed 35072K, reserved 1079296K
  class space    used 4397K, capacity 4809K, committed 4864K, reserved 1048576K
}
Event: 13.127 GC heap before
{Heap before GC invocations=16 (full 3):
 PSYoungGen      total 308224K, used 308067K [0x000000076ab00000, 0x0000000784b00000, 0x00000007c0000000)
  eden space 273408K, 100% used [0x000000076ab00000,0x000000077b600000,0x000000077b600000)
  from space 34816K, 99% used [0x0000000782900000,0x0000000784ad8c38,0x0000000784b00000)
  to   space 66560K, 0% used [0x000000077c900000,0x000000077c900000,0x0000000780a00000)
 ParOldGen       total 343552K, used 209016K [0x00000006c0000000, 0x00000006d4f80000, 0x000000076ab00000)
  object space 343552K, 60% used [0x00000006c0000000,0x00000006ccc1e348,0x00000006d4f80000)
 Metaspace       used 32691K, capacity 34988K, committed 35072K, reserved 1079296K
  class space    used 4397K, capacity 4809K, committed 4864K, reserved 1048576K
Event: 13.157 GC heap after
Heap after GC invocations=16 (full 3):
 PSYoungGen      total 359424K, used 66559K [0x000000076ab00000, 0x0000000789900000, 0x00000007c0000000)
  eden space 292864K, 0% used [0x000000076ab00000,0x000000076ab00000,0x000000077c900000)
  from space 66560K, 99% used [0x000000077c900000,0x00000007809ffcf0,0x0000000780a00000)
  to   space 79360K, 0% used [0x0000000784b80000,0x0000000784b80000,0x0000000789900000)
 ParOldGen       total 343552K, used 218472K [0x00000006c0000000, 0x00000006d4f80000, 0x000000076ab00000)
  object space 343552K, 63% used [0x00000006c0000000,0x00000006cd55a348,0x00000006d4f80000)
 Metaspace       used 32691K, capacity 34988K, committed 35072K, reserved 1079296K
  class space    used 4397K, capacity 4809K, committed 4864K, reserved 1048576K
}
Event: 13.590 GC heap before
{Heap before GC invocations=17 (full 3):
 PSYoungGen      total 359424K, used 359423K [0x000000076ab00000, 0x0000000789900000, 0x00000007c0000000)
  eden space 292864K, 100% used [0x000000076ab00000,0x000000077c900000,0x000000077c900000)
  from space 66560K, 99% used [0x000000077c900000,0x00000007809ffcf0,0x0000000780a00000)
  to   space 79360K, 0% used [0x0000000784b80000,0x0000000784b80000,0x0000000789900000)
 ParOldGen       total 343552K, used 218472K [0x00000006c0000000, 0x00000006d4f80000, 0x000000076ab00000)
  object space 343552K, 63% used [0x00000006c0000000,0x00000006cd55a348,0x00000006d4f80000)
 Metaspace       used 32691K, capacity 34988K, committed 35072K, reserved 1079296K
  class space    used 4397K, capacity 4809K, committed 4864K, reserved 1048576K
Event: 13.633 GC heap after
Heap after GC invocations=17 (full 3):
 PSYoungGen      total 430080K, used 39694K [0x000000076ab00000, 0x000000078b080000, 0x00000007c0000000)
  eden space 350720K, 0% used [0x000000076ab00000,0x000000076ab00000,0x0000000780180000)
  from space 79360K, 50% used [0x0000000784b80000,0x0000000787243b98,0x0000000789900000)
  to   space 75776K, 0% used [0x0000000780180000,0x0000000780180000,0x0000000784b80000)
 ParOldGen       total 343552K, used 284723K [0x00000006c0000000, 0x00000006d4f80000, 0x000000076ab00000)
  object space 343552K, 82% used [0x00000006c0000000,0x00000006d160cd60,0x00000006d4f80000)
 Metaspace       used 32691K, capacity 34988K, committed 35072K, reserved 1079296K
  class space    used 4397K, capacity 4809K, committed 4864K, reserved 1048576K
}
Event: 14.118 GC heap before
{Heap before GC invocations=18 (full 3):
 PSYoungGen      total 430080K, used 390414K [0x000000076ab00000, 0x000000078b080000, 0x00000007c0000000)
  eden space 350720K, 100% used [0x000000076ab00000,0x0000000780180000,0x0000000780180000)
  from space 79360K, 50% used [0x0000000784b80000,0x0000000787243b98,0x0000000789900000)
  to   space 75776K, 0% used [0x0000000780180000,0x0000000780180000,0x0000000784b80000)
 ParOldGen       total 343552K, used 284723K [0x00000006c0000000, 0x00000006d4f80000, 0x000000076ab00000)
  object space 343552K, 82% used [0x00000006c0000000,0x00000006d160cd60,0x00000006d4f80000)
 Metaspace       used 32691K, capacity 34988K, committed 35072K, reserved 1079296K
  class space    used 4397K, capacity 4809K, committed 4864K, reserved 1048576K
Event: 14.153 GC heap after
Heap after GC invocations=18 (full 3):
 PSYoungGen      total 426496K, used 44623K [0x000000076ab00000, 0x000000078f800000, 0x00000007c0000000)
  eden space 350720K, 0% used [0x000000076ab00000,0x000000076ab00000,0x0000000780180000)
  from space 75776K, 58% used [0x0000000780180000,0x0000000782d13e20,0x0000000784b80000)
  to   space 74752K, 0% used [0x000000078af00000,0x000000078af00000,0x000000078f800000)
 ParOldGen       total 343552K, used 324469K [0x00000006c0000000, 0x00000006d4f80000, 0x000000076ab00000)
  object space 343552K, 94% used [0x00000006c0000000,0x00000006d3cdd4f8,0x00000006d4f80000)
 Metaspace       used 32691K, capacity 34988K, committed 35072K, reserved 1079296K
  class space    used 4397K, capacity 4809K, committed 4864K, reserved 1048576K
}
Event: 14.153 GC heap before
{Heap before GC invocations=19 (full 4):
 PSYoungGen      total 426496K, used 44623K [0x000000076ab00000, 0x000000078f800000, 0x00000007c0000000)
  eden space 350720K, 0% used [0x000000076ab00000,0x000000076ab00000,0x0000000780180000)
  from space 75776K, 58% used [0x0000000780180000,0x0000000782d13e20,0x0000000784b80000)
  to   space 74752K, 0% used [0x000000078af00000,0x000000078af00000,0x000000078f800000)
 ParOldGen       total 343552K, used 324469K [0x00000006c0000000, 0x00000006d4f80000, 0x000000076ab00000)
  object space 343552K, 94% used [0x00000006c0000000,0x00000006d3cdd4f8,0x00000006d4f80000)
 Metaspace       used 32691K, capacity 34988K, committed 35072K, reserved 1079296K
  class space    used 4397K, capacity 4809K, committed 4864K, reserved 1048576K
Event: 14.473 GC heap after
Heap after GC invocations=19 (full 4):
 PSYoungGen      total 426496K, used 21436K [0x000000076ab00000, 0x000000078f800000, 0x00000007c0000000)
  eden space 350720K, 0% used [0x000000076ab00000,0x000000076ab00000,0x0000000780180000)
  from space 75776K, 28% used [0x0000000780180000,0x000000078166f1c8,0x0000000784b80000)
  to   space 74752K, 0% used [0x000000078af00000,0x000000078af00000,0x000000078f800000)
 ParOldGen       total 560128K, used 343260K [0x00000006c0000000, 0x00000006e2300000, 0x000000076ab00000)
  object space 560128K, 61% used [0x00000006c0000000,0x00000006d4f372a8,0x00000006e2300000)
 Metaspace       used 32691K, capacity 34988K, committed 35072K, reserved 1079296K
  class space    used 4397K, capacity 4809K, committed 4864K, reserved 1048576K
}
Event: 14.998 GC heap before
{Heap before GC invocations=20 (full 4):
 PSYoungGen      total 426496K, used 372156K [0x000000076ab00000, 0x000000078f800000, 0x00000007c0000000)
  eden space 350720K, 100% used [0x000000076ab00000,0x0000000780180000,0x0000000780180000)
  from space 75776K, 28% used [0x0000000780180000,0x000000078166f1c8,0x0000000784b80000)
  to   space 74752K, 0% used [0x000000078af00000,0x000000078af00000,0x000000078f800000)
 ParOldGen       total 560128K, used 343260K [0x00000006c0000000, 0x00000006e2300000, 0x000000076ab00000)
  object space 560128K, 61% used [0x00000006c0000000,0x00000006d4f372a8,0x00000006e2300000)
 Metaspace       used 32691K, capacity 34988K, committed 35072K, reserved 1079296K
  class space    used 4397K, capacity 4809K, committed 4864K, reserved 1048576K
Event: 15.042 GC heap after
Heap after GC invocations=20 (full 4):
 PSYoungGen      total 494592K, used 43076K [0x000000076ab00000, 0x000000078e600000, 0x00000007c0000000)
  eden space 438272K, 0% used [0x000000076ab00000,0x000000076ab00000,0x0000000785700000)
  from space 56320K, 76% used [0x000000078af00000,0x000000078d9113f8,0x000000078e600000)
  to   space 73216K, 0% used [0x0000000785700000,0x0000000785700000,0x0000000789e80000)
 ParOldGen       total 560128K, used 364876K [0x00000006c0000000, 0x00000006e2300000, 0x000000076ab00000)
  object space 560128K, 65% used [0x00000006c0000000,0x00000006d64532a8,0x00000006e2300000)
 Metaspace       used 32691K, capacity 34988K, committed 35072K, reserved 1079296K
  class space    used 4397K, capacity 4809K, committed 4864K, reserved 1048576K
}
Event: 15.570 GC heap before
{Heap before GC invocations=21 (full 4):
 PSYoungGen      total 494592K, used 481348K [0x000000076ab00000, 0x000000078e600000, 0x00000007c0000000)
  eden space 438272K, 100% used [0x000000076ab00000,0x0000000785700000,0x0000000785700000)
  from space 56320K, 76% used [0x000000078af00000,0x000000078d9113f8,0x000000078e600000)
  to   space 73216K, 0% used [0x0000000785700000,0x0000000785700000,0x0000000789e80000)
 ParOldGen       total 560128K, used 364876K [0x00000006c0000000, 0x00000006e2300000, 0x000000076ab00000)
  object space 560128K, 65% used [0x00000006c0000000,0x00000006d64532a8,0x00000006e2300000)
 Metaspace       used 32691K, capacity 34988K, committed 35072K, reserved 1079296K
  class space    used 4397K, capacity 4809K, committed 4864K, reserved 1048576K
Event: 15.609 GC heap after
Heap after GC invocations=21 (full 4):
 PSYoungGen      total 511488K, used 73199K [0x000000076ab00000, 0x0000000794d80000, 0x00000007c0000000)
  eden space 438272K, 0% used [0x000000076ab00000,0x000000076ab00000,0x0000000785700000)
  from space 73216K, 99% used [0x0000000785700000,0x0000000789e7bcd0,0x0000000789e80000)
  to   space 89088K, 0% used [0x000000078f680000,0x000000078f680000,0x0000000794d80000)
 ParOldGen       total 560128K, used 382044K [0x00000006c0000000, 0x00000006e2300000, 0x000000076ab00000)
  object space 560128K, 68% used [0x00000006c0000000,0x00000006d75172a8,0x00000006e2300000)
 Metaspace       used 32691K, capacity 34988K, committed 35072K, reserved 1079296K
  class space    used 4397K, capacity 4809K, committed 4864K, reserved 1048576K
}

