# JRE version: OpenJDK Runtime Environment (8.0_282-b08) (build 1.8.0_282-b08)
# Java VM: OpenJDK 64-Bit Server VM (25.282-b08 mixed mode bsd-aarch64 compressed oops)
Heap:
 PSYoungGen      total 68608K, used 40063K [0x000000076ab00000, 0x0000000773080000, 0x00000007c0000000)
  eden space 49664K, 43% used [0x000000076ab00000,0x000000076c007720,0x000000076db80000)
  from space 18944K, 97% used [0x000000076dc80000,0x000000076ee98770,0x000000076ef00000)
  to   space 43520K, 0% used [0x0000000770600000,0x0000000770600000,0x0000000773080000)
 ParOldGen       total 122880K, used 43025K [0x00000006c0000000, 0x00000006c7800000, 0x000000076ab00000)
  object space 122880K, 35% used [0x00000006c0000000,0x00000006c2a04498,0x00000006c7800000)
 Metaspace       used 33634K, capacity 36002K, committed 36208K, reserved 1081344K
  class space    used 4449K, capacity 4874K, committed 4992K, reserved 1048576K
GC Heap History (30 events):
Event: 1.113 GC heap before
{Heap before GC invocations=1 (full 0):
 PSYoungGen      total 76288K, used 65536K [0x000000076ab00000, 0x0000000770000000, 0x00000007c0000000)
  eden space 65536K, 100% used [0x000000076ab00000,0x000000076eb00000,0x000000076eb00000)
  from space 10752K, 0% used [0x000000076f580000,0x000000076f580000,0x0000000770000000)
  to   space 10752K, 0% used [0x000000076eb00000,0x000000076eb00000,0x000000076f580000)
 ParOldGen       total 175104K, used 0K [0x00000006c0000000, 0x00000006cab00000, 0x000000076ab00000)
  object space 175104K, 0% used [0x00000006c0000000,0x00000006c0000000,0x00000006cab00000)
 Metaspace       used 18850K, capacity 20090K, committed 20224K, reserved 1067008K
  class space    used 2772K, capacity 3063K, committed 3072K, reserved 1048576K
Event: 1.118 GC heap after
Heap after GC invocations=1 (full 0):
 PSYoungGen      total 76288K, used 10731K [0x000000076ab00000, 0x0000000770000000, 0x00000007c0000000)
  eden space 65536K, 0% used [0x000000076ab00000,0x000000076ab00000,0x000000076eb00000)
  from space 10752K, 99% used [0x000000076eb00000,0x000000076f57ae68,0x000000076f580000)
  to   space 10752K, 0% used [0x000000076f580000,0x000000076f580000,0x0000000770000000)
 ParOldGen       total 175104K, used 697K [0x00000006c0000000, 0x00000006cab00000, 0x000000076ab00000)
  object space 175104K, 0% used [0x00000006c0000000,0x00000006c00ae4b8,0x00000006cab00000)
 Metaspace       used 18850K, capacity 20090K, committed 20224K, reserved 1067008K
  class space    used 2772K, capacity 3063K, committed 3072K, reserved 1048576K
}
Event: 4.716 GC heap before
{Heap before GC invocations=2 (full 0):
 PSYoungGen      total 76288K, used 17687K [0x000000076ab00000, 0x0000000770000000, 0x00000007c0000000)
  eden space 65536K, 10% used [0x000000076ab00000,0x000000076b1cb088,0x000000076eb00000)
  from space 10752K, 99% used [0x000000076eb00000,0x000000076f57ae68,0x000000076f580000)
  to   space 10752K, 0% used [0x000000076f580000,0x000000076f580000,0x0000000770000000)
 ParOldGen       total 175104K, used 697K [0x00000006c0000000, 0x00000006cab00000, 0x000000076ab00000)
  object space 175104K, 0% used [0x00000006c0000000,0x00000006c00ae4b8,0x00000006cab00000)
 Metaspace       used 19954K, capacity 21166K, committed 21296K, reserved 1067008K
  class space    used 2845K, capacity 3109K, committed 3200K, reserved 1048576K
Event: 4.720 GC heap after
Heap after GC invocations=2 (full 0):
 PSYoungGen      total 76288K, used 10747K [0x000000076ab00000, 0x0000000770000000, 0x00000007c0000000)
  eden space 65536K, 0% used [0x000000076ab00000,0x000000076ab00000,0x000000076eb00000)
  from space 10752K, 99% used [0x000000076f580000,0x000000076fffee58,0x0000000770000000)
  to   space 10752K, 0% used [0x000000076eb00000,0x000000076eb00000,0x000000076f580000)
 ParOldGen       total 175104K, used 1175K [0x00000006c0000000, 0x00000006cab00000, 0x000000076ab00000)
  object space 175104K, 0% used [0x00000006c0000000,0x00000006c0125f58,0x00000006cab00000)
 Metaspace       used 19954K, capacity 21166K, committed 21296K, reserved 1067008K
  class space    used 2845K, capacity 3109K, committed 3200K, reserved 1048576K
}
Event: 4.720 GC heap before
{Heap before GC invocations=3 (full 1):
 PSYoungGen      total 76288K, used 10747K [0x000000076ab00000, 0x0000000770000000, 0x00000007c0000000)
  eden space 65536K, 0% used [0x000000076ab00000,0x000000076ab00000,0x000000076eb00000)
  from space 10752K, 99% used [0x000000076f580000,0x000000076fffee58,0x0000000770000000)
  to   space 10752K, 0% used [0x000000076eb00000,0x000000076eb00000,0x000000076f580000)
 ParOldGen       total 175104K, used 1175K [0x00000006c0000000, 0x00000006cab00000, 0x000000076ab00000)
  object space 175104K, 0% used [0x00000006c0000000,0x00000006c0125f58,0x00000006cab00000)
 Metaspace       used 19954K, capacity 21166K, committed 21296K, reserved 1067008K
  class space    used 2845K, capacity 3109K, committed 3200K, reserved 1048576K
Event: 4.734 GC heap after
Heap after GC invocations=3 (full 1):
 PSYoungGen      total 76288K, used 0K [0x000000076ab00000, 0x0000000770000000, 0x00000007c0000000)
  eden space 65536K, 0% used [0x000000076ab00000,0x000000076ab00000,0x000000076eb00000)
  from space 10752K, 0% used [0x000000076f580000,0x000000076f580000,0x0000000770000000)
  to   space 10752K, 0% used [0x000000076eb00000,0x000000076eb00000,0x000000076f580000)
 ParOldGen       total 76288K, used 9507K [0x00000006c0000000, 0x00000006c4a80000, 0x000000076ab00000)
  object space 76288K, 12% used [0x00000006c0000000,0x00000006c0948dd8,0x00000006c4a80000)
 Metaspace       used 19954K, capacity 21166K, committed 21296K, reserved 1067008K
  class space    used 2845K, capacity 3109K, committed 3200K, reserved 1048576K
}
Event: 6.339 GC heap before
{Heap before GC invocations=4 (full 1):
 PSYoungGen      total 76288K, used 65536K [0x000000076ab00000, 0x0000000770000000, 0x00000007c0000000)
  eden space 65536K, 100% used [0x000000076ab00000,0x000000076eb00000,0x000000076eb00000)
  from space 10752K, 0% used [0x000000076f580000,0x000000076f580000,0x0000000770000000)
  to   space 10752K, 0% used [0x000000076eb00000,0x000000076eb00000,0x000000076f580000)
 ParOldGen       total 76288K, used 9507K [0x00000006c0000000, 0x00000006c4a80000, 0x000000076ab00000)
  object space 76288K, 12% used [0x00000006c0000000,0x00000006c0948dd8,0x00000006c4a80000)
 Metaspace       used 29532K, capacity 31442K, committed 31616K, reserved 1077248K
  class space    used 4025K, capacity 4378K, committed 4480K, reserved 1048576K
Event: 6.345 GC heap after
Heap after GC invocations=4 (full 1):
 PSYoungGen      total 76288K, used 10734K [0x000000076ab00000, 0x0000000770000000, 0x00000007c0000000)
  eden space 65536K, 0% used [0x000000076ab00000,0x000000076ab00000,0x000000076eb00000)
  from space 10752K, 99% used [0x000000076eb00000,0x000000076f57b880,0x000000076f580000)
  to   space 10752K, 0% used [0x000000076f580000,0x000000076f580000,0x0000000770000000)
 ParOldGen       total 76288K, used 11196K [0x00000006c0000000, 0x00000006c4a80000, 0x000000076ab00000)
  object space 76288K, 14% used [0x00000006c0000000,0x00000006c0aef340,0x00000006c4a80000)
 Metaspace       used 29532K, capacity 31442K, committed 31616K, reserved 1077248K
  class space    used 4025K, capacity 4378K, committed 4480K, reserved 1048576K
}
Event: 9.050 GC heap before
{Heap before GC invocations=5 (full 1):
 PSYoungGen      total 76288K, used 76270K [0x000000076ab00000, 0x0000000770000000, 0x00000007c0000000)
  eden space 65536K, 100% used [0x000000076ab00000,0x000000076eb00000,0x000000076eb00000)
  from space 10752K, 99% used [0x000000076eb00000,0x000000076f57b880,0x000000076f580000)
  to   space 10752K, 0% used [0x000000076f580000,0x000000076f580000,0x0000000770000000)
 ParOldGen       total 76288K, used 11196K [0x00000006c0000000, 0x00000006c4a80000, 0x000000076ab00000)
  object space 76288K, 14% used [0x00000006c0000000,0x00000006c0aef340,0x00000006c4a80000)
 Metaspace       used 32071K, capacity 34304K, committed 34560K, reserved 1079296K
  class space    used 4369K, capacity 4761K, committed 4864K, reserved 1048576K
Event: 9.063 GC heap after
Heap after GC invocations=5 (full 1):
 PSYoungGen      total 76288K, used 10750K [0x000000076ab00000, 0x0000000770000000, 0x00000007c0000000)
  eden space 65536K, 0% used [0x000000076ab00000,0x000000076ab00000,0x000000076eb00000)
  from space 10752K, 99% used [0x000000076f580000,0x000000076ffffa80,0x0000000770000000)
  to   space 10752K, 0% used [0x000000076eb00000,0x000000076eb00000,0x000000076f580000)
 ParOldGen       total 76288K, used 29158K [0x00000006c0000000, 0x00000006c4a80000, 0x000000076ab00000)
  object space 76288K, 38% used [0x00000006c0000000,0x00000006c1c79a78,0x00000006c4a80000)
 Metaspace       used 32071K, capacity 34304K, committed 34560K, reserved 1079296K
  class space    used 4369K, capacity 4761K, committed 4864K, reserved 1048576K
}
Event: 27.680 GC heap before
{Heap before GC invocations=6 (full 1):
 PSYoungGen      total 76288K, used 76286K [0x000000076ab00000, 0x0000000770000000, 0x00000007c0000000)
  eden space 65536K, 100% used [0x000000076ab00000,0x000000076eb00000,0x000000076eb00000)
  from space 10752K, 99% used [0x000000076f580000,0x000000076ffffa80,0x0000000770000000)
  to   space 10752K, 0% used [0x000000076eb00000,0x000000076eb00000,0x000000076f580000)
 ParOldGen       total 76288K, used 29158K [0x00000006c0000000, 0x00000006c4a80000, 0x000000076ab00000)
  object space 76288K, 38% used [0x00000006c0000000,0x00000006c1c79a78,0x00000006c4a80000)
 Metaspace       used 32595K, capacity 34880K, committed 35072K, reserved 1079296K
  class space    used 4385K, capacity 4771K, committed 4864K, reserved 1048576K
Event: 27.690 GC heap after
Heap after GC invocations=6 (full 1):
 PSYoungGen      total 74752K, used 10742K [0x000000076ab00000, 0x0000000771f80000, 0x00000007c0000000)
  eden space 64000K, 0% used [0x000000076ab00000,0x000000076ab00000,0x000000076e980000)
  from space 10752K, 99% used [0x000000076eb00000,0x000000076f57d8b0,0x000000076f580000)
  to   space 27648K, 0% used [0x0000000770480000,0x0000000770480000,0x0000000771f80000)
 ParOldGen       total 76288K, used 39425K [0x00000006c0000000, 0x00000006c4a80000, 0x000000076ab00000)
  object space 76288K, 51% used [0x00000006c0000000,0x00000006c26805d8,0x00000006c4a80000)
 Metaspace       used 32595K, capacity 34880K, committed 35072K, reserved 1079296K
  class space    used 4385K, capacity 4771K, committed 4864K, reserved 1048576K
}
Event: 42.760 GC heap before
{Heap before GC invocations=7 (full 1):
 PSYoungGen      total 74752K, used 74742K [0x000000076ab00000, 0x0000000771f80000, 0x00000007c0000000)
  eden space 64000K, 100% used [0x000000076ab00000,0x000000076e980000,0x000000076e980000)
  from space 10752K, 99% used [0x000000076eb00000,0x000000076f57d8b0,0x000000076f580000)
  to   space 27648K, 0% used [0x0000000770480000,0x0000000770480000,0x0000000771f80000)
 ParOldGen       total 76288K, used 39425K [0x00000006c0000000, 0x00000006c4a80000, 0x000000076ab00000)
  object space 76288K, 51% used [0x00000006c0000000,0x00000006c26805d8,0x00000006c4a80000)
 Metaspace       used 32813K, capacity 35022K, committed 35328K, reserved 1079296K
  class space    used 4387K, capacity 4772K, committed 4864K, reserved 1048576K
Event: 42.769 GC heap after
Heap after GC invocations=7 (full 1):
 PSYoungGen      total 90112K, used 21334K [0x000000076ab00000, 0x0000000772000000, 0x00000007c0000000)
  eden space 62464K, 0% used [0x000000076ab00000,0x000000076ab00000,0x000000076e800000)
  from space 27648K, 77% used [0x0000000770480000,0x00000007719558b0,0x0000000771f80000)
  to   space 28672K, 0% used [0x000000076e800000,0x000000076e800000,0x0000000770400000)
 ParOldGen       total 76288K, used 39433K [0x00000006c0000000, 0x00000006c4a80000, 0x000000076ab00000)
  object space 76288K, 51% used [0x00000006c0000000,0x00000006c26825d8,0x00000006c4a80000)
 Metaspace       used 32813K, capacity 35022K, committed 35328K, reserved 1079296K
  class space    used 4387K, capacity 4772K, committed 4864K, reserved 1048576K
}
Event: 88.253 GC heap before
{Heap before GC invocations=8 (full 1):
 PSYoungGen      total 90112K, used 83798K [0x000000076ab00000, 0x0000000772000000, 0x00000007c0000000)
  eden space 62464K, 100% used [0x000000076ab00000,0x000000076e800000,0x000000076e800000)
  from space 27648K, 77% used [0x0000000770480000,0x00000007719558b0,0x0000000771f80000)
  to   space 28672K, 0% used [0x000000076e800000,0x000000076e800000,0x0000000770400000)
 ParOldGen       total 76288K, used 39433K [0x00000006c0000000, 0x00000006c4a80000, 0x000000076ab00000)
  object space 76288K, 51% used [0x00000006c0000000,0x00000006c26825d8,0x00000006c4a80000)
 Metaspace       used 33012K, capacity 35250K, committed 35328K, reserved 1079296K
  class space    used 4388K, capacity 4804K, committed 4864K, reserved 1048576K
Event: 88.261 GC heap after
Heap after GC invocations=8 (full 1):
 PSYoungGen      total 83968K, used 22102K [0x000000076ab00000, 0x0000000772000000, 0x00000007c0000000)
  eden space 61440K, 0% used [0x000000076ab00000,0x000000076ab00000,0x000000076e700000)
  from space 22528K, 98% used [0x000000076e800000,0x000000076fd958b0,0x000000076fe00000)
  to   space 29184K, 0% used [0x0000000770380000,0x0000000770380000,0x0000000772000000)
 ParOldGen       total 76288K, used 39441K [0x00000006c0000000, 0x00000006c4a80000, 0x000000076ab00000)
  object space 76288K, 51% used [0x00000006c0000000,0x00000006c26845d8,0x00000006c4a80000)
 Metaspace       used 33012K, capacity 35250K, committed 35328K, reserved 1079296K
  class space    used 4388K, capacity 4804K, committed 4864K, reserved 1048576K
}
Event: 178.692 GC heap before
{Heap before GC invocations=9 (full 1):
 PSYoungGen      total 83968K, used 36997K [0x000000076ab00000, 0x0000000772000000, 0x00000007c0000000)
  eden space 61440K, 24% used [0x000000076ab00000,0x000000076b98bec8,0x000000076e700000)
  from space 22528K, 98% used [0x000000076e800000,0x000000076fd958b0,0x000000076fe00000)
  to   space 29184K, 0% used [0x0000000770380000,0x0000000770380000,0x0000000772000000)
 ParOldGen       total 76288K, used 39441K [0x00000006c0000000, 0x00000006c4a80000, 0x000000076ab00000)
  object space 76288K, 51% used [0x00000006c0000000,0x00000006c26845d8,0x00000006c4a80000)
 Metaspace       used 33174K, capacity 35508K, committed 35584K, reserved 1079296K
  class space    used 4431K, capacity 4863K, committed 4864K, reserved 1048576K
Event: 178.704 GC heap after
Heap after GC invocations=9 (full 1):
 PSYoungGen      total 89600K, used 22166K [0x000000076ab00000, 0x0000000772000000, 0x00000007c0000000)
  eden space 60416K, 0% used [0x000000076ab00000,0x000000076ab00000,0x000000076e600000)
  from space 29184K, 75% used [0x0000000770380000,0x00000007719258b0,0x0000000772000000)
  to   space 29696K, 0% used [0x000000076e600000,0x000000076e600000,0x0000000770300000)
 ParOldGen       total 76288K, used 39441K [0x00000006c0000000, 0x00000006c4a80000, 0x000000076ab00000)
  object space 76288K, 51% used [0x00000006c0000000,0x00000006c26845d8,0x00000006c4a80000)
 Metaspace       used 33174K, capacity 35508K, committed 35584K, reserved 1079296K
  class space    used 4431K, capacity 4863K, committed 4864K, reserved 1048576K
}
Event: 193.191 GC heap before
{Heap before GC invocations=10 (full 1):
 PSYoungGen      total 89600K, used 82582K [0x000000076ab00000, 0x0000000772000000, 0x00000007c0000000)
  eden space 60416K, 100% used [0x000000076ab00000,0x000000076e600000,0x000000076e600000)
  from space 29184K, 75% used [0x0000000770380000,0x00000007719258b0,0x0000000772000000)
  to   space 29696K, 0% used [0x000000076e600000,0x000000076e600000,0x0000000770300000)
 ParOldGen       total 76288K, used 39441K [0x00000006c0000000, 0x00000006c4a80000, 0x000000076ab00000)
  object space 76288K, 51% used [0x00000006c0000000,0x00000006c26845d8,0x00000006c4a80000)
 Metaspace       used 33339K, capacity 35582K, committed 35584K, reserved 1079296K
  class space    used 4438K, capacity 4864K, committed 4864K, reserved 1048576K
Event: 193.204 GC heap after
Heap after GC invocations=10 (full 1):
 PSYoungGen      total 89088K, used 29688K [0x000000076ab00000, 0x0000000772a00000, 0x00000007c0000000)
  eden space 59392K, 0% used [0x000000076ab00000,0x000000076ab00000,0x000000076e500000)
  from space 29696K, 99% used [0x000000076e600000,0x00000007702fe020,0x0000000770300000)
  to   space 35328K, 0% used [0x0000000770780000,0x0000000770780000,0x0000000772a00000)
 ParOldGen       total 76288K, used 45841K [0x00000006c0000000, 0x00000006c4a80000, 0x000000076ab00000)
  object space 76288K, 60% used [0x00000006c0000000,0x00000006c2cc45d8,0x00000006c4a80000)
 Metaspace       used 33339K, capacity 35582K, committed 35584K, reserved 1079296K
  class space    used 4438K, capacity 4864K, committed 4864K, reserved 1048576K
}
Event: 201.924 GC heap before
{Heap before GC invocations=11 (full 1):
 PSYoungGen      total 89088K, used 89080K [0x000000076ab00000, 0x0000000772a00000, 0x00000007c0000000)
  eden space 59392K, 100% used [0x000000076ab00000,0x000000076e500000,0x000000076e500000)
  from space 29696K, 99% used [0x000000076e600000,0x00000007702fe020,0x0000000770300000)
  to   space 35328K, 0% used [0x0000000770780000,0x0000000770780000,0x0000000772a00000)
 ParOldGen       total 76288K, used 45841K [0x00000006c0000000, 0x00000006c4a80000, 0x000000076ab00000)
  object space 76288K, 60% used [0x00000006c0000000,0x00000006c2cc45d8,0x00000006c4a80000)
 Metaspace       used 33423K, capacity 35714K, committed 35824K, reserved 1081344K
  class space    used 4439K, capacity 4864K, committed 4864K, reserved 1048576K
Event: 201.942 GC heap after
Heap after GC invocations=11 (full 1):
 PSYoungGen      total 88064K, used 35326K [0x000000076ab00000, 0x0000000773600000, 0x00000007c0000000)
  eden space 52736K, 0% used [0x000000076ab00000,0x000000076ab00000,0x000000076de80000)
  from space 35328K, 99% used [0x0000000770780000,0x00000007729ff8b0,0x0000000772a00000)
  to   space 41984K, 0% used [0x000000076de80000,0x000000076de80000,0x0000000770780000)
 ParOldGen       total 76288K, used 51945K [0x00000006c0000000, 0x00000006c4a80000, 0x000000076ab00000)
  object space 76288K, 68% used [0x00000006c0000000,0x00000006c32ba5e8,0x00000006c4a80000)
 Metaspace       used 33423K, capacity 35714K, committed 35824K, reserved 1081344K
  class space    used 4439K, capacity 4864K, committed 4864K, reserved 1048576K
}
Event: 209.041 GC heap before
{Heap before GC invocations=12 (full 1):
 PSYoungGen      total 88064K, used 85967K [0x000000076ab00000, 0x0000000773600000, 0x00000007c0000000)
  eden space 52736K, 96% used [0x000000076ab00000,0x000000076dc74460,0x000000076de80000)
  from space 35328K, 99% used [0x0000000770780000,0x00000007729ff8b0,0x0000000772a00000)
  to   space 41984K, 0% used [0x000000076de80000,0x000000076de80000,0x0000000770780000)
 ParOldGen       total 76288K, used 51945K [0x00000006c0000000, 0x00000006c4a80000, 0x000000076ab00000)
  object space 76288K, 68% used [0x00000006c0000000,0x00000006c32ba5e8,0x00000006c4a80000)
 Metaspace       used 33486K, capacity 35778K, committed 35824K, reserved 1081344K
  class space    used 4439K, capacity 4864K, committed 4864K, reserved 1048576K
Event: 209.062 GC heap after
Heap after GC invocations=12 (full 1):
 PSYoungGen      total 93696K, used 35336K [0x000000076ab00000, 0x0000000773480000, 0x00000007c0000000)
  eden space 51712K, 0% used [0x000000076ab00000,0x000000076ab00000,0x000000076dd80000)
  from space 41984K, 84% used [0x000000076de80000,0x0000000770102000,0x0000000770780000)
  to   space 44544K, 0% used [0x0000000770900000,0x0000000770900000,0x0000000773480000)
 ParOldGen       total 76288K, used 60455K [0x00000006c0000000, 0x00000006c4a80000, 0x000000076ab00000)
  object space 76288K, 79% used [0x00000006c0000000,0x00000006c3b09ee8,0x00000006c4a80000)
 Metaspace       used 33486K, capacity 35778K, committed 35824K, reserved 1081344K
  class space    used 4439K, capacity 4864K, committed 4864K, reserved 1048576K
}
Event: 209.062 GC heap before
{Heap before GC invocations=13 (full 2):
 PSYoungGen      total 93696K, used 35336K [0x000000076ab00000, 0x0000000773480000, 0x00000007c0000000)
  eden space 51712K, 0% used [0x000000076ab00000,0x000000076ab00000,0x000000076dd80000)
  from space 41984K, 84% used [0x000000076de80000,0x0000000770102000,0x0000000770780000)
  to   space 44544K, 0% used [0x0000000770900000,0x0000000770900000,0x0000000773480000)
 ParOldGen       total 76288K, used 60455K [0x00000006c0000000, 0x00000006c4a80000, 0x000000076ab00000)
  object space 76288K, 79% used [0x00000006c0000000,0x00000006c3b09ee8,0x00000006c4a80000)
 Metaspace       used 33486K, capacity 35778K, committed 35824K, reserved 1081344K
  class space    used 4439K, capacity 4864K, committed 4864K, reserved 1048576K
Event: 209.118 GC heap after
Heap after GC invocations=13 (full 2):
 PSYoungGen      total 93696K, used 0K [0x000000076ab00000, 0x0000000773480000, 0x00000007c0000000)
  eden space 51712K, 0% used [0x000000076ab00000,0x000000076ab00000,0x000000076dd80000)
  from space 41984K, 0% used [0x000000076de80000,0x000000076de80000,0x0000000770780000)
  to   space 44544K, 0% used [0x0000000770900000,0x0000000770900000,0x0000000773480000)
 ParOldGen       total 122880K, used 43017K [0x00000006c0000000, 0x00000006c7800000, 0x000000076ab00000)
  object space 122880K, 35% used [0x00000006c0000000,0x00000006c2a02498,0x00000006c7800000)
 Metaspace       used 33486K, capacity 35778K, committed 35824K, reserved 1081344K
  class space    used 4439K, capacity 4864K, committed 4864K, reserved 1048576K
}
Event: 220.270 GC heap before
{Heap before GC invocations=14 (full 2):
 PSYoungGen      total 93696K, used 51712K [0x000000076ab00000, 0x0000000773480000, 0x00000007c0000000)
  eden space 51712K, 100% used [0x000000076ab00000,0x000000076dd80000,0x000000076dd80000)
  from space 41984K, 0% used [0x000000076de80000,0x000000076de80000,0x0000000770780000)
  to   space 44544K, 0% used [0x0000000770900000,0x0000000770900000,0x0000000773480000)
 ParOldGen       total 122880K, used 43017K [0x00000006c0000000, 0x00000006c7800000, 0x000000076ab00000)
  object space 122880K, 35% used [0x00000006c0000000,0x00000006c2a02498,0x00000006c7800000)
 Metaspace       used 33592K, capacity 35934K, committed 36208K, reserved 1081344K
  class space    used 4449K, capacity 4874K, committed 4992K, reserved 1048576K
Event: 220.274 GC heap after
Heap after GC invocations=14 (full 2):
 PSYoungGen      total 95232K, used 9889K [0x000000076ab00000, 0x0000000773480000, 0x00000007c0000000)
  eden space 50688K, 0% used [0x000000076ab00000,0x000000076ab00000,0x000000076dc80000)
  from space 44544K, 22% used [0x0000000770900000,0x00000007712a8770,0x0000000773480000)
  to   space 45056K, 0% used [0x000000076dc80000,0x000000076dc80000,0x0000000770880000)
 ParOldGen       total 122880K, used 43025K [0x00000006c0000000, 0x00000006c7800000, 0x000000076ab00000)
  object space 122880K, 35% used [0x00000006c0000000,0x00000006c2a04498,0x00000006c7800000)
 Metaspace       used 33592K, capacity 35934K, committed 36208K, reserved 1081344K
  class space    used 4449K, capacity 4874K, committed 4992K, reserved 1048576K
}
Event: 225.263 GC heap before
{Heap before GC invocations=15 (full 2):
 PSYoungGen      total 95232K, used 60577K [0x000000076ab00000, 0x0000000773480000, 0x00000007c0000000)
  eden space 50688K, 100% used [0x000000076ab00000,0x000000076dc80000,0x000000076dc80000)
  from space 44544K, 22% used [0x0000000770900000,0x00000007712a8770,0x0000000773480000)
  to   space 45056K, 0% used [0x000000076dc80000,0x000000076dc80000,0x0000000770880000)
 ParOldGen       total 122880K, used 43025K [0x00000006c0000000, 0x00000006c7800000, 0x000000076ab00000)
  object space 122880K, 35% used [0x00000006c0000000,0x00000006c2a04498,0x00000006c7800000)
 Metaspace       used 33612K, capacity 36002K, committed 36208K, reserved 1081344K
  class space    used 4449K, capacity 4874K, committed 4992K, reserved 1048576K
Event: 225.269 GC heap after
Heap after GC invocations=15 (full 2):
 PSYoungGen      total 68608K, used 18529K [0x000000076ab00000, 0x0000000773080000, 0x00000007c0000000)
  eden space 49664K, 0% used [0x000000076ab00000,0x000000076ab00000,0x000000076db80000)
  from space 18944K, 97% used [0x000000076dc80000,0x000000076ee98770,0x000000076ef00000)
  to   space 43520K, 0% used [0x0000000770600000,0x0000000770600000,0x0000000773080000)
 ParOldGen       total 122880K, used 43025K [0x00000006c0000000, 0x00000006c7800000, 0x000000076ab00000)
  object space 122880K, 35% used [0x00000006c0000000,0x00000006c2a04498,0x00000006c7800000)
 Metaspace       used 33612K, capacity 36002K, committed 36208K, reserved 1081344K
  class space    used 4449K, capacity 4874K, committed 4992K, reserved 1048576K
}

