# JRE version: OpenJDK Runtime Environment (8.0_282-b08) (build 1.8.0_282-b08)
# Java VM: OpenJDK 64-Bit Server VM (25.282-b08 mixed mode bsd-aarch64 compressed oops)
Heap:
 PSYoungGen      total 651264K, used 207413K [0x000000076ab00000, 0x00000007a2300000, 0x00000007c0000000)
  eden space 537088K, 28% used [0x000000076ab00000,0x0000000773e03ab0,0x000000078b780000)
  from space 114176K, 49% used [0x000000078b780000,0x000000078ef09d28,0x0000000792700000)
  to   space 110080K, 0% used [0x000000079b780000,0x000000079b780000,0x00000007a2300000)
 ParOldGen       total 532992K, used 415464K [0x00000006c0000000, 0x00000006e0880000, 0x000000076ab00000)
  object space 532992K, 77% used [0x00000006c0000000,0x00000006d95ba0c8,0x00000006e0880000)
 Metaspace       used 32671K, capacity 34928K, committed 35072K, reserved 1079296K
  class space    used 4402K, capacity 4809K, committed 4864K, reserved 1048576K
GC Heap History (36 events):
Event: 1.134 GC heap before
{Heap before GC invocations=1 (full 0):
 PSYoungGen      total 76288K, used 65536K [0x000000076ab00000, 0x0000000770000000, 0x00000007c0000000)
  eden space 65536K, 100% used [0x000000076ab00000,0x000000076eb00000,0x000000076eb00000)
  from space 10752K, 0% used [0x000000076f580000,0x000000076f580000,0x0000000770000000)
  to   space 10752K, 0% used [0x000000076eb00000,0x000000076eb00000,0x000000076f580000)
 ParOldGen       total 175104K, used 0K [0x00000006c0000000, 0x00000006cab00000, 0x000000076ab00000)
  object space 175104K, 0% used [0x00000006c0000000,0x00000006c0000000,0x00000006cab00000)
 Metaspace       used 18902K, capacity 20146K, committed 20224K, reserved 1067008K
  class space    used 2775K, capacity 3061K, committed 3072K, reserved 1048576K
Event: 1.139 GC heap after
Heap after GC invocations=1 (full 0):
 PSYoungGen      total 76288K, used 9425K [0x000000076ab00000, 0x0000000770000000, 0x00000007c0000000)
  eden space 65536K, 0% used [0x000000076ab00000,0x000000076ab00000,0x000000076eb00000)
  from space 10752K, 87% used [0x000000076eb00000,0x000000076f4346e0,0x000000076f580000)
  to   space 10752K, 0% used [0x000000076f580000,0x000000076f580000,0x0000000770000000)
 ParOldGen       total 175104K, used 2064K [0x00000006c0000000, 0x00000006cab00000, 0x000000076ab00000)
  object space 175104K, 1% used [0x00000006c0000000,0x00000006c0204010,0x00000006cab00000)
 Metaspace       used 18902K, capacity 20146K, committed 20224K, reserved 1067008K
  class space    used 2775K, capacity 3061K, committed 3072K, reserved 1048576K
}
Event: 3.457 GC heap before
{Heap before GC invocations=2 (full 0):
 PSYoungGen      total 76288K, used 16354K [0x000000076ab00000, 0x0000000770000000, 0x00000007c0000000)
  eden space 65536K, 10% used [0x000000076ab00000,0x000000076b1c4128,0x000000076eb00000)
  from space 10752K, 87% used [0x000000076eb00000,0x000000076f4346e0,0x000000076f580000)
  to   space 10752K, 0% used [0x000000076f580000,0x000000076f580000,0x0000000770000000)
 ParOldGen       total 175104K, used 2064K [0x00000006c0000000, 0x00000006cab00000, 0x000000076ab00000)
  object space 175104K, 1% used [0x00000006c0000000,0x00000006c0204010,0x00000006cab00000)
 Metaspace       used 19910K, capacity 21158K, committed 21296K, reserved 1067008K
  class space    used 2846K, capacity 3107K, committed 3200K, reserved 1048576K
Event: 3.464 GC heap after
Heap after GC invocations=2 (full 0):
 PSYoungGen      total 76288K, used 9684K [0x000000076ab00000, 0x0000000770000000, 0x00000007c0000000)
  eden space 65536K, 0% used [0x000000076ab00000,0x000000076ab00000,0x000000076eb00000)
  from space 10752K, 90% used [0x000000076f580000,0x000000076fef53d0,0x0000000770000000)
  to   space 10752K, 0% used [0x000000076eb00000,0x000000076eb00000,0x000000076f580000)
 ParOldGen       total 175104K, used 4120K [0x00000006c0000000, 0x00000006cab00000, 0x000000076ab00000)
  object space 175104K, 2% used [0x00000006c0000000,0x00000006c0406020,0x00000006cab00000)
 Metaspace       used 19910K, capacity 21158K, committed 21296K, reserved 1067008K
  class space    used 2846K, capacity 3107K, committed 3200K, reserved 1048576K
}
Event: 3.464 GC heap before
{Heap before GC invocations=3 (full 1):
 PSYoungGen      total 76288K, used 9684K [0x000000076ab00000, 0x0000000770000000, 0x00000007c0000000)
  eden space 65536K, 0% used [0x000000076ab00000,0x000000076ab00000,0x000000076eb00000)
  from space 10752K, 90% used [0x000000076f580000,0x000000076fef53d0,0x0000000770000000)
  to   space 10752K, 0% used [0x000000076eb00000,0x000000076eb00000,0x000000076f580000)
 ParOldGen       total 175104K, used 4120K [0x00000006c0000000, 0x00000006cab00000, 0x000000076ab00000)
  object space 175104K, 2% used [0x00000006c0000000,0x00000006c0406020,0x00000006cab00000)
 Metaspace       used 19910K, capacity 21158K, committed 21296K, reserved 1067008K
  class space    used 2846K, capacity 3107K, committed 3200K, reserved 1048576K
Event: 3.487 GC heap after
Heap after GC invocations=3 (full 1):
 PSYoungGen      total 76288K, used 0K [0x000000076ab00000, 0x0000000770000000, 0x00000007c0000000)
  eden space 65536K, 0% used [0x000000076ab00000,0x000000076ab00000,0x000000076eb00000)
  from space 10752K, 0% used [0x000000076f580000,0x000000076f580000,0x0000000770000000)
  to   space 10752K, 0% used [0x000000076eb00000,0x000000076eb00000,0x000000076f580000)
 ParOldGen       total 118272K, used 9506K [0x00000006c0000000, 0x00000006c7380000, 0x000000076ab00000)
  object space 118272K, 8% used [0x00000006c0000000,0x00000006c0948ab0,0x00000006c7380000)
 Metaspace       used 19910K, capacity 21158K, committed 21296K, reserved 1067008K
  class space    used 2846K, capacity 3107K, committed 3200K, reserved 1048576K
}
Event: 4.715 GC heap before
{Heap before GC invocations=4 (full 1):
 PSYoungGen      total 76288K, used 65536K [0x000000076ab00000, 0x0000000770000000, 0x00000007c0000000)
  eden space 65536K, 100% used [0x000000076ab00000,0x000000076eb00000,0x000000076eb00000)
  from space 10752K, 0% used [0x000000076f580000,0x000000076f580000,0x0000000770000000)
  to   space 10752K, 0% used [0x000000076eb00000,0x000000076eb00000,0x000000076f580000)
 ParOldGen       total 118272K, used 9506K [0x00000006c0000000, 0x00000006c7380000, 0x000000076ab00000)
  object space 118272K, 8% used [0x00000006c0000000,0x00000006c0948ab0,0x00000006c7380000)
 Metaspace       used 29533K, capacity 31362K, committed 31616K, reserved 1077248K
  class space    used 4025K, capacity 4364K, committed 4480K, reserved 1048576K
Event: 4.720 GC heap after
Heap after GC invocations=4 (full 1):
 PSYoungGen      total 76288K, used 10744K [0x000000076ab00000, 0x0000000771880000, 0x00000007c0000000)
  eden space 65536K, 0% used [0x000000076ab00000,0x000000076ab00000,0x000000076eb00000)
  from space 10752K, 99% used [0x000000076eb00000,0x000000076f57e1d8,0x000000076f580000)
  to   space 10752K, 0% used [0x0000000770e00000,0x0000000770e00000,0x0000000771880000)
 ParOldGen       total 118272K, used 10722K [0x00000006c0000000, 0x00000006c7380000, 0x000000076ab00000)
  object space 118272K, 9% used [0x00000006c0000000,0x00000006c0a788f8,0x00000006c7380000)
 Metaspace       used 29533K, capacity 31362K, committed 31616K, reserved 1077248K
  class space    used 4025K, capacity 4364K, committed 4480K, reserved 1048576K
}
Event: 6.142 GC heap before
{Heap before GC invocations=5 (full 1):
 PSYoungGen      total 76288K, used 76280K [0x000000076ab00000, 0x0000000771880000, 0x00000007c0000000)
  eden space 65536K, 100% used [0x000000076ab00000,0x000000076eb00000,0x000000076eb00000)
  from space 10752K, 99% used [0x000000076eb00000,0x000000076f57e1d8,0x000000076f580000)
  to   space 10752K, 0% used [0x0000000770e00000,0x0000000770e00000,0x0000000771880000)
 ParOldGen       total 118272K, used 10722K [0x00000006c0000000, 0x00000006c7380000, 0x000000076ab00000)
  object space 118272K, 9% used [0x00000006c0000000,0x00000006c0a788f8,0x00000006c7380000)
 Metaspace       used 32046K, capacity 34136K, committed 34304K, reserved 1079296K
  class space    used 4364K, capacity 4743K, committed 4864K, reserved 1048576K
Event: 6.157 GC heap after
Heap after GC invocations=5 (full 1):
 PSYoungGen      total 101376K, used 10750K [0x000000076ab00000, 0x0000000771d80000, 0x00000007c0000000)
  eden space 90624K, 0% used [0x000000076ab00000,0x000000076ab00000,0x0000000770380000)
  from space 10752K, 99% used [0x0000000770e00000,0x000000077187f880,0x0000000771880000)
  to   space 10752K, 0% used [0x0000000770380000,0x0000000770380000,0x0000000770e00000)
 ParOldGen       total 118272K, used 27615K [0x00000006c0000000, 0x00000006c7380000, 0x000000076ab00000)
  object space 118272K, 23% used [0x00000006c0000000,0x00000006c1af7fe8,0x00000006c7380000)
 Metaspace       used 32046K, capacity 34136K, committed 34304K, reserved 1079296K
  class space    used 4364K, capacity 4743K, committed 4864K, reserved 1048576K
}
Event: 9.156 GC heap before
{Heap before GC invocations=6 (full 1):
 PSYoungGen      total 101376K, used 101374K [0x000000076ab00000, 0x0000000771d80000, 0x00000007c0000000)
  eden space 90624K, 100% used [0x000000076ab00000,0x0000000770380000,0x0000000770380000)
  from space 10752K, 99% used [0x0000000770e00000,0x000000077187f880,0x0000000771880000)
  to   space 10752K, 0% used [0x0000000770380000,0x0000000770380000,0x0000000770e00000)
 ParOldGen       total 118272K, used 27615K [0x00000006c0000000, 0x00000006c7380000, 0x000000076ab00000)
  object space 118272K, 23% used [0x00000006c0000000,0x00000006c1af7fe8,0x00000006c7380000)
 Metaspace       used 32671K, capacity 34928K, committed 35072K, reserved 1079296K
  class space    used 4402K, capacity 4809K, committed 4864K, reserved 1048576K
Event: 9.172 GC heap after
Heap after GC invocations=6 (full 1):
 PSYoungGen      total 101376K, used 10720K [0x000000076ab00000, 0x0000000777380000, 0x00000007c0000000)
  eden space 90624K, 0% used [0x000000076ab00000,0x000000076ab00000,0x0000000770380000)
  from space 10752K, 99% used [0x0000000770380000,0x0000000770df8010,0x0000000770e00000)
  to   space 36352K, 0% used [0x0000000775000000,0x0000000775000000,0x0000000777380000)
 ParOldGen       total 118272K, used 50275K [0x00000006c0000000, 0x00000006c7380000, 0x000000076ab00000)
  object space 118272K, 42% used [0x00000006c0000000,0x00000006c3118ca0,0x00000006c7380000)
 Metaspace       used 32671K, capacity 34928K, committed 35072K, reserved 1079296K
  class space    used 4402K, capacity 4809K, committed 4864K, reserved 1048576K
}
Event: 9.458 GC heap before
{Heap before GC invocations=7 (full 1):
 PSYoungGen      total 101376K, used 101344K [0x000000076ab00000, 0x0000000777380000, 0x00000007c0000000)
  eden space 90624K, 100% used [0x000000076ab00000,0x0000000770380000,0x0000000770380000)
  from space 10752K, 99% used [0x0000000770380000,0x0000000770df8010,0x0000000770e00000)
  to   space 36352K, 0% used [0x0000000775000000,0x0000000775000000,0x0000000777380000)
 ParOldGen       total 118272K, used 50275K [0x00000006c0000000, 0x00000006c7380000, 0x000000076ab00000)
  object space 118272K, 42% used [0x00000006c0000000,0x00000006c3118ca0,0x00000006c7380000)
 Metaspace       used 32671K, capacity 34928K, committed 35072K, reserved 1079296K
  class space    used 4402K, capacity 4809K, committed 4864K, reserved 1048576K
Event: 9.470 GC heap after
Heap after GC invocations=7 (full 1):
 PSYoungGen      total 162816K, used 33858K [0x000000076ab00000, 0x0000000779380000, 0x00000007c0000000)
  eden space 126464K, 0% used [0x000000076ab00000,0x000000076ab00000,0x0000000772680000)
  from space 36352K, 93% used [0x0000000775000000,0x0000000777110a08,0x0000000777380000)
  to   space 42496K, 0% used [0x0000000772680000,0x0000000772680000,0x0000000775000000)
 ParOldGen       total 118272K, used 50291K [0x00000006c0000000, 0x00000006c7380000, 0x000000076ab00000)
  object space 118272K, 42% used [0x00000006c0000000,0x00000006c311ccb0,0x00000006c7380000)
 Metaspace       used 32671K, capacity 34928K, committed 35072K, reserved 1079296K
  class space    used 4402K, capacity 4809K, committed 4864K, reserved 1048576K
}
Event: 9.794 GC heap before
{Heap before GC invocations=8 (full 1):
 PSYoungGen      total 162816K, used 160322K [0x000000076ab00000, 0x0000000779380000, 0x00000007c0000000)
  eden space 126464K, 100% used [0x000000076ab00000,0x0000000772680000,0x0000000772680000)
  from space 36352K, 93% used [0x0000000775000000,0x0000000777110a08,0x0000000777380000)
  to   space 42496K, 0% used [0x0000000772680000,0x0000000772680000,0x0000000775000000)
 ParOldGen       total 118272K, used 50291K [0x00000006c0000000, 0x00000006c7380000, 0x000000076ab00000)
  object space 118272K, 42% used [0x00000006c0000000,0x00000006c311ccb0,0x00000006c7380000)
 Metaspace       used 32671K, capacity 34928K, committed 35072K, reserved 1079296K
  class space    used 4402K, capacity 4809K, committed 4864K, reserved 1048576K
Event: 9.819 GC heap after
Heap after GC invocations=8 (full 1):
 PSYoungGen      total 168960K, used 42488K [0x000000076ab00000, 0x0000000780180000, 0x00000007c0000000)
  eden space 126464K, 0% used [0x000000076ab00000,0x000000076ab00000,0x0000000772680000)
  from space 42496K, 99% used [0x0000000772680000,0x0000000774ffe3a8,0x0000000775000000)
  to   space 60416K, 0% used [0x000000077c680000,0x000000077c680000,0x0000000780180000)
 ParOldGen       total 118272K, used 70371K [0x00000006c0000000, 0x00000006c7380000, 0x000000076ab00000)
  object space 118272K, 59% used [0x00000006c0000000,0x00000006c44b8cb0,0x00000006c7380000)
 Metaspace       used 32671K, capacity 34928K, committed 35072K, reserved 1079296K
  class space    used 4402K, capacity 4809K, committed 4864K, reserved 1048576K
}
Event: 10.122 GC heap before
{Heap before GC invocations=9 (full 1):
 PSYoungGen      total 168960K, used 168952K [0x000000076ab00000, 0x0000000780180000, 0x00000007c0000000)
  eden space 126464K, 100% used [0x000000076ab00000,0x0000000772680000,0x0000000772680000)
  from space 42496K, 99% used [0x0000000772680000,0x0000000774ffe3a8,0x0000000775000000)
  to   space 60416K, 0% used [0x000000077c680000,0x000000077c680000,0x0000000780180000)
 ParOldGen       total 118272K, used 70371K [0x00000006c0000000, 0x00000006c7380000, 0x000000076ab00000)
  object space 118272K, 59% used [0x00000006c0000000,0x00000006c44b8cb0,0x00000006c7380000)
 Metaspace       used 32671K, capacity 34928K, committed 35072K, reserved 1079296K
  class space    used 4402K, capacity 4809K, committed 4864K, reserved 1048576K
Event: 10.147 GC heap after
Heap after GC invocations=9 (full 1):
 PSYoungGen      total 275968K, used 60397K [0x000000076ab00000, 0x0000000782300000, 0x00000007c0000000)
  eden space 215552K, 0% used [0x000000076ab00000,0x000000076ab00000,0x0000000777d80000)
  from space 60416K, 99% used [0x000000077c680000,0x000000078017b510,0x0000000780180000)
  to   space 74752K, 0% used [0x0000000777d80000,0x0000000777d80000,0x000000077c680000)
 ParOldGen       total 118272K, used 79173K [0x00000006c0000000, 0x00000006c7380000, 0x000000076ab00000)
  object space 118272K, 66% used [0x00000006c0000000,0x00000006c4d51510,0x00000006c7380000)
 Metaspace       used 32671K, capacity 34928K, committed 35072K, reserved 1079296K
  class space    used 4402K, capacity 4809K, committed 4864K, reserved 1048576K
}
Event: 10.588 GC heap before
{Heap before GC invocations=10 (full 1):
 PSYoungGen      total 275968K, used 275949K [0x000000076ab00000, 0x0000000782300000, 0x00000007c0000000)
  eden space 215552K, 100% used [0x000000076ab00000,0x0000000777d80000,0x0000000777d80000)
  from space 60416K, 99% used [0x000000077c680000,0x000000078017b510,0x0000000780180000)
  to   space 74752K, 0% used [0x0000000777d80000,0x0000000777d80000,0x000000077c680000)
 ParOldGen       total 118272K, used 79173K [0x00000006c0000000, 0x00000006c7380000, 0x000000076ab00000)
  object space 118272K, 66% used [0x00000006c0000000,0x00000006c4d51510,0x00000006c7380000)
 Metaspace       used 32671K, capacity 34928K, committed 35072K, reserved 1079296K
  class space    used 4402K, capacity 4809K, committed 4864K, reserved 1048576K
Event: 10.626 GC heap after
Heap after GC invocations=10 (full 1):
 PSYoungGen      total 290304K, used 74737K [0x000000076ab00000, 0x000000078ad80000, 0x00000007c0000000)
  eden space 215552K, 0% used [0x000000076ab00000,0x000000076ab00000,0x0000000777d80000)
  from space 74752K, 99% used [0x0000000777d80000,0x000000077c67c7f0,0x000000077c680000)
  to   space 98304K, 0% used [0x0000000784d80000,0x0000000784d80000,0x000000078ad80000)
 ParOldGen       total 118272K, used 105885K [0x00000006c0000000, 0x00000006c7380000, 0x000000076ab00000)
  object space 118272K, 89% used [0x00000006c0000000,0x00000006c6767510,0x00000006c7380000)
 Metaspace       used 32671K, capacity 34928K, committed 35072K, reserved 1079296K
  class space    used 4402K, capacity 4809K, committed 4864K, reserved 1048576K
}
Event: 10.626 GC heap before
{Heap before GC invocations=11 (full 2):
 PSYoungGen      total 290304K, used 74737K [0x000000076ab00000, 0x000000078ad80000, 0x00000007c0000000)
  eden space 215552K, 0% used [0x000000076ab00000,0x000000076ab00000,0x0000000777d80000)
  from space 74752K, 99% used [0x0000000777d80000,0x000000077c67c7f0,0x000000077c680000)
  to   space 98304K, 0% used [0x0000000784d80000,0x0000000784d80000,0x000000078ad80000)
 ParOldGen       total 118272K, used 105885K [0x00000006c0000000, 0x00000006c7380000, 0x000000076ab00000)
  object space 118272K, 89% used [0x00000006c0000000,0x00000006c6767510,0x00000006c7380000)
 Metaspace       used 32671K, capacity 34928K, committed 35072K, reserved 1079296K
  class space    used 4402K, capacity 4809K, committed 4864K, reserved 1048576K
Event: 10.877 GC heap after
Heap after GC invocations=11 (full 2):
 PSYoungGen      total 290304K, used 58764K [0x000000076ab00000, 0x000000078ad80000, 0x00000007c0000000)
  eden space 215552K, 0% used [0x000000076ab00000,0x000000076ab00000,0x0000000777d80000)
  from space 74752K, 78% used [0x0000000777d80000,0x000000077b6e30f0,0x000000077c680000)
  to   space 98304K, 0% used [0x0000000784d80000,0x0000000784d80000,0x000000078ad80000)
 ParOldGen       total 287232K, used 118206K [0x00000006c0000000, 0x00000006d1880000, 0x000000076ab00000)
  object space 287232K, 41% used [0x00000006c0000000,0x00000006c736fbc0,0x00000006d1880000)
 Metaspace       used 32671K, capacity 34928K, committed 35072K, reserved 1079296K
  class space    used 4402K, capacity 4809K, committed 4864K, reserved 1048576K
}
Event: 11.394 GC heap before
{Heap before GC invocations=12 (full 2):
 PSYoungGen      total 290304K, used 274316K [0x000000076ab00000, 0x000000078ad80000, 0x00000007c0000000)
  eden space 215552K, 100% used [0x000000076ab00000,0x0000000777d80000,0x0000000777d80000)
  from space 74752K, 78% used [0x0000000777d80000,0x000000077b6e30f0,0x000000077c680000)
  to   space 98304K, 0% used [0x0000000784d80000,0x0000000784d80000,0x000000078ad80000)
 ParOldGen       total 287232K, used 118206K [0x00000006c0000000, 0x00000006d1880000, 0x000000076ab00000)
  object space 287232K, 41% used [0x00000006c0000000,0x00000006c736fbc0,0x00000006d1880000)
 Metaspace       used 32671K, capacity 34928K, committed 35072K, reserved 1079296K
  class space    used 4402K, capacity 4809K, committed 4864K, reserved 1048576K
Event: 11.432 GC heap after
Heap after GC invocations=12 (full 2):
 PSYoungGen      total 393728K, used 71026K [0x000000076ab00000, 0x000000078a200000, 0x00000007c0000000)
  eden space 307200K, 0% used [0x000000076ab00000,0x000000076ab00000,0x000000077d700000)
  from space 86528K, 82% used [0x0000000784d80000,0x00000007892dcbf8,0x000000078a200000)
  to   space 103936K, 0% used [0x000000077d700000,0x000000077d700000,0x0000000783c80000)
 ParOldGen       total 287232K, used 144286K [0x00000006c0000000, 0x00000006d1880000, 0x000000076ab00000)
  object space 287232K, 50% used [0x00000006c0000000,0x00000006c8ce7bc0,0x00000006d1880000)
 Metaspace       used 32671K, capacity 34928K, committed 35072K, reserved 1079296K
  class space    used 4402K, capacity 4809K, committed 4864K, reserved 1048576K
}
Event: 11.968 GC heap before
{Heap before GC invocations=13 (full 2):
 PSYoungGen      total 393728K, used 378226K [0x000000076ab00000, 0x000000078a200000, 0x00000007c0000000)
  eden space 307200K, 100% used [0x000000076ab00000,0x000000077d700000,0x000000077d700000)
  from space 86528K, 82% used [0x0000000784d80000,0x00000007892dcbf8,0x000000078a200000)
  to   space 103936K, 0% used [0x000000077d700000,0x000000077d700000,0x0000000783c80000)
 ParOldGen       total 287232K, used 144286K [0x00000006c0000000, 0x00000006d1880000, 0x000000076ab00000)
  object space 287232K, 50% used [0x00000006c0000000,0x00000006c8ce7bc0,0x00000006d1880000)
 Metaspace       used 32671K, capacity 34928K, committed 35072K, reserved 1079296K
  class space    used 4402K, capacity 4809K, committed 4864K, reserved 1048576K
Event: 12.013 GC heap after
Heap after GC invocations=13 (full 2):
 PSYoungGen      total 411136K, used 48394K [0x000000076ab00000, 0x0000000791e80000, 0x00000007c0000000)
  eden space 307200K, 0% used [0x000000076ab00000,0x000000076ab00000,0x000000077d700000)
  from space 103936K, 46% used [0x000000077d700000,0x00000007806429a8,0x0000000783c80000)
  to   space 99840K, 0% used [0x000000078bd00000,0x000000078bd00000,0x0000000791e80000)
 ParOldGen       total 287232K, used 214471K [0x00000006c0000000, 0x00000006d1880000, 0x000000076ab00000)
  object space 287232K, 74% used [0x00000006c0000000,0x00000006cd171c80,0x00000006d1880000)
 Metaspace       used 32671K, capacity 34928K, committed 35072K, reserved 1079296K
  class space    used 4402K, capacity 4809K, committed 4864K, reserved 1048576K
}
Event: 12.508 GC heap before
{Heap before GC invocations=14 (full 2):
 PSYoungGen      total 411136K, used 355594K [0x000000076ab00000, 0x0000000791e80000, 0x00000007c0000000)
  eden space 307200K, 100% used [0x000000076ab00000,0x000000077d700000,0x000000077d700000)
  from space 103936K, 46% used [0x000000077d700000,0x00000007806429a8,0x0000000783c80000)
  to   space 99840K, 0% used [0x000000078bd00000,0x000000078bd00000,0x0000000791e80000)
 ParOldGen       total 287232K, used 214471K [0x00000006c0000000, 0x00000006d1880000, 0x000000076ab00000)
  object space 287232K, 74% used [0x00000006c0000000,0x00000006cd171c80,0x00000006d1880000)
 Metaspace       used 32671K, capacity 34928K, committed 35072K, reserved 1079296K
  class space    used 4402K, capacity 4809K, committed 4864K, reserved 1048576K
Event: 12.551 GC heap after
Heap after GC invocations=14 (full 2):
 PSYoungGen      total 539648K, used 44008K [0x000000076ab00000, 0x0000000791800000, 0x00000007c0000000)
  eden space 446464K, 0% used [0x000000076ab00000,0x000000076ab00000,0x0000000785f00000)
  from space 93184K, 47% used [0x000000078bd00000,0x000000078e7fa390,0x0000000791800000)
  to   space 94720K, 0% used [0x0000000785f00000,0x0000000785f00000,0x000000078bb80000)
 ParOldGen       total 287232K, used 262955K [0x00000006c0000000, 0x00000006d1880000, 0x000000076ab00000)
  object space 287232K, 91% used [0x00000006c0000000,0x00000006d00cad40,0x00000006d1880000)
 Metaspace       used 32671K, capacity 34928K, committed 35072K, reserved 1079296K
  class space    used 4402K, capacity 4809K, committed 4864K, reserved 1048576K
}
Event: 12.551 GC heap before
{Heap before GC invocations=15 (full 3):
 PSYoungGen      total 539648K, used 44008K [0x000000076ab00000, 0x0000000791800000, 0x00000007c0000000)
  eden space 446464K, 0% used [0x000000076ab00000,0x000000076ab00000,0x0000000785f00000)
  from space 93184K, 47% used [0x000000078bd00000,0x000000078e7fa390,0x0000000791800000)
  to   space 94720K, 0% used [0x0000000785f00000,0x0000000785f00000,0x000000078bb80000)
 ParOldGen       total 287232K, used 262955K [0x00000006c0000000, 0x00000006d1880000, 0x000000076ab00000)
  object space 287232K, 91% used [0x00000006c0000000,0x00000006d00cad40,0x00000006d1880000)
 Metaspace       used 32671K, capacity 34928K, committed 35072K, reserved 1079296K
  class space    used 4402K, capacity 4809K, committed 4864K, reserved 1048576K
Event: 12.966 GC heap after
Heap after GC invocations=15 (full 3):
 PSYoungGen      total 539648K, used 16753K [0x000000076ab00000, 0x0000000791800000, 0x00000007c0000000)
  eden space 446464K, 0% used [0x000000076ab00000,0x000000076ab00000,0x0000000785f00000)
  from space 93184K, 17% used [0x000000078bd00000,0x000000078cd5c788,0x0000000791800000)
  to   space 94720K, 0% used [0x0000000785f00000,0x0000000785f00000,0x000000078bb80000)
 ParOldGen       total 532992K, used 286956K [0x00000006c0000000, 0x00000006e0880000, 0x000000076ab00000)
  object space 532992K, 53% used [0x00000006c0000000,0x00000006d183b1a0,0x00000006e0880000)
 Metaspace       used 32671K, capacity 34928K, committed 35072K, reserved 1079296K
  class space    used 4402K, capacity 4809K, committed 4864K, reserved 1048576K
}
Event: 13.685 GC heap before
{Heap before GC invocations=16 (full 3):
 PSYoungGen      total 539648K, used 463217K [0x000000076ab00000, 0x0000000791800000, 0x00000007c0000000)
  eden space 446464K, 100% used [0x000000076ab00000,0x0000000785f00000,0x0000000785f00000)
  from space 93184K, 17% used [0x000000078bd00000,0x000000078cd5c788,0x0000000791800000)
  to   space 94720K, 0% used [0x0000000785f00000,0x0000000785f00000,0x000000078bb80000)
 ParOldGen       total 532992K, used 286956K [0x00000006c0000000, 0x00000006e0880000, 0x000000076ab00000)
  object space 532992K, 53% used [0x00000006c0000000,0x00000006d183b1a0,0x00000006e0880000)
 Metaspace       used 32671K, capacity 34928K, committed 35072K, reserved 1079296K
  class space    used 4402K, capacity 4809K, committed 4864K, reserved 1048576K
Event: 13.725 GC heap after
Heap after GC invocations=16 (full 3):
 PSYoungGen      total 541184K, used 57486K [0x000000076ab00000, 0x0000000798380000, 0x00000007c0000000)
  eden space 446464K, 0% used [0x000000076ab00000,0x000000076ab00000,0x0000000785f00000)
  from space 94720K, 60% used [0x0000000785f00000,0x0000000789723978,0x000000078bb80000)
  to   space 94720K, 0% used [0x0000000792700000,0x0000000792700000,0x0000000798380000)
 ParOldGen       total 532992K, used 303884K [0x00000006c0000000, 0x00000006e0880000, 0x000000076ab00000)
  object space 532992K, 57% used [0x00000006c0000000,0x00000006d28c31a0,0x00000006e0880000)
 Metaspace       used 32671K, capacity 34928K, committed 35072K, reserved 1079296K
  class space    used 4402K, capacity 4809K, committed 4864K, reserved 1048576K
}
Event: 14.289 GC heap before
{Heap before GC invocations=17 (full 3):
 PSYoungGen      total 541184K, used 503950K [0x000000076ab00000, 0x0000000798380000, 0x00000007c0000000)
  eden space 446464K, 100% used [0x000000076ab00000,0x0000000785f00000,0x0000000785f00000)
  from space 94720K, 60% used [0x0000000785f00000,0x0000000789723978,0x000000078bb80000)
  to   space 94720K, 0% used [0x0000000792700000,0x0000000792700000,0x0000000798380000)
 ParOldGen       total 532992K, used 303884K [0x00000006c0000000, 0x00000006e0880000, 0x000000076ab00000)
  object space 532992K, 57% used [0x00000006c0000000,0x00000006d28c31a0,0x00000006e0880000)
 Metaspace       used 32671K, capacity 34928K, committed 35072K, reserved 1079296K
  class space    used 4402K, capacity 4809K, committed 4864K, reserved 1048576K
Event: 14.344 GC heap after
Heap after GC invocations=17 (full 3):
 PSYoungGen      total 631808K, used 94694K [0x000000076ab00000, 0x000000079b300000, 0x00000007c0000000)
  eden space 537088K, 0% used [0x000000076ab00000,0x000000076ab00000,0x000000078b780000)
  from space 94720K, 99% used [0x0000000792700000,0x0000000798379a20,0x0000000798380000)
  to   space 114176K, 0% used [0x000000078b780000,0x000000078b780000,0x0000000792700000)
 ParOldGen       total 532992K, used 320340K [0x00000006c0000000, 0x00000006e0880000, 0x000000076ab00000)
  object space 532992K, 60% used [0x00000006c0000000,0x00000006d38d51a0,0x00000006e0880000)
 Metaspace       used 32671K, capacity 34928K, committed 35072K, reserved 1079296K
  class space    used 4402K, capacity 4809K, committed 4864K, reserved 1048576K
}
Event: 14.979 GC heap before
{Heap before GC invocations=18 (full 3):
 PSYoungGen      total 631808K, used 631782K [0x000000076ab00000, 0x000000079b300000, 0x00000007c0000000)
  eden space 537088K, 100% used [0x000000076ab00000,0x000000078b780000,0x000000078b780000)
  from space 94720K, 99% used [0x0000000792700000,0x0000000798379a20,0x0000000798380000)
  to   space 114176K, 0% used [0x000000078b780000,0x000000078b780000,0x0000000792700000)
 ParOldGen       total 532992K, used 320340K [0x00000006c0000000, 0x00000006e0880000, 0x000000076ab00000)
  object space 532992K, 60% used [0x00000006c0000000,0x00000006d38d51a0,0x00000006e0880000)
 Metaspace       used 32671K, capacity 34928K, committed 35072K, reserved 1079296K
  class space    used 4402K, capacity 4809K, committed 4864K, reserved 1048576K
Event: 15.043 GC heap after
Heap after GC invocations=18 (full 3):
 PSYoungGen      total 651264K, used 56871K [0x000000076ab00000, 0x00000007a2300000, 0x00000007c0000000)
  eden space 537088K, 0% used [0x000000076ab00000,0x000000076ab00000,0x000000078b780000)
  from space 114176K, 49% used [0x000000078b780000,0x000000078ef09d28,0x0000000792700000)
  to   space 110080K, 0% used [0x000000079b780000,0x000000079b780000,0x00000007a2300000)
 ParOldGen       total 532992K, used 415464K [0x00000006c0000000, 0x00000006e0880000, 0x000000076ab00000)
  object space 532992K, 77% used [0x00000006c0000000,0x00000006d95ba0c8,0x00000006e0880000)
 Metaspace       used 32671K, capacity 34928K, committed 35072K, reserved 1079296K
  class space    used 4402K, capacity 4809K, committed 4864K, reserved 1048576K
}

