# JRE version: Java(TM) SE Runtime Environment (8.0_251-b08) (build 1.8.0_251-b08)
# Java VM: Java HotSpot(TM) 64-Bit Server VM (25.251-b08 mixed mode windows-amd64 compressed oops)
Heap:
 PSYoungGen      total 91136K, used 69514K [0x000000076b500000, 0x0000000773b80000, 0x00000007c0000000)
  eden space 54272K, 63% used [0x000000076b500000,0x000000076d6e5ec8,0x000000076ea00000)
  from space 36864K, 94% used [0x0000000771180000,0x000000077337ca60,0x0000000773580000)
  to   space 40448K, 0% used [0x000000076ea00000,0x000000076ea00000,0x0000000771180000)
 ParOldGen       total 78336K, used 46433K [0x00000006c1e00000, 0x00000006c6a80000, 0x000000076b500000)
  object space 78336K, 59% used [0x00000006c1e00000,0x00000006c4b586f0,0x00000006c6a80000)
 Metaspace       used 30717K, capacity 32760K, committed 32896K, reserved 1077248K
  class space    used 4094K, capacity 4442K, committed 4480K, reserved 1048576K
GC Heap History (10 events):
Event: 301.866 GC heap before
{Heap before GC invocations=7 (full 1):
 PSYoungGen      total 74752K, used 74740K [0x000000076b500000, 0x0000000772b80000, 0x00000007c0000000)
  eden space 64000K, 100% used [0x000000076b500000,0x000000076f380000,0x000000076f380000)
  from space 10752K, 99% used [0x000000076f500000,0x000000076ff7d1e0,0x000000076ff80000)
  to   space 28672K, 0% used [0x0000000770f80000,0x0000000770f80000,0x0000000772b80000)
 ParOldGen       total 78336K, used 46393K [0x00000006c1e00000, 0x00000006c6a80000, 0x000000076b500000)
  object space 78336K, 59% used [0x00000006c1e00000,0x00000006c4b4e6f0,0x00000006c6a80000)
 Metaspace       used 30208K, capacity 32184K, committed 32384K, reserved 1077248K
  class space    used 4070K, capacity 4430K, committed 4480K, reserved 1048576K
Event: 301.881 GC heap after
Heap after GC invocations=7 (full 1):
 PSYoungGen      total 90624K, used 21714K [0x000000076b500000, 0x0000000772b00000, 0x00000007c0000000)
  eden space 62464K, 0% used [0x000000076b500000,0x000000076b500000,0x000000076f200000)
  from space 28160K, 77% used [0x0000000770f80000,0x00000007724b4be0,0x0000000772b00000)
  to   space 29184K, 0% used [0x000000076f200000,0x000000076f200000,0x0000000770e80000)
 ParOldGen       total 78336K, used 46401K [0x00000006c1e00000, 0x00000006c6a80000, 0x000000076b500000)
  object space 78336K, 59% used [0x00000006c1e00000,0x00000006c4b506f0,0x00000006c6a80000)
 Metaspace       used 30208K, capacity 32184K, committed 32384K, reserved 1077248K
  class space    used 4070K, capacity 4430K, committed 4480K, reserved 1048576K
}
Event: 320.231 GC heap before
{Heap before GC invocations=8 (full 1):
 PSYoungGen      total 90624K, used 84178K [0x000000076b500000, 0x0000000772b00000, 0x00000007c0000000)
  eden space 62464K, 100% used [0x000000076b500000,0x000000076f200000,0x000000076f200000)
  from space 28160K, 77% used [0x0000000770f80000,0x00000007724b4be0,0x0000000772b00000)
  to   space 29184K, 0% used [0x000000076f200000,0x000000076f200000,0x0000000770e80000)
 ParOldGen       total 78336K, used 46401K [0x00000006c1e00000, 0x00000006c6a80000, 0x000000076b500000)
  object space 78336K, 59% used [0x00000006c1e00000,0x00000006c4b506f0,0x00000006c6a80000)
 Metaspace       used 30446K, capacity 32484K, committed 32640K, reserved 1077248K
  class space    used 4085K, capacity 4438K, committed 4480K, reserved 1048576K
Event: 320.246 GC heap after
Heap after GC invocations=8 (full 1):
 PSYoungGen      total 90624K, used 26690K [0x000000076b500000, 0x0000000772f00000, 0x00000007c0000000)
  eden space 61440K, 0% used [0x000000076b500000,0x000000076b500000,0x000000076f100000)
  from space 29184K, 91% used [0x000000076f200000,0x0000000770c10948,0x0000000770e80000)
  to   space 31744K, 0% used [0x0000000771000000,0x0000000771000000,0x0000000772f00000)
 ParOldGen       total 78336K, used 46409K [0x00000006c1e00000, 0x00000006c6a80000, 0x000000076b500000)
  object space 78336K, 59% used [0x00000006c1e00000,0x00000006c4b526f0,0x00000006c6a80000)
 Metaspace       used 30446K, capacity 32484K, committed 32640K, reserved 1077248K
  class space    used 4085K, capacity 4438K, committed 4480K, reserved 1048576K
}
Event: 400.246 GC heap before
{Heap before GC invocations=9 (full 1):
 PSYoungGen      total 90624K, used 88130K [0x000000076b500000, 0x0000000772f00000, 0x00000007c0000000)
  eden space 61440K, 100% used [0x000000076b500000,0x000000076f100000,0x000000076f100000)
  from space 29184K, 91% used [0x000000076f200000,0x0000000770c10948,0x0000000770e80000)
  to   space 31744K, 0% used [0x0000000771000000,0x0000000771000000,0x0000000772f00000)
 ParOldGen       total 78336K, used 46409K [0x00000006c1e00000, 0x00000006c6a80000, 0x000000076b500000)
  object space 78336K, 59% used [0x00000006c1e00000,0x00000006c4b526f0,0x00000006c6a80000)
 Metaspace       used 30526K, capacity 32568K, committed 32640K, reserved 1077248K
  class space    used 4090K, capacity 4442K, committed 4480K, reserved 1048576K
Event: 400.264 GC heap after
Heap after GC invocations=9 (full 1):
 PSYoungGen      total 90624K, used 29859K [0x000000076b500000, 0x0000000773300000, 0x00000007c0000000)
  eden space 58880K, 0% used [0x000000076b500000,0x000000076b500000,0x000000076ee80000)
  from space 31744K, 94% used [0x0000000771000000,0x0000000772d28e10,0x0000000772f00000)
  to   space 34304K, 0% used [0x000000076ee80000,0x000000076ee80000,0x0000000771000000)
 ParOldGen       total 78336K, used 46417K [0x00000006c1e00000, 0x00000006c6a80000, 0x000000076b500000)
  object space 78336K, 59% used [0x00000006c1e00000,0x00000006c4b546f0,0x00000006c6a80000)
 Metaspace       used 30526K, capacity 32568K, committed 32640K, reserved 1077248K
  class space    used 4090K, capacity 4442K, committed 4480K, reserved 1048576K
}
Event: 410.534 GC heap before
{Heap before GC invocations=10 (full 1):
 PSYoungGen      total 90624K, used 88739K [0x000000076b500000, 0x0000000773300000, 0x00000007c0000000)
  eden space 58880K, 100% used [0x000000076b500000,0x000000076ee80000,0x000000076ee80000)
  from space 31744K, 94% used [0x0000000771000000,0x0000000772d28e10,0x0000000772f00000)
  to   space 34304K, 0% used [0x000000076ee80000,0x000000076ee80000,0x0000000771000000)
 ParOldGen       total 78336K, used 46417K [0x00000006c1e00000, 0x00000006c6a80000, 0x000000076b500000)
  object space 78336K, 59% used [0x00000006c1e00000,0x00000006c4b546f0,0x00000006c6a80000)
 Metaspace       used 30605K, capacity 32632K, committed 32896K, reserved 1077248K
  class space    used 4094K, capacity 4442K, committed 4480K, reserved 1048576K
Event: 410.551 GC heap after
Heap after GC invocations=10 (full 1):
 PSYoungGen      total 92160K, used 31202K [0x000000076b500000, 0x0000000773580000, 0x00000007c0000000)
  eden space 57856K, 0% used [0x000000076b500000,0x000000076b500000,0x000000076ed80000)
  from space 34304K, 90% used [0x000000076ee80000,0x0000000770cf8948,0x0000000771000000)
  to   space 36864K, 0% used [0x0000000771180000,0x0000000771180000,0x0000000773580000)
 ParOldGen       total 78336K, used 46425K [0x00000006c1e00000, 0x00000006c6a80000, 0x000000076b500000)
  object space 78336K, 59% used [0x00000006c1e00000,0x00000006c4b566f0,0x00000006c6a80000)
 Metaspace       used 30605K, capacity 32632K, committed 32896K, reserved 1077248K
  class space    used 4094K, capacity 4442K, committed 4480K, reserved 1048576K
}
Event: 427.505 GC heap before
{Heap before GC invocations=11 (full 1):
 PSYoungGen      total 92160K, used 89058K [0x000000076b500000, 0x0000000773580000, 0x00000007c0000000)
  eden space 57856K, 100% used [0x000000076b500000,0x000000076ed80000,0x000000076ed80000)
  from space 34304K, 90% used [0x000000076ee80000,0x0000000770cf8948,0x0000000771000000)
  to   space 36864K, 0% used [0x0000000771180000,0x0000000771180000,0x0000000773580000)
 ParOldGen       total 78336K, used 46425K [0x00000006c1e00000, 0x00000006c6a80000, 0x000000076b500000)
  object space 78336K, 59% used [0x00000006c1e00000,0x00000006c4b566f0,0x00000006c6a80000)
 Metaspace       used 30655K, capacity 32632K, committed 32896K, reserved 1077248K
  class space    used 4094K, capacity 4442K, committed 4480K, reserved 1048576K
Event: 427.522 GC heap after
Heap after GC invocations=11 (full 1):
 PSYoungGen      total 91136K, used 34802K [0x000000076b500000, 0x0000000773b80000, 0x00000007c0000000)
  eden space 54272K, 0% used [0x000000076b500000,0x000000076b500000,0x000000076ea00000)
  from space 36864K, 94% used [0x0000000771180000,0x000000077337ca60,0x0000000773580000)
  to   space 40448K, 0% used [0x000000076ea00000,0x000000076ea00000,0x0000000771180000)
 ParOldGen       total 78336K, used 46433K [0x00000006c1e00000, 0x00000006c6a80000, 0x000000076b500000)
  object space 78336K, 59% used [0x00000006c1e00000,0x00000006c4b586f0,0x00000006c6a80000)
 Metaspace       used 30655K, capacity 32632K, committed 32896K, reserved 1077248K
  class space    used 4094K, capacity 4442K, committed 4480K, reserved 1048576K
}

