# JRE version: OpenJDK Runtime Environment (8.0_282-b08) (build 1.8.0_282-b08)
# Java VM: OpenJDK 64-Bit Server VM (25.282-b08 mixed mode bsd-aarch64 compressed oops)
Heap:
 PSYoungGen      total 640512K, used 154391K [0x000000076ab00000, 0x000000079ad00000, 0x00000007c0000000)
  eden space 513024K, 14% used [0x000000076ab00000,0x000000076f1a0cd8,0x000000078a000000)
  from space 127488K, 64% used [0x0000000793080000,0x00000007980a5298,0x000000079ad00000)
  to   space 137728K, 0% used [0x000000078a000000,0x000000078a000000,0x0000000792680000)
 ParOldGen       total 622080K, used 388162K [0x00000006c0000000, 0x00000006e5f80000, 0x000000076ab00000)
  object space 622080K, 62% used [0x00000006c0000000,0x00000006d7b10b90,0x00000006e5f80000)
 Metaspace       used 32765K, capacity 35020K, committed 35072K, reserved 1079296K
  class space    used 4406K, capacity 4819K, committed 4864K, reserved 1048576K
GC Heap History (40 events):
Event: 1.017 GC heap before
{Heap before GC invocations=1 (full 0):
 PSYoungGen      total 76288K, used 65536K [0x000000076ab00000, 0x0000000770000000, 0x00000007c0000000)
  eden space 65536K, 100% used [0x000000076ab00000,0x000000076eb00000,0x000000076eb00000)
  from space 10752K, 0% used [0x000000076f580000,0x000000076f580000,0x0000000770000000)
  to   space 10752K, 0% used [0x000000076eb00000,0x000000076eb00000,0x000000076f580000)
 ParOldGen       total 175104K, used 0K [0x00000006c0000000, 0x00000006cab00000, 0x000000076ab00000)
  object space 175104K, 0% used [0x00000006c0000000,0x00000006c0000000,0x00000006cab00000)
 Metaspace       used 18825K, capacity 20042K, committed 20224K, reserved 1067008K
  class space    used 2764K, capacity 3027K, committed 3072K, reserved 1048576K
Event: 1.022 GC heap after
Heap after GC invocations=1 (full 0):
 PSYoungGen      total 76288K, used 10747K [0x000000076ab00000, 0x0000000770000000, 0x00000007c0000000)
  eden space 65536K, 0% used [0x000000076ab00000,0x000000076ab00000,0x000000076eb00000)
  from space 10752K, 99% used [0x000000076eb00000,0x000000076f57ee58,0x000000076f580000)
  to   space 10752K, 0% used [0x000000076f580000,0x000000076f580000,0x0000000770000000)
 ParOldGen       total 175104K, used 609K [0x00000006c0000000, 0x00000006cab00000, 0x000000076ab00000)
  object space 175104K, 0% used [0x00000006c0000000,0x00000006c0098748,0x00000006cab00000)
 Metaspace       used 18825K, capacity 20042K, committed 20224K, reserved 1067008K
  class space    used 2764K, capacity 3027K, committed 3072K, reserved 1048576K
}
Event: 3.711 GC heap before
{Heap before GC invocations=2 (full 0):
 PSYoungGen      total 76288K, used 18245K [0x000000076ab00000, 0x0000000770000000, 0x00000007c0000000)
  eden space 65536K, 11% used [0x000000076ab00000,0x000000076b252838,0x000000076eb00000)
  from space 10752K, 99% used [0x000000076eb00000,0x000000076f57ee58,0x000000076f580000)
  to   space 10752K, 0% used [0x000000076f580000,0x000000076f580000,0x0000000770000000)
 ParOldGen       total 175104K, used 609K [0x00000006c0000000, 0x00000006cab00000, 0x000000076ab00000)
  object space 175104K, 0% used [0x00000006c0000000,0x00000006c0098748,0x00000006cab00000)
 Metaspace       used 19954K, capacity 21158K, committed 21296K, reserved 1067008K
  class space    used 2851K, capacity 3107K, committed 3200K, reserved 1048576K
Event: 3.716 GC heap after
Heap after GC invocations=2 (full 0):
 PSYoungGen      total 76288K, used 9391K [0x000000076ab00000, 0x0000000770000000, 0x00000007c0000000)
  eden space 65536K, 0% used [0x000000076ab00000,0x000000076ab00000,0x000000076eb00000)
  from space 10752K, 87% used [0x000000076f580000,0x000000076feabed0,0x0000000770000000)
  to   space 10752K, 0% used [0x000000076eb00000,0x000000076eb00000,0x000000076f580000)
 ParOldGen       total 175104K, used 617K [0x00000006c0000000, 0x00000006cab00000, 0x000000076ab00000)
  object space 175104K, 0% used [0x00000006c0000000,0x00000006c009a748,0x00000006cab00000)
 Metaspace       used 19954K, capacity 21158K, committed 21296K, reserved 1067008K
  class space    used 2851K, capacity 3107K, committed 3200K, reserved 1048576K
}
Event: 3.716 GC heap before
{Heap before GC invocations=3 (full 1):
 PSYoungGen      total 76288K, used 9391K [0x000000076ab00000, 0x0000000770000000, 0x00000007c0000000)
  eden space 65536K, 0% used [0x000000076ab00000,0x000000076ab00000,0x000000076eb00000)
  from space 10752K, 87% used [0x000000076f580000,0x000000076feabed0,0x0000000770000000)
  to   space 10752K, 0% used [0x000000076eb00000,0x000000076eb00000,0x000000076f580000)
 ParOldGen       total 175104K, used 617K [0x00000006c0000000, 0x00000006cab00000, 0x000000076ab00000)
  object space 175104K, 0% used [0x00000006c0000000,0x00000006c009a748,0x00000006cab00000)
 Metaspace       used 19954K, capacity 21158K, committed 21296K, reserved 1067008K
  class space    used 2851K, capacity 3107K, committed 3200K, reserved 1048576K
Event: 3.741 GC heap after
Heap after GC invocations=3 (full 1):
 PSYoungGen      total 76288K, used 0K [0x000000076ab00000, 0x0000000770000000, 0x00000007c0000000)
  eden space 65536K, 0% used [0x000000076ab00000,0x000000076ab00000,0x000000076eb00000)
  from space 10752K, 0% used [0x000000076f580000,0x000000076f580000,0x0000000770000000)
  to   space 10752K, 0% used [0x000000076eb00000,0x000000076eb00000,0x000000076f580000)
 ParOldGen       total 76288K, used 9704K [0x00000006c0000000, 0x00000006c4a80000, 0x000000076ab00000)
  object space 76288K, 12% used [0x00000006c0000000,0x00000006c097a190,0x00000006c4a80000)
 Metaspace       used 19954K, capacity 21158K, committed 21296K, reserved 1067008K
  class space    used 2851K, capacity 3107K, committed 3200K, reserved 1048576K
}
Event: 4.942 GC heap before
{Heap before GC invocations=4 (full 1):
 PSYoungGen      total 76288K, used 65536K [0x000000076ab00000, 0x0000000770000000, 0x00000007c0000000)
  eden space 65536K, 100% used [0x000000076ab00000,0x000000076eb00000,0x000000076eb00000)
  from space 10752K, 0% used [0x000000076f580000,0x000000076f580000,0x0000000770000000)
  to   space 10752K, 0% used [0x000000076eb00000,0x000000076eb00000,0x000000076f580000)
 ParOldGen       total 76288K, used 9704K [0x00000006c0000000, 0x00000006c4a80000, 0x000000076ab00000)
  object space 76288K, 12% used [0x00000006c0000000,0x00000006c097a190,0x00000006c4a80000)
 Metaspace       used 29541K, capacity 31426K, committed 31616K, reserved 1077248K
  class space    used 4020K, capacity 4364K, committed 4480K, reserved 1048576K
Event: 4.947 GC heap after
Heap after GC invocations=4 (full 1):
 PSYoungGen      total 76288K, used 10736K [0x000000076ab00000, 0x0000000771680000, 0x00000007c0000000)
  eden space 65536K, 0% used [0x000000076ab00000,0x000000076ab00000,0x000000076eb00000)
  from space 10752K, 99% used [0x000000076eb00000,0x000000076f57c288,0x000000076f580000)
  to   space 10752K, 0% used [0x0000000770c00000,0x0000000770c00000,0x0000000771680000)
 ParOldGen       total 76288K, used 10983K [0x00000006c0000000, 0x00000006c4a80000, 0x000000076ab00000)
  object space 76288K, 14% used [0x00000006c0000000,0x00000006c0ab9ce8,0x00000006c4a80000)
 Metaspace       used 29541K, capacity 31426K, committed 31616K, reserved 1077248K
  class space    used 4020K, capacity 4364K, committed 4480K, reserved 1048576K
}
Event: 6.490 GC heap before
{Heap before GC invocations=5 (full 1):
 PSYoungGen      total 76288K, used 76272K [0x000000076ab00000, 0x0000000771680000, 0x00000007c0000000)
  eden space 65536K, 100% used [0x000000076ab00000,0x000000076eb00000,0x000000076eb00000)
  from space 10752K, 99% used [0x000000076eb00000,0x000000076f57c288,0x000000076f580000)
  to   space 10752K, 0% used [0x0000000770c00000,0x0000000770c00000,0x0000000771680000)
 ParOldGen       total 76288K, used 10983K [0x00000006c0000000, 0x00000006c4a80000, 0x000000076ab00000)
  object space 76288K, 14% used [0x00000006c0000000,0x00000006c0ab9ce8,0x00000006c4a80000)
 Metaspace       used 32027K, capacity 34196K, committed 34560K, reserved 1079296K
  class space    used 4360K, capacity 4743K, committed 4864K, reserved 1048576K
Event: 6.503 GC heap after
Heap after GC invocations=5 (full 1):
 PSYoungGen      total 99328K, used 10744K [0x000000076ab00000, 0x0000000771b00000, 0x00000007c0000000)
  eden space 88576K, 0% used [0x000000076ab00000,0x000000076ab00000,0x0000000770180000)
  from space 10752K, 99% used [0x0000000770c00000,0x000000077167e1f0,0x0000000771680000)
  to   space 10752K, 0% used [0x0000000770180000,0x0000000770180000,0x0000000770c00000)
 ParOldGen       total 76288K, used 27949K [0x00000006c0000000, 0x00000006c4a80000, 0x000000076ab00000)
  object space 76288K, 36% used [0x00000006c0000000,0x00000006c1b4b7e8,0x00000006c4a80000)
 Metaspace       used 32027K, capacity 34196K, committed 34560K, reserved 1079296K
  class space    used 4360K, capacity 4743K, committed 4864K, reserved 1048576K
}
Event: 9.023 GC heap before
{Heap before GC invocations=6 (full 1):
 PSYoungGen      total 99328K, used 99320K [0x000000076ab00000, 0x0000000771b00000, 0x00000007c0000000)
  eden space 88576K, 100% used [0x000000076ab00000,0x0000000770180000,0x0000000770180000)
  from space 10752K, 99% used [0x0000000770c00000,0x000000077167e1f0,0x0000000771680000)
  to   space 10752K, 0% used [0x0000000770180000,0x0000000770180000,0x0000000770c00000)
 ParOldGen       total 76288K, used 27949K [0x00000006c0000000, 0x00000006c4a80000, 0x000000076ab00000)
  object space 76288K, 36% used [0x00000006c0000000,0x00000006c1b4b7e8,0x00000006c4a80000)
 Metaspace       used 32764K, capacity 35020K, committed 35072K, reserved 1079296K
  class space    used 4406K, capacity 4819K, committed 4864K, reserved 1048576K
Event: 9.038 GC heap after
Heap after GC invocations=6 (full 1):
 PSYoungGen      total 99328K, used 10751K [0x000000076ab00000, 0x0000000776e00000, 0x00000007c0000000)
  eden space 88576K, 0% used [0x000000076ab00000,0x000000076ab00000,0x0000000770180000)
  from space 10752K, 99% used [0x0000000770180000,0x0000000770bffdd0,0x0000000770c00000)
  to   space 36352K, 0% used [0x0000000774a80000,0x0000000774a80000,0x0000000776e00000)
 ParOldGen       total 76288K, used 50473K [0x00000006c0000000, 0x00000006c4a80000, 0x000000076ab00000)
  object space 76288K, 66% used [0x00000006c0000000,0x00000006c314a680,0x00000006c4a80000)
 Metaspace       used 32764K, capacity 35020K, committed 35072K, reserved 1079296K
  class space    used 4406K, capacity 4819K, committed 4864K, reserved 1048576K
}
Event: 9.340 GC heap before
{Heap before GC invocations=7 (full 1):
 PSYoungGen      total 99328K, used 99327K [0x000000076ab00000, 0x0000000776e00000, 0x00000007c0000000)
  eden space 88576K, 100% used [0x000000076ab00000,0x0000000770180000,0x0000000770180000)
  from space 10752K, 99% used [0x0000000770180000,0x0000000770bffdd0,0x0000000770c00000)
  to   space 36352K, 0% used [0x0000000774a80000,0x0000000774a80000,0x0000000776e00000)
 ParOldGen       total 76288K, used 50473K [0x00000006c0000000, 0x00000006c4a80000, 0x000000076ab00000)
  object space 76288K, 66% used [0x00000006c0000000,0x00000006c314a680,0x00000006c4a80000)
 Metaspace       used 32765K, capacity 35020K, committed 35072K, reserved 1079296K
  class space    used 4406K, capacity 4819K, committed 4864K, reserved 1048576K
Event: 9.352 GC heap after
Heap after GC invocations=7 (full 1):
 PSYoungGen      total 157696K, used 33538K [0x000000076ab00000, 0x0000000778d80000, 0x00000007c0000000)
  eden space 121344K, 0% used [0x000000076ab00000,0x000000076ab00000,0x0000000772180000)
  from space 36352K, 92% used [0x0000000774a80000,0x0000000776b40a48,0x0000000776e00000)
  to   space 41984K, 0% used [0x0000000772180000,0x0000000772180000,0x0000000774a80000)
 ParOldGen       total 76288K, used 50481K [0x00000006c0000000, 0x00000006c4a80000, 0x000000076ab00000)
  object space 76288K, 66% used [0x00000006c0000000,0x00000006c314c680,0x00000006c4a80000)
 Metaspace       used 32765K, capacity 35020K, committed 35072K, reserved 1079296K
  class space    used 4406K, capacity 4819K, committed 4864K, reserved 1048576K
}
Event: 9.672 GC heap before
{Heap before GC invocations=8 (full 1):
 PSYoungGen      total 157696K, used 154882K [0x000000076ab00000, 0x0000000778d80000, 0x00000007c0000000)
  eden space 121344K, 100% used [0x000000076ab00000,0x0000000772180000,0x0000000772180000)
  from space 36352K, 92% used [0x0000000774a80000,0x0000000776b40a48,0x0000000776e00000)
  to   space 41984K, 0% used [0x0000000772180000,0x0000000772180000,0x0000000774a80000)
 ParOldGen       total 76288K, used 50481K [0x00000006c0000000, 0x00000006c4a80000, 0x000000076ab00000)
  object space 76288K, 66% used [0x00000006c0000000,0x00000006c314c680,0x00000006c4a80000)
 Metaspace       used 32765K, capacity 35020K, committed 35072K, reserved 1079296K
  class space    used 4406K, capacity 4819K, committed 4864K, reserved 1048576K
Event: 9.695 GC heap after
Heap after GC invocations=8 (full 1):
 PSYoungGen      total 163328K, used 41955K [0x000000076ab00000, 0x000000077f400000, 0x00000007c0000000)
  eden space 121344K, 0% used [0x000000076ab00000,0x000000076ab00000,0x0000000772180000)
  from space 41984K, 99% used [0x0000000772180000,0x0000000774a78f38,0x0000000774a80000)
  to   space 58880K, 0% used [0x000000077ba80000,0x000000077ba80000,0x000000077f400000)
 ParOldGen       total 76288K, used 69481K [0x00000006c0000000, 0x00000006c4a80000, 0x000000076ab00000)
  object space 76288K, 91% used [0x00000006c0000000,0x00000006c43da680,0x00000006c4a80000)
 Metaspace       used 32765K, capacity 35020K, committed 35072K, reserved 1079296K
  class space    used 4406K, capacity 4819K, committed 4864K, reserved 1048576K
}
Event: 9.695 GC heap before
{Heap before GC invocations=9 (full 2):
 PSYoungGen      total 163328K, used 41955K [0x000000076ab00000, 0x000000077f400000, 0x00000007c0000000)
  eden space 121344K, 0% used [0x000000076ab00000,0x000000076ab00000,0x0000000772180000)
  from space 41984K, 99% used [0x0000000772180000,0x0000000774a78f38,0x0000000774a80000)
  to   space 58880K, 0% used [0x000000077ba80000,0x000000077ba80000,0x000000077f400000)
 ParOldGen       total 76288K, used 69481K [0x00000006c0000000, 0x00000006c4a80000, 0x000000076ab00000)
  object space 76288K, 91% used [0x00000006c0000000,0x00000006c43da680,0x00000006c4a80000)
 Metaspace       used 32765K, capacity 35020K, committed 35072K, reserved 1079296K
  class space    used 4406K, capacity 4819K, committed 4864K, reserved 1048576K
Event: 9.847 GC heap after
Heap after GC invocations=9 (full 2):
 PSYoungGen      total 163328K, used 31149K [0x000000076ab00000, 0x000000077f400000, 0x00000007c0000000)
  eden space 121344K, 0% used [0x000000076ab00000,0x000000076ab00000,0x0000000772180000)
  from space 41984K, 74% used [0x0000000772180000,0x0000000773feb518,0x0000000774a80000)
  to   space 58880K, 0% used [0x000000077ba80000,0x000000077ba80000,0x000000077f400000)
 ParOldGen       total 193536K, used 75987K [0x00000006c0000000, 0x00000006cbd00000, 0x000000076ab00000)
  object space 193536K, 39% used [0x00000006c0000000,0x00000006c4a34ca0,0x00000006cbd00000)
 Metaspace       used 32765K, capacity 35020K, committed 35072K, reserved 1079296K
  class space    used 4406K, capacity 4819K, committed 4864K, reserved 1048576K
}
Event: 10.198 GC heap before
{Heap before GC invocations=10 (full 2):
 PSYoungGen      total 163328K, used 152493K [0x000000076ab00000, 0x000000077f400000, 0x00000007c0000000)
  eden space 121344K, 100% used [0x000000076ab00000,0x0000000772180000,0x0000000772180000)
  from space 41984K, 74% used [0x0000000772180000,0x0000000773feb518,0x0000000774a80000)
  to   space 58880K, 0% used [0x000000077ba80000,0x000000077ba80000,0x000000077f400000)
 ParOldGen       total 193536K, used 75987K [0x00000006c0000000, 0x00000006cbd00000, 0x000000076ab00000)
  object space 193536K, 39% used [0x00000006c0000000,0x00000006c4a34ca0,0x00000006cbd00000)
 Metaspace       used 32765K, capacity 35020K, committed 35072K, reserved 1079296K
  class space    used 4406K, capacity 4819K, committed 4864K, reserved 1048576K
Event: 10.223 GC heap after
Heap after GC invocations=10 (full 2):
 PSYoungGen      total 262144K, used 56684K [0x000000076ab00000, 0x000000077f780000, 0x00000007c0000000)
  eden space 203264K, 0% used [0x000000076ab00000,0x000000076ab00000,0x0000000777180000)
  from space 58880K, 96% used [0x000000077ba80000,0x000000077f1db150,0x000000077f400000)
  to   space 68608K, 0% used [0x0000000777180000,0x0000000777180000,0x000000077b480000)
 ParOldGen       total 193536K, used 76459K [0x00000006c0000000, 0x00000006cbd00000, 0x000000076ab00000)
  object space 193536K, 39% used [0x00000006c0000000,0x00000006c4aaaca0,0x00000006cbd00000)
 Metaspace       used 32765K, capacity 35020K, committed 35072K, reserved 1079296K
  class space    used 4406K, capacity 4819K, committed 4864K, reserved 1048576K
}
Event: 10.658 GC heap before
{Heap before GC invocations=11 (full 2):
 PSYoungGen      total 262144K, used 259948K [0x000000076ab00000, 0x000000077f780000, 0x00000007c0000000)
  eden space 203264K, 100% used [0x000000076ab00000,0x0000000777180000,0x0000000777180000)
  from space 58880K, 96% used [0x000000077ba80000,0x000000077f1db150,0x000000077f400000)
  to   space 68608K, 0% used [0x0000000777180000,0x0000000777180000,0x000000077b480000)
 ParOldGen       total 193536K, used 76459K [0x00000006c0000000, 0x00000006cbd00000, 0x000000076ab00000)
  object space 193536K, 39% used [0x00000006c0000000,0x00000006c4aaaca0,0x00000006cbd00000)
 Metaspace       used 32765K, capacity 35020K, committed 35072K, reserved 1079296K
  class space    used 4406K, capacity 4819K, committed 4864K, reserved 1048576K
Event: 10.694 GC heap after
Heap after GC invocations=11 (full 2):
 PSYoungGen      total 271872K, used 68592K [0x000000076ab00000, 0x0000000787a00000, 0x00000007c0000000)
  eden space 203264K, 0% used [0x000000076ab00000,0x000000076ab00000,0x0000000777180000)
  from space 68608K, 99% used [0x0000000777180000,0x000000077b47c2b8,0x000000077b480000)
  to   space 90624K, 0% used [0x0000000782180000,0x0000000782180000,0x0000000787a00000)
 ParOldGen       total 193536K, used 104139K [0x00000006c0000000, 0x00000006cbd00000, 0x000000076ab00000)
  object space 193536K, 53% used [0x00000006c0000000,0x00000006c65b2ca0,0x00000006cbd00000)
 Metaspace       used 32765K, capacity 35020K, committed 35072K, reserved 1079296K
  class space    used 4406K, capacity 4819K, committed 4864K, reserved 1048576K
}
Event: 11.073 GC heap before
{Heap before GC invocations=12 (full 2):
 PSYoungGen      total 271872K, used 271856K [0x000000076ab00000, 0x0000000787a00000, 0x00000007c0000000)
  eden space 203264K, 100% used [0x000000076ab00000,0x0000000777180000,0x0000000777180000)
  from space 68608K, 99% used [0x0000000777180000,0x000000077b47c2b8,0x000000077b480000)
  to   space 90624K, 0% used [0x0000000782180000,0x0000000782180000,0x0000000787a00000)
 ParOldGen       total 193536K, used 104139K [0x00000006c0000000, 0x00000006cbd00000, 0x000000076ab00000)
  object space 193536K, 53% used [0x00000006c0000000,0x00000006c65b2ca0,0x00000006cbd00000)
 Metaspace       used 32765K, capacity 35020K, committed 35072K, reserved 1079296K
  class space    used 4406K, capacity 4819K, committed 4864K, reserved 1048576K
Event: 11.108 GC heap after
Heap after GC invocations=12 (full 2):
 PSYoungGen      total 374784K, used 74176K [0x000000076ab00000, 0x0000000789000000, 0x00000007c0000000)
  eden space 284160K, 0% used [0x000000076ab00000,0x000000076ab00000,0x000000077c080000)
  from space 90624K, 81% used [0x0000000782180000,0x00000007869f0398,0x0000000787a00000)
  to   space 99328K, 0% used [0x000000077c080000,0x000000077c080000,0x0000000782180000)
 ParOldGen       total 193536K, used 134443K [0x00000006c0000000, 0x00000006cbd00000, 0x000000076ab00000)
  object space 193536K, 69% used [0x00000006c0000000,0x00000006c834aca0,0x00000006cbd00000)
 Metaspace       used 32765K, capacity 35020K, committed 35072K, reserved 1079296K
  class space    used 4406K, capacity 4819K, committed 4864K, reserved 1048576K
}
Event: 11.589 GC heap before
{Heap before GC invocations=13 (full 2):
 PSYoungGen      total 374784K, used 358336K [0x000000076ab00000, 0x0000000789000000, 0x00000007c0000000)
  eden space 284160K, 100% used [0x000000076ab00000,0x000000077c080000,0x000000077c080000)
  from space 90624K, 81% used [0x0000000782180000,0x00000007869f0398,0x0000000787a00000)
  to   space 99328K, 0% used [0x000000077c080000,0x000000077c080000,0x0000000782180000)
 ParOldGen       total 193536K, used 134443K [0x00000006c0000000, 0x00000006cbd00000, 0x000000076ab00000)
  object space 193536K, 69% used [0x00000006c0000000,0x00000006c834aca0,0x00000006cbd00000)
 Metaspace       used 32765K, capacity 35020K, committed 35072K, reserved 1079296K
  class space    used 4406K, capacity 4819K, committed 4864K, reserved 1048576K
Event: 11.634 GC heap after
Heap after GC invocations=13 (full 2):
 PSYoungGen      total 383488K, used 44869K [0x000000076ab00000, 0x000000078fe80000, 0x00000007c0000000)
  eden space 284160K, 0% used [0x000000076ab00000,0x000000076ab00000,0x000000077c080000)
  from space 99328K, 45% used [0x000000077c080000,0x000000077ec514c8,0x0000000782180000)
  to   space 94720K, 0% used [0x000000078a200000,0x000000078a200000,0x000000078fe80000)
 ParOldGen       total 208896K, used 208466K [0x00000006c0000000, 0x00000006ccc00000, 0x000000076ab00000)
  object space 208896K, 99% used [0x00000006c0000000,0x00000006ccb948d8,0x00000006ccc00000)
 Metaspace       used 32765K, capacity 35020K, committed 35072K, reserved 1079296K
  class space    used 4406K, capacity 4819K, committed 4864K, reserved 1048576K
}
Event: 11.634 GC heap before
{Heap before GC invocations=14 (full 3):
 PSYoungGen      total 383488K, used 44869K [0x000000076ab00000, 0x000000078fe80000, 0x00000007c0000000)
  eden space 284160K, 0% used [0x000000076ab00000,0x000000076ab00000,0x000000077c080000)
  from space 99328K, 45% used [0x000000077c080000,0x000000077ec514c8,0x0000000782180000)
  to   space 94720K, 0% used [0x000000078a200000,0x000000078a200000,0x000000078fe80000)
 ParOldGen       total 208896K, used 208466K [0x00000006c0000000, 0x00000006ccc00000, 0x000000076ab00000)
  object space 208896K, 99% used [0x00000006c0000000,0x00000006ccb948d8,0x00000006ccc00000)
 Metaspace       used 32765K, capacity 35020K, committed 35072K, reserved 1079296K
  class space    used 4406K, capacity 4819K, committed 4864K, reserved 1048576K
Event: 12.171 GC heap after
Heap after GC invocations=14 (full 3):
 PSYoungGen      total 383488K, used 43145K [0x000000076ab00000, 0x000000078fe80000, 0x00000007c0000000)
  eden space 284160K, 0% used [0x000000076ab00000,0x000000076ab00000,0x000000077c080000)
  from space 99328K, 43% used [0x000000077c080000,0x000000077eaa24a8,0x0000000782180000)
  to   space 94720K, 0% used [0x000000078a200000,0x000000078a200000,0x000000078fe80000)
 ParOldGen       total 388608K, used 208401K [0x00000006c0000000, 0x00000006d7b80000, 0x000000076ab00000)
  object space 388608K, 53% used [0x00000006c0000000,0x00000006ccb84458,0x00000006d7b80000)
 Metaspace       used 32765K, capacity 35020K, committed 35072K, reserved 1079296K
  class space    used 4406K, capacity 4819K, committed 4864K, reserved 1048576K
}
Event: 12.710 GC heap before
{Heap before GC invocations=15 (full 3):
 PSYoungGen      total 383488K, used 327305K [0x000000076ab00000, 0x000000078fe80000, 0x00000007c0000000)
  eden space 284160K, 100% used [0x000000076ab00000,0x000000077c080000,0x000000077c080000)
  from space 99328K, 43% used [0x000000077c080000,0x000000077eaa24a8,0x0000000782180000)
  to   space 94720K, 0% used [0x000000078a200000,0x000000078a200000,0x000000078fe80000)
 ParOldGen       total 388608K, used 208401K [0x00000006c0000000, 0x00000006d7b80000, 0x000000076ab00000)
  object space 388608K, 53% used [0x00000006c0000000,0x00000006ccb84458,0x00000006d7b80000)
 Metaspace       used 32765K, capacity 35020K, committed 35072K, reserved 1079296K
  class space    used 4406K, capacity 4819K, committed 4864K, reserved 1048576K
Event: 12.757 GC heap after
Heap after GC invocations=15 (full 3):
 PSYoungGen      total 394240K, used 42320K [0x000000076ab00000, 0x000000078cb80000, 0x00000007c0000000)
  eden space 351744K, 0% used [0x000000076ab00000,0x000000076ab00000,0x0000000780280000)
  from space 42496K, 99% used [0x000000078a200000,0x000000078cb54120,0x000000078cb80000)
  to   space 89600K, 0% used [0x0000000781c80000,0x0000000781c80000,0x0000000787400000)
 ParOldGen       total 388608K, used 251834K [0x00000006c0000000, 0x00000006d7b80000, 0x000000076ab00000)
  object space 388608K, 64% used [0x00000006c0000000,0x00000006cf5ee970,0x00000006d7b80000)
 Metaspace       used 32765K, capacity 35020K, committed 35072K, reserved 1079296K
  class space    used 4406K, capacity 4819K, committed 4864K, reserved 1048576K
}
Event: 13.299 GC heap before
{Heap before GC invocations=16 (full 3):
 PSYoungGen      total 394240K, used 394064K [0x000000076ab00000, 0x000000078cb80000, 0x00000007c0000000)
  eden space 351744K, 100% used [0x000000076ab00000,0x0000000780280000,0x0000000780280000)
  from space 42496K, 99% used [0x000000078a200000,0x000000078cb54120,0x000000078cb80000)
  to   space 89600K, 0% used [0x0000000781c80000,0x0000000781c80000,0x0000000787400000)
 ParOldGen       total 388608K, used 251834K [0x00000006c0000000, 0x00000006d7b80000, 0x000000076ab00000)
  object space 388608K, 64% used [0x00000006c0000000,0x00000006cf5ee970,0x00000006d7b80000)
 Metaspace       used 32765K, capacity 35020K, committed 35072K, reserved 1079296K
  class space    used 4406K, capacity 4819K, committed 4864K, reserved 1048576K
Event: 13.335 GC heap after
Heap after GC invocations=16 (full 3):
 PSYoungGen      total 467968K, used 88485K [0x000000076ab00000, 0x0000000791d00000, 0x00000007c0000000)
  eden space 378368K, 0% used [0x000000076ab00000,0x000000076ab00000,0x0000000781c80000)
  from space 89600K, 98% used [0x0000000781c80000,0x00000007872e9588,0x0000000787400000)
  to   space 102400K, 0% used [0x000000078b900000,0x000000078b900000,0x0000000791d00000)
 ParOldGen       total 388608K, used 251834K [0x00000006c0000000, 0x00000006d7b80000, 0x000000076ab00000)
  object space 388608K, 64% used [0x00000006c0000000,0x00000006cf5ee970,0x00000006d7b80000)
 Metaspace       used 32765K, capacity 35020K, committed 35072K, reserved 1079296K
  class space    used 4406K, capacity 4819K, committed 4864K, reserved 1048576K
}
Event: 13.946 GC heap before
{Heap before GC invocations=17 (full 3):
 PSYoungGen      total 467968K, used 466853K [0x000000076ab00000, 0x0000000791d00000, 0x00000007c0000000)
  eden space 378368K, 100% used [0x000000076ab00000,0x0000000781c80000,0x0000000781c80000)
  from space 89600K, 98% used [0x0000000781c80000,0x00000007872e9588,0x0000000787400000)
  to   space 102400K, 0% used [0x000000078b900000,0x000000078b900000,0x0000000791d00000)
 ParOldGen       total 388608K, used 251834K [0x00000006c0000000, 0x00000006d7b80000, 0x000000076ab00000)
  object space 388608K, 64% used [0x00000006c0000000,0x00000006cf5ee970,0x00000006d7b80000)
 Metaspace       used 32765K, capacity 35020K, committed 35072K, reserved 1079296K
  class space    used 4406K, capacity 4819K, committed 4864K, reserved 1048576K
Event: 14.021 GC heap after
Heap after GC invocations=17 (full 3):
 PSYoungGen      total 511488K, used 102394K [0x000000076ab00000, 0x0000000797d00000, 0x00000007c0000000)
  eden space 409088K, 0% used [0x000000076ab00000,0x000000076ab00000,0x0000000783a80000)
  from space 102400K, 99% used [0x000000078b900000,0x0000000791cfe9a8,0x0000000791d00000)
  to   space 129536K, 0% used [0x0000000783a80000,0x0000000783a80000,0x000000078b900000)
 ParOldGen       total 388608K, used 284890K [0x00000006c0000000, 0x00000006d7b80000, 0x000000076ab00000)
  object space 388608K, 73% used [0x00000006c0000000,0x00000006d1636970,0x00000006d7b80000)
 Metaspace       used 32765K, capacity 35020K, committed 35072K, reserved 1079296K
  class space    used 4406K, capacity 4819K, committed 4864K, reserved 1048576K
}
Event: 14.544 GC heap before
{Heap before GC invocations=18 (full 3):
 PSYoungGen      total 511488K, used 511482K [0x000000076ab00000, 0x0000000797d00000, 0x00000007c0000000)
  eden space 409088K, 100% used [0x000000076ab00000,0x0000000783a80000,0x0000000783a80000)
  from space 102400K, 99% used [0x000000078b900000,0x0000000791cfe9a8,0x0000000791d00000)
  to   space 129536K, 0% used [0x0000000783a80000,0x0000000783a80000,0x000000078b900000)
 ParOldGen       total 388608K, used 284890K [0x00000006c0000000, 0x00000006d7b80000, 0x000000076ab00000)
  object space 388608K, 73% used [0x00000006c0000000,0x00000006d1636970,0x00000006d7b80000)
 Metaspace       used 32765K, capacity 35020K, committed 35072K, reserved 1079296K
  class space    used 4406K, capacity 4819K, committed 4864K, reserved 1048576K
Event: 14.597 GC heap after
Heap after GC invocations=18 (full 3):
 PSYoungGen      total 538624K, used 95209K [0x000000076ab00000, 0x000000079b680000, 0x00000007c0000000)
  eden space 409088K, 0% used [0x000000076ab00000,0x000000076ab00000,0x0000000783a80000)
  from space 129536K, 73% used [0x0000000783a80000,0x000000078977a600,0x000000078b900000)
  to   space 137216K, 0% used [0x0000000793080000,0x0000000793080000,0x000000079b680000)
 ParOldGen       total 388608K, used 337802K [0x00000006c0000000, 0x00000006d7b80000, 0x000000076ab00000)
  object space 388608K, 86% used [0x00000006c0000000,0x00000006d49e2970,0x00000006d7b80000)
 Metaspace       used 32765K, capacity 35020K, committed 35072K, reserved 1079296K
  class space    used 4406K, capacity 4819K, committed 4864K, reserved 1048576K
}
Event: 14.597 GC heap before
{Heap before GC invocations=19 (full 4):
 PSYoungGen      total 538624K, used 95209K [0x000000076ab00000, 0x000000079b680000, 0x00000007c0000000)
  eden space 409088K, 0% used [0x000000076ab00000,0x000000076ab00000,0x0000000783a80000)
  from space 129536K, 73% used [0x0000000783a80000,0x000000078977a600,0x000000078b900000)
  to   space 137216K, 0% used [0x0000000793080000,0x0000000793080000,0x000000079b680000)
 ParOldGen       total 388608K, used 337802K [0x00000006c0000000, 0x00000006d7b80000, 0x000000076ab00000)
  object space 388608K, 86% used [0x00000006c0000000,0x00000006d49e2970,0x00000006d7b80000)
 Metaspace       used 32765K, capacity 35020K, committed 35072K, reserved 1079296K
  class space    used 4406K, capacity 4819K, committed 4864K, reserved 1048576K
Event: 14.952 GC heap after
Heap after GC invocations=19 (full 4):
 PSYoungGen      total 538624K, used 40216K [0x000000076ab00000, 0x000000079b680000, 0x00000007c0000000)
  eden space 409088K, 0% used [0x000000076ab00000,0x000000076ab00000,0x0000000783a80000)
  from space 129536K, 31% used [0x0000000783a80000,0x00000007861c6328,0x000000078b900000)
  to   space 137216K, 0% used [0x0000000793080000,0x0000000793080000,0x000000079b680000)
 ParOldGen       total 622080K, used 388162K [0x00000006c0000000, 0x00000006e5f80000, 0x000000076ab00000)
  object space 622080K, 62% used [0x00000006c0000000,0x00000006d7b10b90,0x00000006e5f80000)
 Metaspace       used 32765K, capacity 35020K, committed 35072K, reserved 1079296K
  class space    used 4406K, capacity 4819K, committed 4864K, reserved 1048576K
}
Event: 15.491 GC heap before
{Heap before GC invocations=20 (full 4):
 PSYoungGen      total 538624K, used 449304K [0x000000076ab00000, 0x000000079b680000, 0x00000007c0000000)
  eden space 409088K, 100% used [0x000000076ab00000,0x0000000783a80000,0x0000000783a80000)
  from space 129536K, 31% used [0x0000000783a80000,0x00000007861c6328,0x000000078b900000)
  to   space 137216K, 0% used [0x0000000793080000,0x0000000793080000,0x000000079b680000)
 ParOldGen       total 622080K, used 388162K [0x00000006c0000000, 0x00000006e5f80000, 0x000000076ab00000)
  object space 622080K, 62% used [0x00000006c0000000,0x00000006d7b10b90,0x00000006e5f80000)
 Metaspace       used 32765K, capacity 35020K, committed 35072K, reserved 1079296K
  class space    used 4406K, capacity 4819K, committed 4864K, reserved 1048576K
Event: 15.543 GC heap after
Heap after GC invocations=20 (full 4):
 PSYoungGen      total 640512K, used 82068K [0x000000076ab00000, 0x000000079ad00000, 0x00000007c0000000)
  eden space 513024K, 0% used [0x000000076ab00000,0x000000076ab00000,0x000000078a000000)
  from space 127488K, 64% used [0x0000000793080000,0x00000007980a5298,0x000000079ad00000)
  to   space 137728K, 0% used [0x000000078a000000,0x000000078a000000,0x0000000792680000)
 ParOldGen       total 622080K, used 388162K [0x00000006c0000000, 0x00000006e5f80000, 0x000000076ab00000)
  object space 622080K, 62% used [0x00000006c0000000,0x00000006d7b10b90,0x00000006e5f80000)
 Metaspace       used 32765K, capacity 35020K, committed 35072K, reserved 1079296K
  class space    used 4406K, capacity 4819K, committed 4864K, reserved 1048576K
}

