# JRE version: OpenJDK Runtime Environment (8.0_282-b08) (build 1.8.0_282-b08)
# Java VM: OpenJDK 64-Bit Server VM (25.282-b08 mixed mode bsd-aarch64 compressed oops)
Heap:
 PSYoungGen      total 514048K, used 154067K [0x000000076ab00000, 0x0000000798780000, 0x00000007c0000000)
  eden space 409088K, 12% used [0x000000076ab00000,0x000000076daf5b68,0x0000000783a80000)
  from space 104960K, 99% used [0x000000078bb80000,0x00000007921ff0d8,0x0000000792200000)
  to   space 132096K, 0% used [0x0000000783a80000,0x0000000783a80000,0x000000078bb80000)
 ParOldGen       total 397312K, used 289527K [0x00000006c0000000, 0x00000006d8400000, 0x000000076ab00000)
  object space 397312K, 72% used [0x00000006c0000000,0x00000006d1abddc0,0x00000006d8400000)
 Metaspace       used 32713K, capacity 34992K, committed 35072K, reserved 1079296K
  class space    used 4397K, capacity 4809K, committed 4864K, reserved 1048576K
GC Heap History (34 events):
Event: 1.033 GC heap before
{Heap before GC invocations=1 (full 0):
 PSYoungGen      total 76288K, used 65536K [0x000000076ab00000, 0x0000000770000000, 0x00000007c0000000)
  eden space 65536K, 100% used [0x000000076ab00000,0x000000076eb00000,0x000000076eb00000)
  from space 10752K, 0% used [0x000000076f580000,0x000000076f580000,0x0000000770000000)
  to   space 10752K, 0% used [0x000000076eb00000,0x000000076eb00000,0x000000076f580000)
 ParOldGen       total 175104K, used 0K [0x00000006c0000000, 0x00000006cab00000, 0x000000076ab00000)
  object space 175104K, 0% used [0x00000006c0000000,0x00000006c0000000,0x00000006cab00000)
 Metaspace       used 18872K, capacity 20150K, committed 20224K, reserved 1067008K
  class space    used 2773K, capacity 3061K, committed 3072K, reserved 1048576K
Event: 1.038 GC heap after
Heap after GC invocations=1 (full 0):
 PSYoungGen      total 76288K, used 10747K [0x000000076ab00000, 0x0000000770000000, 0x00000007c0000000)
  eden space 65536K, 0% used [0x000000076ab00000,0x000000076ab00000,0x000000076eb00000)
  from space 10752K, 99% used [0x000000076eb00000,0x000000076f57ee58,0x000000076f580000)
  to   space 10752K, 0% used [0x000000076f580000,0x000000076f580000,0x0000000770000000)
 ParOldGen       total 175104K, used 639K [0x00000006c0000000, 0x00000006cab00000, 0x000000076ab00000)
  object space 175104K, 0% used [0x00000006c0000000,0x00000006c009ff68,0x00000006cab00000)
 Metaspace       used 18872K, capacity 20150K, committed 20224K, reserved 1067008K
  class space    used 2773K, capacity 3061K, committed 3072K, reserved 1048576K
}
Event: 3.758 GC heap before
{Heap before GC invocations=2 (full 0):
 PSYoungGen      total 76288K, used 18244K [0x000000076ab00000, 0x0000000770000000, 0x00000007c0000000)
  eden space 65536K, 11% used [0x000000076ab00000,0x000000076b252360,0x000000076eb00000)
  from space 10752K, 99% used [0x000000076eb00000,0x000000076f57ee58,0x000000076f580000)
  to   space 10752K, 0% used [0x000000076f580000,0x000000076f580000,0x0000000770000000)
 ParOldGen       total 175104K, used 639K [0x00000006c0000000, 0x00000006cab00000, 0x000000076ab00000)
  object space 175104K, 0% used [0x00000006c0000000,0x00000006c009ff68,0x00000006cab00000)
 Metaspace       used 19928K, capacity 21162K, committed 21296K, reserved 1067008K
  class space    used 2846K, capacity 3107K, committed 3200K, reserved 1048576K
Event: 3.763 GC heap after
Heap after GC invocations=2 (full 0):
 PSYoungGen      total 76288K, used 9323K [0x000000076ab00000, 0x0000000770000000, 0x00000007c0000000)
  eden space 65536K, 0% used [0x000000076ab00000,0x000000076ab00000,0x000000076eb00000)
  from space 10752K, 86% used [0x000000076f580000,0x000000076fe9aeb8,0x0000000770000000)
  to   space 10752K, 0% used [0x000000076eb00000,0x000000076eb00000,0x000000076f580000)
 ParOldGen       total 175104K, used 647K [0x00000006c0000000, 0x00000006cab00000, 0x000000076ab00000)
  object space 175104K, 0% used [0x00000006c0000000,0x00000006c00a1f68,0x00000006cab00000)
 Metaspace       used 19928K, capacity 21162K, committed 21296K, reserved 1067008K
  class space    used 2846K, capacity 3107K, committed 3200K, reserved 1048576K
}
Event: 3.763 GC heap before
{Heap before GC invocations=3 (full 1):
 PSYoungGen      total 76288K, used 9323K [0x000000076ab00000, 0x0000000770000000, 0x00000007c0000000)
  eden space 65536K, 0% used [0x000000076ab00000,0x000000076ab00000,0x000000076eb00000)
  from space 10752K, 86% used [0x000000076f580000,0x000000076fe9aeb8,0x0000000770000000)
  to   space 10752K, 0% used [0x000000076eb00000,0x000000076eb00000,0x000000076f580000)
 ParOldGen       total 175104K, used 647K [0x00000006c0000000, 0x00000006cab00000, 0x000000076ab00000)
  object space 175104K, 0% used [0x00000006c0000000,0x00000006c00a1f68,0x00000006cab00000)
 Metaspace       used 19928K, capacity 21162K, committed 21296K, reserved 1067008K
  class space    used 2846K, capacity 3107K, committed 3200K, reserved 1048576K
Event: 3.787 GC heap after
Heap after GC invocations=3 (full 1):
 PSYoungGen      total 76288K, used 0K [0x000000076ab00000, 0x0000000770000000, 0x00000007c0000000)
  eden space 65536K, 0% used [0x000000076ab00000,0x000000076ab00000,0x000000076eb00000)
  from space 10752K, 0% used [0x000000076f580000,0x000000076f580000,0x0000000770000000)
  to   space 10752K, 0% used [0x000000076eb00000,0x000000076eb00000,0x000000076f580000)
 ParOldGen       total 76288K, used 9507K [0x00000006c0000000, 0x00000006c4a80000, 0x000000076ab00000)
  object space 76288K, 12% used [0x00000006c0000000,0x00000006c0948fb8,0x00000006c4a80000)
 Metaspace       used 19928K, capacity 21162K, committed 21296K, reserved 1067008K
  class space    used 2846K, capacity 3107K, committed 3200K, reserved 1048576K
}
Event: 5.240 GC heap before
{Heap before GC invocations=4 (full 1):
 PSYoungGen      total 76288K, used 65536K [0x000000076ab00000, 0x0000000770000000, 0x00000007c0000000)
  eden space 65536K, 100% used [0x000000076ab00000,0x000000076eb00000,0x000000076eb00000)
  from space 10752K, 0% used [0x000000076f580000,0x000000076f580000,0x0000000770000000)
  to   space 10752K, 0% used [0x000000076eb00000,0x000000076eb00000,0x000000076f580000)
 ParOldGen       total 76288K, used 9507K [0x00000006c0000000, 0x00000006c4a80000, 0x000000076ab00000)
  object space 76288K, 12% used [0x00000006c0000000,0x00000006c0948fb8,0x00000006c4a80000)
 Metaspace       used 29581K, capacity 31426K, committed 31616K, reserved 1077248K
  class space    used 4020K, capacity 4364K, committed 4480K, reserved 1048576K
Event: 5.247 GC heap after
Heap after GC invocations=4 (full 1):
 PSYoungGen      total 76288K, used 10734K [0x000000076ab00000, 0x0000000771880000, 0x00000007c0000000)
  eden space 65536K, 0% used [0x000000076ab00000,0x000000076ab00000,0x000000076eb00000)
  from space 10752K, 99% used [0x000000076eb00000,0x000000076f57b880,0x000000076f580000)
  to   space 10752K, 0% used [0x0000000770e00000,0x0000000770e00000,0x0000000771880000)
 ParOldGen       total 76288K, used 11082K [0x00000006c0000000, 0x00000006c4a80000, 0x000000076ab00000)
  object space 76288K, 14% used [0x00000006c0000000,0x00000006c0ad2ae8,0x00000006c4a80000)
 Metaspace       used 29581K, capacity 31426K, committed 31616K, reserved 1077248K
  class space    used 4020K, capacity 4364K, committed 4480K, reserved 1048576K
}
Event: 6.790 GC heap before
{Heap before GC invocations=5 (full 1):
 PSYoungGen      total 76288K, used 76270K [0x000000076ab00000, 0x0000000771880000, 0x00000007c0000000)
  eden space 65536K, 100% used [0x000000076ab00000,0x000000076eb00000,0x000000076eb00000)
  from space 10752K, 99% used [0x000000076eb00000,0x000000076f57b880,0x000000076f580000)
  to   space 10752K, 0% used [0x0000000770e00000,0x0000000770e00000,0x0000000771880000)
 ParOldGen       total 76288K, used 11082K [0x00000006c0000000, 0x00000006c4a80000, 0x000000076ab00000)
  object space 76288K, 14% used [0x00000006c0000000,0x00000006c0ad2b00,0x00000006c4a80000)
 Metaspace       used 32056K, capacity 34200K, committed 34560K, reserved 1079296K
  class space    used 4358K, capacity 4743K, committed 4864K, reserved 1048576K
Event: 6.804 GC heap after
Heap after GC invocations=5 (full 1):
 PSYoungGen      total 101376K, used 10743K [0x000000076ab00000, 0x0000000771d00000, 0x00000007c0000000)
  eden space 90624K, 0% used [0x000000076ab00000,0x000000076ab00000,0x0000000770380000)
  from space 10752K, 99% used [0x0000000770e00000,0x000000077187df58,0x0000000771880000)
  to   space 10752K, 0% used [0x0000000770380000,0x0000000770380000,0x0000000770e00000)
 ParOldGen       total 76288K, used 29035K [0x00000006c0000000, 0x00000006c4a80000, 0x000000076ab00000)
  object space 76288K, 38% used [0x00000006c0000000,0x00000006c1c5ae00,0x00000006c4a80000)
 Metaspace       used 32056K, capacity 34200K, committed 34560K, reserved 1079296K
  class space    used 4358K, capacity 4743K, committed 4864K, reserved 1048576K
}
Event: 9.520 GC heap before
{Heap before GC invocations=6 (full 1):
 PSYoungGen      total 101376K, used 101367K [0x000000076ab00000, 0x0000000771d00000, 0x00000007c0000000)
  eden space 90624K, 100% used [0x000000076ab00000,0x0000000770380000,0x0000000770380000)
  from space 10752K, 99% used [0x0000000770e00000,0x000000077187df58,0x0000000771880000)
  to   space 10752K, 0% used [0x0000000770380000,0x0000000770380000,0x0000000770e00000)
 ParOldGen       total 76288K, used 29038K [0x00000006c0000000, 0x00000006c4a80000, 0x000000076ab00000)
  object space 76288K, 38% used [0x00000006c0000000,0x00000006c1c5ba98,0x00000006c4a80000)
 Metaspace       used 32712K, capacity 34992K, committed 35072K, reserved 1079296K
  class space    used 4397K, capacity 4809K, committed 4864K, reserved 1048576K
Event: 9.535 GC heap after
Heap after GC invocations=6 (full 1):
 PSYoungGen      total 101376K, used 10749K [0x000000076ab00000, 0x0000000777400000, 0x00000007c0000000)
  eden space 90624K, 0% used [0x000000076ab00000,0x000000076ab00000,0x0000000770380000)
  from space 10752K, 99% used [0x0000000770380000,0x0000000770dff488,0x0000000770e00000)
  to   space 36864K, 0% used [0x0000000775000000,0x0000000775000000,0x0000000777400000)
 ParOldGen       total 76288K, used 50998K [0x00000006c0000000, 0x00000006c4a80000, 0x000000076ab00000)
  object space 76288K, 66% used [0x00000006c0000000,0x00000006c31cd958,0x00000006c4a80000)
 Metaspace       used 32712K, capacity 34992K, committed 35072K, reserved 1079296K
  class space    used 4397K, capacity 4809K, committed 4864K, reserved 1048576K
}
Event: 9.832 GC heap before
{Heap before GC invocations=7 (full 1):
 PSYoungGen      total 101376K, used 101373K [0x000000076ab00000, 0x0000000777400000, 0x00000007c0000000)
  eden space 90624K, 100% used [0x000000076ab00000,0x0000000770380000,0x0000000770380000)
  from space 10752K, 99% used [0x0000000770380000,0x0000000770dff488,0x0000000770e00000)
  to   space 36864K, 0% used [0x0000000775000000,0x0000000775000000,0x0000000777400000)
 ParOldGen       total 76288K, used 50998K [0x00000006c0000000, 0x00000006c4a80000, 0x000000076ab00000)
  object space 76288K, 66% used [0x00000006c0000000,0x00000006c31cd958,0x00000006c4a80000)
 Metaspace       used 32713K, capacity 34992K, committed 35072K, reserved 1079296K
  class space    used 4397K, capacity 4809K, committed 4864K, reserved 1048576K
Event: 9.844 GC heap after
Heap after GC invocations=7 (full 1):
 PSYoungGen      total 163328K, used 33816K [0x000000076ab00000, 0x0000000779300000, 0x00000007c0000000)
  eden space 126464K, 0% used [0x000000076ab00000,0x000000076ab00000,0x0000000772680000)
  from space 36864K, 91% used [0x0000000775000000,0x00000007771062a8,0x0000000777400000)
  to   space 42496K, 0% used [0x0000000772680000,0x0000000772680000,0x0000000775000000)
 ParOldGen       total 76288K, used 50998K [0x00000006c0000000, 0x00000006c4a80000, 0x000000076ab00000)
  object space 76288K, 66% used [0x00000006c0000000,0x00000006c31cd958,0x00000006c4a80000)
 Metaspace       used 32713K, capacity 34992K, committed 35072K, reserved 1079296K
  class space    used 4397K, capacity 4809K, committed 4864K, reserved 1048576K
}
Event: 10.195 GC heap before
{Heap before GC invocations=8 (full 1):
 PSYoungGen      total 163328K, used 160280K [0x000000076ab00000, 0x0000000779300000, 0x00000007c0000000)
  eden space 126464K, 100% used [0x000000076ab00000,0x0000000772680000,0x0000000772680000)
  from space 36864K, 91% used [0x0000000775000000,0x00000007771062a8,0x0000000777400000)
  to   space 42496K, 0% used [0x0000000772680000,0x0000000772680000,0x0000000775000000)
 ParOldGen       total 76288K, used 50998K [0x00000006c0000000, 0x00000006c4a80000, 0x000000076ab00000)
  object space 76288K, 66% used [0x00000006c0000000,0x00000006c31cd958,0x00000006c4a80000)
 Metaspace       used 32713K, capacity 34992K, committed 35072K, reserved 1079296K
  class space    used 4397K, capacity 4809K, committed 4864K, reserved 1048576K
Event: 10.220 GC heap after
Heap after GC invocations=8 (full 1):
 PSYoungGen      total 168960K, used 42464K [0x000000076ab00000, 0x0000000780000000, 0x00000007c0000000)
  eden space 126464K, 0% used [0x000000076ab00000,0x000000076ab00000,0x0000000772680000)
  from space 42496K, 99% used [0x0000000772680000,0x0000000774ff80a0,0x0000000775000000)
  to   space 59904K, 0% used [0x000000077c580000,0x000000077c580000,0x0000000780000000)
 ParOldGen       total 76288K, used 70614K [0x00000006c0000000, 0x00000006c4a80000, 0x000000076ab00000)
  object space 76288K, 92% used [0x00000006c0000000,0x00000006c44f5958,0x00000006c4a80000)
 Metaspace       used 32713K, capacity 34992K, committed 35072K, reserved 1079296K
  class space    used 4397K, capacity 4809K, committed 4864K, reserved 1048576K
}
Event: 10.220 GC heap before
{Heap before GC invocations=9 (full 2):
 PSYoungGen      total 168960K, used 42464K [0x000000076ab00000, 0x0000000780000000, 0x00000007c0000000)
  eden space 126464K, 0% used [0x000000076ab00000,0x000000076ab00000,0x0000000772680000)
  from space 42496K, 99% used [0x0000000772680000,0x0000000774ff80a0,0x0000000775000000)
  to   space 59904K, 0% used [0x000000077c580000,0x000000077c580000,0x0000000780000000)
 ParOldGen       total 76288K, used 70614K [0x00000006c0000000, 0x00000006c4a80000, 0x000000076ab00000)
  object space 76288K, 92% used [0x00000006c0000000,0x00000006c44f5958,0x00000006c4a80000)
 Metaspace       used 32713K, capacity 34992K, committed 35072K, reserved 1079296K
  class space    used 4397K, capacity 4809K, committed 4864K, reserved 1048576K
Event: 10.381 GC heap after
Heap after GC invocations=9 (full 2):
 PSYoungGen      total 168960K, used 33191K [0x000000076ab00000, 0x0000000780000000, 0x00000007c0000000)
  eden space 126464K, 0% used [0x000000076ab00000,0x000000076ab00000,0x0000000772680000)
  from space 42496K, 78% used [0x0000000772680000,0x00000007746e9cc8,0x0000000775000000)
  to   space 59904K, 0% used [0x000000077c580000,0x000000077c580000,0x0000000780000000)
 ParOldGen       total 194048K, used 75841K [0x00000006c0000000, 0x00000006cbd80000, 0x000000076ab00000)
  object space 194048K, 39% used [0x00000006c0000000,0x00000006c4a10480,0x00000006cbd80000)
 Metaspace       used 32713K, capacity 34992K, committed 35072K, reserved 1079296K
  class space    used 4397K, capacity 4809K, committed 4864K, reserved 1048576K
}
Event: 10.813 GC heap before
{Heap before GC invocations=10 (full 2):
 PSYoungGen      total 168960K, used 159655K [0x000000076ab00000, 0x0000000780000000, 0x00000007c0000000)
  eden space 126464K, 100% used [0x000000076ab00000,0x0000000772680000,0x0000000772680000)
  from space 42496K, 78% used [0x0000000772680000,0x00000007746e9cc8,0x0000000775000000)
  to   space 59904K, 0% used [0x000000077c580000,0x000000077c580000,0x0000000780000000)
 ParOldGen       total 194048K, used 75841K [0x00000006c0000000, 0x00000006cbd80000, 0x000000076ab00000)
  object space 194048K, 39% used [0x00000006c0000000,0x00000006c4a10480,0x00000006cbd80000)
 Metaspace       used 32713K, capacity 34992K, committed 35072K, reserved 1079296K
  class space    used 4397K, capacity 4809K, committed 4864K, reserved 1048576K
Event: 10.837 GC heap after
Heap after GC invocations=10 (full 2):
 PSYoungGen      total 270336K, used 59085K [0x000000076ab00000, 0x0000000780180000, 0x00000007c0000000)
  eden space 210432K, 0% used [0x000000076ab00000,0x000000076ab00000,0x0000000777880000)
  from space 59904K, 98% used [0x000000077c580000,0x000000077ff33480,0x0000000780000000)
  to   space 70144K, 0% used [0x0000000777880000,0x0000000777880000,0x000000077bd00000)
 ParOldGen       total 194048K, used 76825K [0x00000006c0000000, 0x00000006cbd80000, 0x000000076ab00000)
  object space 194048K, 39% used [0x00000006c0000000,0x00000006c4b06480,0x00000006cbd80000)
 Metaspace       used 32713K, capacity 34992K, committed 35072K, reserved 1079296K
  class space    used 4397K, capacity 4809K, committed 4864K, reserved 1048576K
}
Event: 11.316 GC heap before
{Heap before GC invocations=11 (full 2):
 PSYoungGen      total 270336K, used 269517K [0x000000076ab00000, 0x0000000780180000, 0x00000007c0000000)
  eden space 210432K, 100% used [0x000000076ab00000,0x0000000777880000,0x0000000777880000)
  from space 59904K, 98% used [0x000000077c580000,0x000000077ff33480,0x0000000780000000)
  to   space 70144K, 0% used [0x0000000777880000,0x0000000777880000,0x000000077bd00000)
 ParOldGen       total 194048K, used 76825K [0x00000006c0000000, 0x00000006cbd80000, 0x000000076ab00000)
  object space 194048K, 39% used [0x00000006c0000000,0x00000006c4b06480,0x00000006cbd80000)
 Metaspace       used 32713K, capacity 34992K, committed 35072K, reserved 1079296K
  class space    used 4397K, capacity 4809K, committed 4864K, reserved 1048576K
Event: 11.355 GC heap after
Heap after GC invocations=11 (full 2):
 PSYoungGen      total 280576K, used 70129K [0x000000076ab00000, 0x0000000788880000, 0x00000007c0000000)
  eden space 210432K, 0% used [0x000000076ab00000,0x000000076ab00000,0x0000000777880000)
  from space 70144K, 99% used [0x0000000777880000,0x000000077bcfc680,0x000000077bd00000)
  to   space 93184K, 0% used [0x0000000782d80000,0x0000000782d80000,0x0000000788880000)
 ParOldGen       total 194048K, used 105833K [0x00000006c0000000, 0x00000006cbd80000, 0x000000076ab00000)
  object space 194048K, 54% used [0x00000006c0000000,0x00000006c675a490,0x00000006cbd80000)
 Metaspace       used 32713K, capacity 34992K, committed 35072K, reserved 1079296K
  class space    used 4397K, capacity 4809K, committed 4864K, reserved 1048576K
}
Event: 11.788 GC heap before
{Heap before GC invocations=12 (full 2):
 PSYoungGen      total 280576K, used 280561K [0x000000076ab00000, 0x0000000788880000, 0x00000007c0000000)
  eden space 210432K, 100% used [0x000000076ab00000,0x0000000777880000,0x0000000777880000)
  from space 70144K, 99% used [0x0000000777880000,0x000000077bcfc680,0x000000077bd00000)
  to   space 93184K, 0% used [0x0000000782d80000,0x0000000782d80000,0x0000000788880000)
 ParOldGen       total 194048K, used 105833K [0x00000006c0000000, 0x00000006cbd80000, 0x000000076ab00000)
  object space 194048K, 54% used [0x00000006c0000000,0x00000006c675a490,0x00000006cbd80000)
 Metaspace       used 32713K, capacity 34992K, committed 35072K, reserved 1079296K
  class space    used 4397K, capacity 4809K, committed 4864K, reserved 1048576K
Event: 11.829 GC heap after
Heap after GC invocations=12 (full 2):
 PSYoungGen      total 386560K, used 77618K [0x000000076ab00000, 0x000000078a080000, 0x00000007c0000000)
  eden space 293376K, 0% used [0x000000076ab00000,0x000000076ab00000,0x000000077c980000)
  from space 93184K, 83% used [0x0000000782d80000,0x000000078794c9d8,0x0000000788880000)
  to   space 102400K, 0% used [0x000000077c980000,0x000000077c980000,0x0000000782d80000)
 ParOldGen       total 194048K, used 135177K [0x00000006c0000000, 0x00000006cbd80000, 0x000000076ab00000)
  object space 194048K, 69% used [0x00000006c0000000,0x00000006c8402490,0x00000006cbd80000)
 Metaspace       used 32713K, capacity 34992K, committed 35072K, reserved 1079296K
  class space    used 4397K, capacity 4809K, committed 4864K, reserved 1048576K
}
Event: 12.328 GC heap before
{Heap before GC invocations=13 (full 2):
 PSYoungGen      total 386560K, used 370994K [0x000000076ab00000, 0x000000078a080000, 0x00000007c0000000)
  eden space 293376K, 100% used [0x000000076ab00000,0x000000077c980000,0x000000077c980000)
  from space 93184K, 83% used [0x0000000782d80000,0x000000078794c9d8,0x0000000788880000)
  to   space 102400K, 0% used [0x000000077c980000,0x000000077c980000,0x0000000782d80000)
 ParOldGen       total 194048K, used 135177K [0x00000006c0000000, 0x00000006cbd80000, 0x000000076ab00000)
  object space 194048K, 69% used [0x00000006c0000000,0x00000006c8402490,0x00000006cbd80000)
 Metaspace       used 32713K, capacity 34992K, committed 35072K, reserved 1079296K
  class space    used 4397K, capacity 4809K, committed 4864K, reserved 1048576K
Event: 12.375 GC heap after
Heap after GC invocations=13 (full 2):
 PSYoungGen      total 395776K, used 45205K [0x000000076ab00000, 0x0000000791100000, 0x00000007c0000000)
  eden space 293376K, 0% used [0x000000076ab00000,0x000000076ab00000,0x000000077c980000)
  from space 102400K, 44% used [0x000000077c980000,0x000000077f5a5528,0x0000000782d80000)
  to   space 97280K, 0% used [0x000000078b200000,0x000000078b200000,0x0000000791100000)
 ParOldGen       total 214016K, used 213097K [0x00000006c0000000, 0x00000006cd100000, 0x000000076ab00000)
  object space 214016K, 99% used [0x00000006c0000000,0x00000006cd01a5e0,0x00000006cd100000)
 Metaspace       used 32713K, capacity 34992K, committed 35072K, reserved 1079296K
  class space    used 4397K, capacity 4809K, committed 4864K, reserved 1048576K
}
Event: 12.375 GC heap before
{Heap before GC invocations=14 (full 3):
 PSYoungGen      total 395776K, used 45205K [0x000000076ab00000, 0x0000000791100000, 0x00000007c0000000)
  eden space 293376K, 0% used [0x000000076ab00000,0x000000076ab00000,0x000000077c980000)
  from space 102400K, 44% used [0x000000077c980000,0x000000077f5a5528,0x0000000782d80000)
  to   space 97280K, 0% used [0x000000078b200000,0x000000078b200000,0x0000000791100000)
 ParOldGen       total 214016K, used 213097K [0x00000006c0000000, 0x00000006cd100000, 0x000000076ab00000)
  object space 214016K, 99% used [0x00000006c0000000,0x00000006cd01a5e0,0x00000006cd100000)
 Metaspace       used 32713K, capacity 34992K, committed 35072K, reserved 1079296K
  class space    used 4397K, capacity 4809K, committed 4864K, reserved 1048576K
Event: 13.073 GC heap after
Heap after GC invocations=14 (full 3):
 PSYoungGen      total 395776K, used 42954K [0x000000076ab00000, 0x0000000791100000, 0x00000007c0000000)
  eden space 293376K, 0% used [0x000000076ab00000,0x000000076ab00000,0x000000077c980000)
  from space 102400K, 41% used [0x000000077c980000,0x000000077f372a48,0x0000000782d80000)
  to   space 97280K, 0% used [0x000000078b200000,0x000000078b200000,0x0000000791100000)
 ParOldGen       total 397312K, used 214007K [0x00000006c0000000, 0x00000006d8400000, 0x000000076ab00000)
  object space 397312K, 53% used [0x00000006c0000000,0x00000006cd0fddc0,0x00000006d8400000)
 Metaspace       used 32713K, capacity 34992K, committed 35072K, reserved 1079296K
  class space    used 4397K, capacity 4809K, committed 4864K, reserved 1048576K
}
Event: 13.585 GC heap before
{Heap before GC invocations=15 (full 3):
 PSYoungGen      total 395776K, used 336330K [0x000000076ab00000, 0x0000000791100000, 0x00000007c0000000)
  eden space 293376K, 100% used [0x000000076ab00000,0x000000077c980000,0x000000077c980000)
  from space 102400K, 41% used [0x000000077c980000,0x000000077f372a48,0x0000000782d80000)
  to   space 97280K, 0% used [0x000000078b200000,0x000000078b200000,0x0000000791100000)
 ParOldGen       total 397312K, used 214007K [0x00000006c0000000, 0x00000006d8400000, 0x000000076ab00000)
  object space 397312K, 53% used [0x00000006c0000000,0x00000006cd0fddc0,0x00000006d8400000)
 Metaspace       used 32713K, capacity 34992K, committed 35072K, reserved 1079296K
  class space    used 4397K, capacity 4809K, committed 4864K, reserved 1048576K
Event: 13.629 GC heap after
Heap after GC invocations=15 (full 3):
 PSYoungGen      total 401408K, used 43963K [0x000000076ab00000, 0x000000078dd00000, 0x00000007c0000000)
  eden space 357376K, 0% used [0x000000076ab00000,0x000000076ab00000,0x0000000780800000)
  from space 44032K, 99% used [0x000000078b200000,0x000000078dceeee0,0x000000078dd00000)
  to   space 92672K, 0% used [0x0000000782800000,0x0000000782800000,0x0000000788280000)
 ParOldGen       total 397312K, used 257287K [0x00000006c0000000, 0x00000006d8400000, 0x000000076ab00000)
  object space 397312K, 64% used [0x00000006c0000000,0x00000006cfb41dc0,0x00000006d8400000)
 Metaspace       used 32713K, capacity 34992K, committed 35072K, reserved 1079296K
  class space    used 4397K, capacity 4809K, committed 4864K, reserved 1048576K
}
Event: 14.156 GC heap before
{Heap before GC invocations=16 (full 3):
 PSYoungGen      total 401408K, used 401339K [0x000000076ab00000, 0x000000078dd00000, 0x00000007c0000000)
  eden space 357376K, 100% used [0x000000076ab00000,0x0000000780800000,0x0000000780800000)
  from space 44032K, 99% used [0x000000078b200000,0x000000078dceeee0,0x000000078dd00000)
  to   space 92672K, 0% used [0x0000000782800000,0x0000000782800000,0x0000000788280000)
 ParOldGen       total 397312K, used 257287K [0x00000006c0000000, 0x00000006d8400000, 0x000000076ab00000)
  object space 397312K, 64% used [0x00000006c0000000,0x00000006cfb41dc0,0x00000006d8400000)
 Metaspace       used 32713K, capacity 34992K, committed 35072K, reserved 1079296K
  class space    used 4397K, capacity 4809K, committed 4864K, reserved 1048576K
Event: 14.190 GC heap after
Heap after GC invocations=16 (full 3):
 PSYoungGen      total 482816K, used 89318K [0x000000076ab00000, 0x0000000792200000, 0x00000007c0000000)
  eden space 390144K, 0% used [0x000000076ab00000,0x000000076ab00000,0x0000000782800000)
  from space 92672K, 96% used [0x0000000782800000,0x0000000787f39bd8,0x0000000788280000)
  to   space 104960K, 0% used [0x000000078bb80000,0x000000078bb80000,0x0000000792200000)
 ParOldGen       total 397312K, used 257287K [0x00000006c0000000, 0x00000006d8400000, 0x000000076ab00000)
  object space 397312K, 64% used [0x00000006c0000000,0x00000006cfb41dc0,0x00000006d8400000)
 Metaspace       used 32713K, capacity 34992K, committed 35072K, reserved 1079296K
  class space    used 4397K, capacity 4809K, committed 4864K, reserved 1048576K
}
Event: 14.737 GC heap before
{Heap before GC invocations=17 (full 3):
 PSYoungGen      total 482816K, used 479462K [0x000000076ab00000, 0x0000000792200000, 0x00000007c0000000)
  eden space 390144K, 100% used [0x000000076ab00000,0x0000000782800000,0x0000000782800000)
  from space 92672K, 96% used [0x0000000782800000,0x0000000787f39bd8,0x0000000788280000)
  to   space 104960K, 0% used [0x000000078bb80000,0x000000078bb80000,0x0000000792200000)
 ParOldGen       total 397312K, used 257287K [0x00000006c0000000, 0x00000006d8400000, 0x000000076ab00000)
  object space 397312K, 64% used [0x00000006c0000000,0x00000006cfb41dc0,0x00000006d8400000)
 Metaspace       used 32713K, capacity 34992K, committed 35072K, reserved 1079296K
  class space    used 4397K, capacity 4809K, committed 4864K, reserved 1048576K
Event: 14.796 GC heap after
Heap after GC invocations=17 (full 3):
 PSYoungGen      total 514048K, used 104956K [0x000000076ab00000, 0x0000000798780000, 0x00000007c0000000)
  eden space 409088K, 0% used [0x000000076ab00000,0x000000076ab00000,0x0000000783a80000)
  from space 104960K, 99% used [0x000000078bb80000,0x00000007921ff0d8,0x0000000792200000)
  to   space 132096K, 0% used [0x0000000783a80000,0x0000000783a80000,0x000000078bb80000)
 ParOldGen       total 397312K, used 289527K [0x00000006c0000000, 0x00000006d8400000, 0x000000076ab00000)
  object space 397312K, 72% used [0x00000006c0000000,0x00000006d1abddc0,0x00000006d8400000)
 Metaspace       used 32713K, capacity 34992K, committed 35072K, reserved 1079296K
  class space    used 4397K, capacity 4809K, committed 4864K, reserved 1048576K
}

