# JRE version: Java(TM) SE Runtime Environment (8.0_251-b08) (build 1.8.0_251-b08)
# Java VM: Java HotSpot(TM) 64-Bit Server VM (25.251-b08 mixed mode windows-amd64 compressed oops)
Heap:
 PSYoungGen      total 76288K, used 16574K [0x000000076b500000, 0x0000000770a00000, 0x00000007c0000000)
  eden space 65536K, 8% used [0x000000076b500000,0x000000076bab3980,0x000000076f500000)
  from space 10752K, 99% used [0x000000076ff80000,0x00000007709fbea0,0x0000000770a00000)
  to   space 10752K, 0% used [0x000000076f500000,0x000000076f500000,0x000000076ff80000)
 ParOldGen       total 78848K, used 32973K [0x00000006c1e00000, 0x00000006c6b00000, 0x000000076b500000)
  object space 78848K, 41% used [0x00000006c1e00000,0x00000006c3e33558,0x00000006c6b00000)
 Metaspace       used 29772K, capacity 31750K, committed 31872K, reserved 1077248K
  class space    used 4057K, capacity 4423K, committed 4480K, reserved 1048576K
GC Heap History (10 events):
Event: 2.922 GC heap before
{Heap before GC invocations=1 (full 0):
 PSYoungGen      total 76288K, used 56894K [0x000000076b500000, 0x0000000770a00000, 0x00000007c0000000)
  eden space 65536K, 86% used [0x000000076b500000,0x000000076ec8f970,0x000000076f500000)
  from space 10752K, 0% used [0x000000076ff80000,0x000000076ff80000,0x0000000770a00000)
  to   space 10752K, 0% used [0x000000076f500000,0x000000076f500000,0x000000076ff80000)
 ParOldGen       total 175104K, used 0K [0x00000006c1e00000, 0x00000006cc900000, 0x000000076b500000)
  object space 175104K, 0% used [0x00000006c1e00000,0x00000006c1e00000,0x00000006cc900000)
 Metaspace       used 19897K, capacity 21086K, committed 21248K, reserved 1067008K
  class space    used 2975K, capacity 3220K, committed 3328K, reserved 1048576K
Event: 2.928 GC heap after
Heap after GC invocations=1 (full 0):
 PSYoungGen      total 76288K, used 10728K [0x000000076b500000, 0x0000000770a00000, 0x00000007c0000000)
  eden space 65536K, 0% used [0x000000076b500000,0x000000076b500000,0x000000076f500000)
  from space 10752K, 99% used [0x000000076f500000,0x000000076ff7a220,0x000000076ff80000)
  to   space 10752K, 0% used [0x000000076ff80000,0x000000076ff80000,0x0000000770a00000)
 ParOldGen       total 175104K, used 2199K [0x00000006c1e00000, 0x00000006cc900000, 0x000000076b500000)
  object space 175104K, 1% used [0x00000006c1e00000,0x00000006c2025c28,0x00000006cc900000)
 Metaspace       used 19897K, capacity 21086K, committed 21248K, reserved 1067008K
  class space    used 2975K, capacity 3220K, committed 3328K, reserved 1048576K
}
Event: 2.928 GC heap before
{Heap before GC invocations=2 (full 1):
 PSYoungGen      total 76288K, used 10728K [0x000000076b500000, 0x0000000770a00000, 0x00000007c0000000)
  eden space 65536K, 0% used [0x000000076b500000,0x000000076b500000,0x000000076f500000)
  from space 10752K, 99% used [0x000000076f500000,0x000000076ff7a220,0x000000076ff80000)
  to   space 10752K, 0% used [0x000000076ff80000,0x000000076ff80000,0x0000000770a00000)
 ParOldGen       total 175104K, used 2199K [0x00000006c1e00000, 0x00000006cc900000, 0x000000076b500000)
  object space 175104K, 1% used [0x00000006c1e00000,0x00000006c2025c28,0x00000006cc900000)
 Metaspace       used 19897K, capacity 21086K, committed 21248K, reserved 1067008K
  class space    used 2975K, capacity 3220K, committed 3328K, reserved 1048576K
Event: 2.949 GC heap after
Heap after GC invocations=2 (full 1):
 PSYoungGen      total 76288K, used 0K [0x000000076b500000, 0x0000000770a00000, 0x00000007c0000000)
  eden space 65536K, 0% used [0x000000076b500000,0x000000076b500000,0x000000076f500000)
  from space 10752K, 0% used [0x000000076f500000,0x000000076f500000,0x000000076ff80000)
  to   space 10752K, 0% used [0x000000076ff80000,0x000000076ff80000,0x0000000770a00000)
 ParOldGen       total 78848K, used 10647K [0x00000006c1e00000, 0x00000006c6b00000, 0x000000076b500000)
  object space 78848K, 13% used [0x00000006c1e00000,0x00000006c2865d08,0x00000006c6b00000)
 Metaspace       used 19897K, capacity 21086K, committed 21248K, reserved 1067008K
  class space    used 2975K, capacity 3220K, committed 3328K, reserved 1048576K
}
Event: 17.696 GC heap before
{Heap before GC invocations=3 (full 1):
 PSYoungGen      total 76288K, used 65536K [0x000000076b500000, 0x0000000770a00000, 0x00000007c0000000)
  eden space 65536K, 100% used [0x000000076b500000,0x000000076f500000,0x000000076f500000)
  from space 10752K, 0% used [0x000000076f500000,0x000000076f500000,0x000000076ff80000)
  to   space 10752K, 0% used [0x000000076ff80000,0x000000076ff80000,0x0000000770a00000)
 ParOldGen       total 78848K, used 10647K [0x00000006c1e00000, 0x00000006c6b00000, 0x000000076b500000)
  object space 78848K, 13% used [0x00000006c1e00000,0x00000006c2865d08,0x00000006c6b00000)
 Metaspace       used 27802K, capacity 29548K, committed 29824K, reserved 1075200K
  class space    used 3782K, capacity 4112K, committed 4224K, reserved 1048576K
Event: 17.705 GC heap after
Heap after GC invocations=3 (full 1):
 PSYoungGen      total 76288K, used 10735K [0x000000076b500000, 0x0000000770a00000, 0x00000007c0000000)
  eden space 65536K, 0% used [0x000000076b500000,0x000000076b500000,0x000000076f500000)
  from space 10752K, 99% used [0x000000076ff80000,0x00000007709fbd48,0x0000000770a00000)
  to   space 10752K, 0% used [0x000000076f500000,0x000000076f500000,0x000000076ff80000)
 ParOldGen       total 78848K, used 13787K [0x00000006c1e00000, 0x00000006c6b00000, 0x000000076b500000)
  object space 78848K, 17% used [0x00000006c1e00000,0x00000006c2b76ea8,0x00000006c6b00000)
 Metaspace       used 27802K, capacity 29548K, committed 29824K, reserved 1075200K
  class space    used 3782K, capacity 4112K, committed 4224K, reserved 1048576K
}
Event: 31.971 GC heap before
{Heap before GC invocations=4 (full 1):
 PSYoungGen      total 76288K, used 76271K [0x000000076b500000, 0x0000000770a00000, 0x00000007c0000000)
  eden space 65536K, 100% used [0x000000076b500000,0x000000076f500000,0x000000076f500000)
  from space 10752K, 99% used [0x000000076ff80000,0x00000007709fbd48,0x0000000770a00000)
  to   space 10752K, 0% used [0x000000076f500000,0x000000076f500000,0x000000076ff80000)
 ParOldGen       total 78848K, used 13787K [0x00000006c1e00000, 0x00000006c6b00000, 0x000000076b500000)
  object space 78848K, 17% used [0x00000006c1e00000,0x00000006c2b76ea8,0x00000006c6b00000)
 Metaspace       used 28209K, capacity 29976K, committed 30080K, reserved 1075200K
  class space    used 3792K, capacity 4122K, committed 4224K, reserved 1048576K
Event: 31.981 GC heap after
Heap after GC invocations=4 (full 1):
 PSYoungGen      total 76288K, used 10751K [0x000000076b500000, 0x0000000770a00000, 0x00000007c0000000)
  eden space 65536K, 0% used [0x000000076b500000,0x000000076b500000,0x000000076f500000)
  from space 10752K, 99% used [0x000000076f500000,0x000000076ff7ff78,0x000000076ff80000)
  to   space 10752K, 0% used [0x000000076ff80000,0x000000076ff80000,0x0000000770a00000)
 ParOldGen       total 78848K, used 14755K [0x00000006c1e00000, 0x00000006c6b00000, 0x000000076b500000)
  object space 78848K, 18% used [0x00000006c1e00000,0x00000006c2c68ea8,0x00000006c6b00000)
 Metaspace       used 28209K, capacity 29976K, committed 30080K, reserved 1075200K
  class space    used 3792K, capacity 4122K, committed 4224K, reserved 1048576K
}
Event: 131.998 GC heap before
{Heap before GC invocations=5 (full 1):
 PSYoungGen      total 76288K, used 76287K [0x000000076b500000, 0x0000000770a00000, 0x00000007c0000000)
  eden space 65536K, 100% used [0x000000076b500000,0x000000076f500000,0x000000076f500000)
  from space 10752K, 99% used [0x000000076f500000,0x000000076ff7ff78,0x000000076ff80000)
  to   space 10752K, 0% used [0x000000076ff80000,0x000000076ff80000,0x0000000770a00000)
 ParOldGen       total 78848K, used 14755K [0x00000006c1e00000, 0x00000006c6b00000, 0x000000076b500000)
  object space 78848K, 18% used [0x00000006c1e00000,0x00000006c2c68ea8,0x00000006c6b00000)
 Metaspace       used 29746K, capacity 31750K, committed 31872K, reserved 1077248K
  class space    used 4057K, capacity 4423K, committed 4480K, reserved 1048576K
Event: 132.013 GC heap after
Heap after GC invocations=5 (full 1):
 PSYoungGen      total 76288K, used 10735K [0x000000076b500000, 0x0000000770a00000, 0x00000007c0000000)
  eden space 65536K, 0% used [0x000000076b500000,0x000000076b500000,0x000000076f500000)
  from space 10752K, 99% used [0x000000076ff80000,0x00000007709fbea0,0x0000000770a00000)
  to   space 10752K, 0% used [0x000000076f500000,0x000000076f500000,0x000000076ff80000)
 ParOldGen       total 78848K, used 32973K [0x00000006c1e00000, 0x00000006c6b00000, 0x000000076b500000)
  object space 78848K, 41% used [0x00000006c1e00000,0x00000006c3e33558,0x00000006c6b00000)
 Metaspace       used 29746K, capacity 31750K, committed 31872K, reserved 1077248K
  class space    used 4057K, capacity 4423K, committed 4480K, reserved 1048576K
}

