# JRE version: OpenJDK Runtime Environment (8.0_282-b08) (build 1.8.0_282-b08)
# Java VM: OpenJDK 64-Bit Server VM (25.282-b08 mixed mode bsd-aarch64 compressed oops)
Heap:
 PSYoungGen      total 638464K, used 400048K [0x000000076ab00000, 0x000000079b980000, 0x00000007c0000000)
  eden space 542208K, 56% used [0x000000076ab00000,0x000000077d3b20a0,0x000000078bc80000)
  from space 96256K, 99% used [0x0000000792e00000,0x0000000798bfa230,0x0000000798c00000)
  to   space 116224K, 0% used [0x000000078bc80000,0x000000078bc80000,0x0000000792e00000)
 ParOldGen       total 535552K, used 327136K [0x00000006c0000000, 0x00000006e0b00000, 0x000000076ab00000)
  object space 535552K, 61% used [0x00000006c0000000,0x00000006d3f78270,0x00000006e0b00000)
 Metaspace       used 32725K, capacity 35020K, committed 35072K, reserved 1079296K
  class space    used 4408K, capacity 4819K, committed 4864K, reserved 1048576K
GC Heap History (34 events):
Event: 1.132 GC heap before
{Heap before GC invocations=1 (full 0):
 PSYoungGen      total 76288K, used 65536K [0x000000076ab00000, 0x0000000770000000, 0x00000007c0000000)
  eden space 65536K, 100% used [0x000000076ab00000,0x000000076eb00000,0x000000076eb00000)
  from space 10752K, 0% used [0x000000076f580000,0x000000076f580000,0x0000000770000000)
  to   space 10752K, 0% used [0x000000076eb00000,0x000000076eb00000,0x000000076f580000)
 ParOldGen       total 175104K, used 0K [0x00000006c0000000, 0x00000006cab00000, 0x000000076ab00000)
  object space 175104K, 0% used [0x00000006c0000000,0x00000006c0000000,0x00000006cab00000)
 Metaspace       used 18874K, capacity 20150K, committed 20224K, reserved 1067008K
  class space    used 2767K, capacity 3061K, committed 3072K, reserved 1048576K
Event: 1.140 GC heap after
Heap after GC invocations=1 (full 0):
 PSYoungGen      total 76288K, used 10731K [0x000000076ab00000, 0x0000000770000000, 0x00000007c0000000)
  eden space 65536K, 0% used [0x000000076ab00000,0x000000076ab00000,0x000000076eb00000)
  from space 10752K, 99% used [0x000000076eb00000,0x000000076f57ae48,0x000000076f580000)
  to   space 10752K, 0% used [0x000000076f580000,0x000000076f580000,0x0000000770000000)
 ParOldGen       total 175104K, used 625K [0x00000006c0000000, 0x00000006cab00000, 0x000000076ab00000)
  object space 175104K, 0% used [0x00000006c0000000,0x00000006c009c4b8,0x00000006cab00000)
 Metaspace       used 18874K, capacity 20150K, committed 20224K, reserved 1067008K
  class space    used 2767K, capacity 3061K, committed 3072K, reserved 1048576K
}
Event: 3.561 GC heap before
{Heap before GC invocations=2 (full 0):
 PSYoungGen      total 76288K, used 17659K [0x000000076ab00000, 0x0000000770000000, 0x00000007c0000000)
  eden space 65536K, 10% used [0x000000076ab00000,0x000000076b1c4068,0x000000076eb00000)
  from space 10752K, 99% used [0x000000076eb00000,0x000000076f57ae48,0x000000076f580000)
  to   space 10752K, 0% used [0x000000076f580000,0x000000076f580000,0x0000000770000000)
 ParOldGen       total 175104K, used 625K [0x00000006c0000000, 0x00000006cab00000, 0x000000076ab00000)
  object space 175104K, 0% used [0x00000006c0000000,0x00000006c009c4b8,0x00000006cab00000)
 Metaspace       used 19974K, capacity 21192K, committed 21296K, reserved 1067008K
  class space    used 2859K, capacity 3118K, committed 3200K, reserved 1048576K
Event: 3.566 GC heap after
Heap after GC invocations=2 (full 0):
 PSYoungGen      total 76288K, used 9345K [0x000000076ab00000, 0x0000000770000000, 0x00000007c0000000)
  eden space 65536K, 0% used [0x000000076ab00000,0x000000076ab00000,0x000000076eb00000)
  from space 10752K, 86% used [0x000000076f580000,0x000000076fea0670,0x0000000770000000)
  to   space 10752K, 0% used [0x000000076eb00000,0x000000076eb00000,0x000000076f580000)
 ParOldGen       total 175104K, used 633K [0x00000006c0000000, 0x00000006cab00000, 0x000000076ab00000)
  object space 175104K, 0% used [0x00000006c0000000,0x00000006c009e4b8,0x00000006cab00000)
 Metaspace       used 19974K, capacity 21192K, committed 21296K, reserved 1067008K
  class space    used 2859K, capacity 3118K, committed 3200K, reserved 1048576K
}
Event: 3.566 GC heap before
{Heap before GC invocations=3 (full 1):
 PSYoungGen      total 76288K, used 9345K [0x000000076ab00000, 0x0000000770000000, 0x00000007c0000000)
  eden space 65536K, 0% used [0x000000076ab00000,0x000000076ab00000,0x000000076eb00000)
  from space 10752K, 86% used [0x000000076f580000,0x000000076fea0670,0x0000000770000000)
  to   space 10752K, 0% used [0x000000076eb00000,0x000000076eb00000,0x000000076f580000)
 ParOldGen       total 175104K, used 633K [0x00000006c0000000, 0x00000006cab00000, 0x000000076ab00000)
  object space 175104K, 0% used [0x00000006c0000000,0x00000006c009e4b8,0x00000006cab00000)
 Metaspace       used 19974K, capacity 21192K, committed 21296K, reserved 1067008K
  class space    used 2859K, capacity 3118K, committed 3200K, reserved 1048576K
Event: 3.589 GC heap after
Heap after GC invocations=3 (full 1):
 PSYoungGen      total 76288K, used 0K [0x000000076ab00000, 0x0000000770000000, 0x00000007c0000000)
  eden space 65536K, 0% used [0x000000076ab00000,0x000000076ab00000,0x000000076eb00000)
  from space 10752K, 0% used [0x000000076f580000,0x000000076f580000,0x0000000770000000)
  to   space 10752K, 0% used [0x000000076eb00000,0x000000076eb00000,0x000000076f580000)
 ParOldGen       total 115200K, used 9533K [0x00000006c0000000, 0x00000006c7080000, 0x000000076ab00000)
  object space 115200K, 8% used [0x00000006c0000000,0x00000006c094f4c8,0x00000006c7080000)
 Metaspace       used 19974K, capacity 21192K, committed 21296K, reserved 1067008K
  class space    used 2859K, capacity 3118K, committed 3200K, reserved 1048576K
}
Event: 4.742 GC heap before
{Heap before GC invocations=4 (full 1):
 PSYoungGen      total 76288K, used 65536K [0x000000076ab00000, 0x0000000770000000, 0x00000007c0000000)
  eden space 65536K, 100% used [0x000000076ab00000,0x000000076eb00000,0x000000076eb00000)
  from space 10752K, 0% used [0x000000076f580000,0x000000076f580000,0x0000000770000000)
  to   space 10752K, 0% used [0x000000076eb00000,0x000000076eb00000,0x000000076f580000)
 ParOldGen       total 115200K, used 9533K [0x00000006c0000000, 0x00000006c7080000, 0x000000076ab00000)
  object space 115200K, 8% used [0x00000006c0000000,0x00000006c094f4c8,0x00000006c7080000)
 Metaspace       used 29556K, capacity 31386K, committed 31616K, reserved 1077248K
  class space    used 4031K, capacity 4374K, committed 4480K, reserved 1048576K
Event: 4.747 GC heap after
Heap after GC invocations=4 (full 1):
 PSYoungGen      total 76288K, used 10720K [0x000000076ab00000, 0x0000000771a80000, 0x00000007c0000000)
  eden space 65536K, 0% used [0x000000076ab00000,0x000000076ab00000,0x000000076eb00000)
  from space 10752K, 99% used [0x000000076eb00000,0x000000076f578258,0x000000076f580000)
  to   space 10752K, 0% used [0x0000000771000000,0x0000000771000000,0x0000000771a80000)
 ParOldGen       total 115200K, used 10804K [0x00000006c0000000, 0x00000006c7080000, 0x000000076ab00000)
  object space 115200K, 9% used [0x00000006c0000000,0x00000006c0a8d158,0x00000006c7080000)
 Metaspace       used 29556K, capacity 31386K, committed 31616K, reserved 1077248K
  class space    used 4031K, capacity 4374K, committed 4480K, reserved 1048576K
}
Event: 6.043 GC heap before
{Heap before GC invocations=5 (full 1):
 PSYoungGen      total 76288K, used 76256K [0x000000076ab00000, 0x0000000771a80000, 0x00000007c0000000)
  eden space 65536K, 100% used [0x000000076ab00000,0x000000076eb00000,0x000000076eb00000)
  from space 10752K, 99% used [0x000000076eb00000,0x000000076f578258,0x000000076f580000)
  to   space 10752K, 0% used [0x0000000771000000,0x0000000771000000,0x0000000771a80000)
 ParOldGen       total 115200K, used 10804K [0x00000006c0000000, 0x00000006c7080000, 0x000000076ab00000)
  object space 115200K, 9% used [0x00000006c0000000,0x00000006c0a8d158,0x00000006c7080000)
 Metaspace       used 32074K, capacity 34284K, committed 34560K, reserved 1079296K
  class space    used 4371K, capacity 4753K, committed 4864K, reserved 1048576K
Event: 6.056 GC heap after
Heap after GC invocations=5 (full 1):
 PSYoungGen      total 103424K, used 10740K [0x000000076ab00000, 0x0000000771f00000, 0x00000007c0000000)
  eden space 92672K, 0% used [0x000000076ab00000,0x000000076ab00000,0x0000000770580000)
  from space 10752K, 99% used [0x0000000771000000,0x0000000771a7d140,0x0000000771a80000)
  to   space 10752K, 0% used [0x0000000770580000,0x0000000770580000,0x0000000771000000)
 ParOldGen       total 115200K, used 28215K [0x00000006c0000000, 0x00000006c7080000, 0x000000076ab00000)
  object space 115200K, 24% used [0x00000006c0000000,0x00000006c1b8dfa8,0x00000006c7080000)
 Metaspace       used 32074K, capacity 34284K, committed 34560K, reserved 1079296K
  class space    used 4371K, capacity 4753K, committed 4864K, reserved 1048576K
}
Event: 8.635 GC heap before
{Heap before GC invocations=6 (full 1):
 PSYoungGen      total 103424K, used 103412K [0x000000076ab00000, 0x0000000771f00000, 0x00000007c0000000)
  eden space 92672K, 100% used [0x000000076ab00000,0x0000000770580000,0x0000000770580000)
  from space 10752K, 99% used [0x0000000771000000,0x0000000771a7d140,0x0000000771a80000)
  to   space 10752K, 0% used [0x0000000770580000,0x0000000770580000,0x0000000771000000)
 ParOldGen       total 115200K, used 28215K [0x00000006c0000000, 0x00000006c7080000, 0x000000076ab00000)
  object space 115200K, 24% used [0x00000006c0000000,0x00000006c1b8dfa8,0x00000006c7080000)
 Metaspace       used 32725K, capacity 35020K, committed 35072K, reserved 1079296K
  class space    used 4408K, capacity 4819K, committed 4864K, reserved 1048576K
Event: 8.650 GC heap after
Heap after GC invocations=6 (full 1):
 PSYoungGen      total 103424K, used 10733K [0x000000076ab00000, 0x0000000777900000, 0x00000007c0000000)
  eden space 92672K, 0% used [0x000000076ab00000,0x000000076ab00000,0x0000000770580000)
  from space 10752K, 99% used [0x0000000770580000,0x0000000770ffb538,0x0000000771000000)
  to   space 36864K, 0% used [0x0000000775500000,0x0000000775500000,0x0000000777900000)
 ParOldGen       total 115200K, used 50891K [0x00000006c0000000, 0x00000006c7080000, 0x000000076ab00000)
  object space 115200K, 44% used [0x00000006c0000000,0x00000006c31b2f00,0x00000006c7080000)
 Metaspace       used 32725K, capacity 35020K, committed 35072K, reserved 1079296K
  class space    used 4408K, capacity 4819K, committed 4864K, reserved 1048576K
}
Event: 8.949 GC heap before
{Heap before GC invocations=7 (full 1):
 PSYoungGen      total 103424K, used 103405K [0x000000076ab00000, 0x0000000777900000, 0x00000007c0000000)
  eden space 92672K, 100% used [0x000000076ab00000,0x0000000770580000,0x0000000770580000)
  from space 10752K, 99% used [0x0000000770580000,0x0000000770ffb538,0x0000000771000000)
  to   space 36864K, 0% used [0x0000000775500000,0x0000000775500000,0x0000000777900000)
 ParOldGen       total 115200K, used 50891K [0x00000006c0000000, 0x00000006c7080000, 0x000000076ab00000)
  object space 115200K, 44% used [0x00000006c0000000,0x00000006c31b2f00,0x00000006c7080000)
 Metaspace       used 32725K, capacity 35020K, committed 35072K, reserved 1079296K
  class space    used 4408K, capacity 4819K, committed 4864K, reserved 1048576K
Event: 8.961 GC heap after
Heap after GC invocations=7 (full 1):
 PSYoungGen      total 168448K, used 34296K [0x000000076ab00000, 0x0000000779680000, 0x00000007c0000000)
  eden space 131584K, 0% used [0x000000076ab00000,0x000000076ab00000,0x0000000772b80000)
  from space 36864K, 93% used [0x0000000775500000,0x000000077767e2c8,0x0000000777900000)
  to   space 42496K, 0% used [0x0000000772b80000,0x0000000772b80000,0x0000000775500000)
 ParOldGen       total 115200K, used 50899K [0x00000006c0000000, 0x00000006c7080000, 0x000000076ab00000)
  object space 115200K, 44% used [0x00000006c0000000,0x00000006c31b4f00,0x00000006c7080000)
 Metaspace       used 32725K, capacity 35020K, committed 35072K, reserved 1079296K
  class space    used 4408K, capacity 4819K, committed 4864K, reserved 1048576K
}
Event: 9.295 GC heap before
{Heap before GC invocations=8 (full 1):
 PSYoungGen      total 168448K, used 165880K [0x000000076ab00000, 0x0000000779680000, 0x00000007c0000000)
  eden space 131584K, 100% used [0x000000076ab00000,0x0000000772b80000,0x0000000772b80000)
  from space 36864K, 93% used [0x0000000775500000,0x000000077767e2c8,0x0000000777900000)
  to   space 42496K, 0% used [0x0000000772b80000,0x0000000772b80000,0x0000000775500000)
 ParOldGen       total 115200K, used 50899K [0x00000006c0000000, 0x00000006c7080000, 0x000000076ab00000)
  object space 115200K, 44% used [0x00000006c0000000,0x00000006c31b4f00,0x00000006c7080000)
 Metaspace       used 32725K, capacity 35020K, committed 35072K, reserved 1079296K
  class space    used 4408K, capacity 4819K, committed 4864K, reserved 1048576K
Event: 9.320 GC heap after
Heap after GC invocations=8 (full 1):
 PSYoungGen      total 174080K, used 42495K [0x000000076ab00000, 0x0000000780b00000, 0x00000007c0000000)
  eden space 131584K, 0% used [0x000000076ab00000,0x000000076ab00000,0x0000000772b80000)
  from space 42496K, 99% used [0x0000000772b80000,0x00000007754ffc38,0x0000000775500000)
  to   space 60928K, 0% used [0x000000077cf80000,0x000000077cf80000,0x0000000780b00000)
 ParOldGen       total 115200K, used 72379K [0x00000006c0000000, 0x00000006c7080000, 0x000000076ab00000)
  object space 115200K, 62% used [0x00000006c0000000,0x00000006c46aef00,0x00000006c7080000)
 Metaspace       used 32725K, capacity 35020K, committed 35072K, reserved 1079296K
  class space    used 4408K, capacity 4819K, committed 4864K, reserved 1048576K
}
Event: 9.636 GC heap before
{Heap before GC invocations=9 (full 1):
 PSYoungGen      total 174080K, used 174079K [0x000000076ab00000, 0x0000000780b00000, 0x00000007c0000000)
  eden space 131584K, 100% used [0x000000076ab00000,0x0000000772b80000,0x0000000772b80000)
  from space 42496K, 99% used [0x0000000772b80000,0x00000007754ffc38,0x0000000775500000)
  to   space 60928K, 0% used [0x000000077cf80000,0x000000077cf80000,0x0000000780b00000)
 ParOldGen       total 115200K, used 72379K [0x00000006c0000000, 0x00000006c7080000, 0x000000076ab00000)
  object space 115200K, 62% used [0x00000006c0000000,0x00000006c46aef00,0x00000006c7080000)
 Metaspace       used 32725K, capacity 35020K, committed 35072K, reserved 1079296K
  class space    used 4408K, capacity 4819K, committed 4864K, reserved 1048576K
Event: 9.660 GC heap after
Heap after GC invocations=9 (full 1):
 PSYoungGen      total 284672K, used 60925K [0x000000076ab00000, 0x0000000782e00000, 0x00000007c0000000)
  eden space 223744K, 0% used [0x000000076ab00000,0x000000076ab00000,0x0000000778580000)
  from space 60928K, 99% used [0x000000077cf80000,0x0000000780aff7c0,0x0000000780b00000)
  to   space 75776K, 0% used [0x0000000778580000,0x0000000778580000,0x000000077cf80000)
 ParOldGen       total 115200K, used 81585K [0x00000006c0000000, 0x00000006c7080000, 0x000000076ab00000)
  object space 115200K, 70% used [0x00000006c0000000,0x00000006c4fac7f0,0x00000006c7080000)
 Metaspace       used 32725K, capacity 35020K, committed 35072K, reserved 1079296K
  class space    used 4408K, capacity 4819K, committed 4864K, reserved 1048576K
}
Event: 10.115 GC heap before
{Heap before GC invocations=10 (full 1):
 PSYoungGen      total 284672K, used 284669K [0x000000076ab00000, 0x0000000782e00000, 0x00000007c0000000)
  eden space 223744K, 100% used [0x000000076ab00000,0x0000000778580000,0x0000000778580000)
  from space 60928K, 99% used [0x000000077cf80000,0x0000000780aff7c0,0x0000000780b00000)
  to   space 75776K, 0% used [0x0000000778580000,0x0000000778580000,0x000000077cf80000)
 ParOldGen       total 115200K, used 81585K [0x00000006c0000000, 0x00000006c7080000, 0x000000076ab00000)
  object space 115200K, 70% used [0x00000006c0000000,0x00000006c4fac7f0,0x00000006c7080000)
 Metaspace       used 32725K, capacity 35020K, committed 35072K, reserved 1079296K
  class space    used 4408K, capacity 4819K, committed 4864K, reserved 1048576K
Event: 10.150 GC heap after
Heap after GC invocations=10 (full 1):
 PSYoungGen      total 299520K, used 75762K [0x000000076ab00000, 0x000000078bb80000, 0x00000007c0000000)
  eden space 223744K, 0% used [0x000000076ab00000,0x000000076ab00000,0x0000000778580000)
  from space 75776K, 99% used [0x0000000778580000,0x000000077cf7cbd0,0x000000077cf80000)
  to   space 99328K, 0% used [0x0000000785a80000,0x0000000785a80000,0x000000078bb80000)
 ParOldGen       total 115200K, used 108841K [0x00000006c0000000, 0x00000006c7080000, 0x000000076ab00000)
  object space 115200K, 94% used [0x00000006c0000000,0x00000006c6a4a7f0,0x00000006c7080000)
 Metaspace       used 32725K, capacity 35020K, committed 35072K, reserved 1079296K
  class space    used 4408K, capacity 4819K, committed 4864K, reserved 1048576K
}
Event: 10.150 GC heap before
{Heap before GC invocations=11 (full 2):
 PSYoungGen      total 299520K, used 75762K [0x000000076ab00000, 0x000000078bb80000, 0x00000007c0000000)
  eden space 223744K, 0% used [0x000000076ab00000,0x000000076ab00000,0x0000000778580000)
  from space 75776K, 99% used [0x0000000778580000,0x000000077cf7cbd0,0x000000077cf80000)
  to   space 99328K, 0% used [0x0000000785a80000,0x0000000785a80000,0x000000078bb80000)
 ParOldGen       total 115200K, used 108841K [0x00000006c0000000, 0x00000006c7080000, 0x000000076ab00000)
  object space 115200K, 94% used [0x00000006c0000000,0x00000006c6a4a7f0,0x00000006c7080000)
 Metaspace       used 32725K, capacity 35020K, committed 35072K, reserved 1079296K
  class space    used 4408K, capacity 4819K, committed 4864K, reserved 1048576K
Event: 10.391 GC heap after
Heap after GC invocations=11 (full 2):
 PSYoungGen      total 299520K, used 65921K [0x000000076ab00000, 0x000000078bb80000, 0x00000007c0000000)
  eden space 223744K, 0% used [0x000000076ab00000,0x000000076ab00000,0x0000000778580000)
  from space 75776K, 86% used [0x0000000778580000,0x000000077c5e0670,0x000000077cf80000)
  to   space 99328K, 0% used [0x0000000785a80000,0x0000000785a80000,0x000000078bb80000)
 ParOldGen       total 284160K, used 114983K [0x00000006c0000000, 0x00000006d1580000, 0x000000076ab00000)
  object space 284160K, 40% used [0x00000006c0000000,0x00000006c7049fb8,0x00000006d1580000)
 Metaspace       used 32725K, capacity 35020K, committed 35072K, reserved 1079296K
  class space    used 4408K, capacity 4819K, committed 4864K, reserved 1048576K
}
Event: 10.998 GC heap before
{Heap before GC invocations=12 (full 2):
 PSYoungGen      total 299520K, used 289665K [0x000000076ab00000, 0x000000078bb80000, 0x00000007c0000000)
  eden space 223744K, 100% used [0x000000076ab00000,0x0000000778580000,0x0000000778580000)
  from space 75776K, 86% used [0x0000000778580000,0x000000077c5e0670,0x000000077cf80000)
  to   space 99328K, 0% used [0x0000000785a80000,0x0000000785a80000,0x000000078bb80000)
 ParOldGen       total 284160K, used 114983K [0x00000006c0000000, 0x00000006d1580000, 0x000000076ab00000)
  object space 284160K, 40% used [0x00000006c0000000,0x00000006c7049fb8,0x00000006d1580000)
 Metaspace       used 32725K, capacity 35020K, committed 35072K, reserved 1079296K
  class space    used 4408K, capacity 4819K, committed 4864K, reserved 1048576K
Event: 11.037 GC heap after
Heap after GC invocations=12 (full 2):
 PSYoungGen      total 402944K, used 72340K [0x000000076ab00000, 0x000000078ae80000, 0x00000007c0000000)
  eden space 316928K, 0% used [0x000000076ab00000,0x000000076ab00000,0x000000077e080000)
  from space 86016K, 84% used [0x0000000785a80000,0x000000078a1250c8,0x000000078ae80000)
  to   space 105472K, 0% used [0x000000077e080000,0x000000077e080000,0x0000000784780000)
 ParOldGen       total 284160K, used 147567K [0x00000006c0000000, 0x00000006d1580000, 0x000000076ab00000)
  object space 284160K, 51% used [0x00000006c0000000,0x00000006c901bfb8,0x00000006d1580000)
 Metaspace       used 32725K, capacity 35020K, committed 35072K, reserved 1079296K
  class space    used 4408K, capacity 4819K, committed 4864K, reserved 1048576K
}
Event: 11.548 GC heap before
{Heap before GC invocations=13 (full 2):
 PSYoungGen      total 402944K, used 389268K [0x000000076ab00000, 0x000000078ae80000, 0x00000007c0000000)
  eden space 316928K, 100% used [0x000000076ab00000,0x000000077e080000,0x000000077e080000)
  from space 86016K, 84% used [0x0000000785a80000,0x000000078a1250c8,0x000000078ae80000)
  to   space 105472K, 0% used [0x000000077e080000,0x000000077e080000,0x0000000784780000)
 ParOldGen       total 284160K, used 147567K [0x00000006c0000000, 0x00000006d1580000, 0x000000076ab00000)
  object space 284160K, 51% used [0x00000006c0000000,0x00000006c901bfb8,0x00000006d1580000)
 Metaspace       used 32725K, capacity 35020K, committed 35072K, reserved 1079296K
  class space    used 4408K, capacity 4819K, committed 4864K, reserved 1048576K
Event: 11.594 GC heap after
Heap after GC invocations=13 (full 2):
 PSYoungGen      total 422400K, used 49291K [0x000000076ab00000, 0x0000000792d80000, 0x00000007c0000000)
  eden space 316928K, 0% used [0x000000076ab00000,0x000000076ab00000,0x000000077e080000)
  from space 105472K, 46% used [0x000000077e080000,0x00000007810a2f48,0x0000000784780000)
  to   space 101376K, 0% used [0x000000078ca80000,0x000000078ca80000,0x0000000792d80000)
 ParOldGen       total 284160K, used 219064K [0x00000006c0000000, 0x00000006d1580000, 0x000000076ab00000)
  object space 284160K, 77% used [0x00000006c0000000,0x00000006cd5ee078,0x00000006d1580000)
 Metaspace       used 32725K, capacity 35020K, committed 35072K, reserved 1079296K
  class space    used 4408K, capacity 4819K, committed 4864K, reserved 1048576K
}
Event: 12.066 GC heap before
{Heap before GC invocations=14 (full 2):
 PSYoungGen      total 422400K, used 366219K [0x000000076ab00000, 0x0000000792d80000, 0x00000007c0000000)
  eden space 316928K, 100% used [0x000000076ab00000,0x000000077e080000,0x000000077e080000)
  from space 105472K, 46% used [0x000000077e080000,0x00000007810a2f48,0x0000000784780000)
  to   space 101376K, 0% used [0x000000078ca80000,0x000000078ca80000,0x0000000792d80000)
 ParOldGen       total 284160K, used 219064K [0x00000006c0000000, 0x00000006d1580000, 0x000000076ab00000)
  object space 284160K, 77% used [0x00000006c0000000,0x00000006cd5ee078,0x00000006d1580000)
 Metaspace       used 32725K, capacity 35020K, committed 35072K, reserved 1079296K
  class space    used 4408K, capacity 4819K, committed 4864K, reserved 1048576K
Event: 12.110 GC heap after
Heap after GC invocations=14 (full 2):
 PSYoungGen      total 555520K, used 44874K [0x000000076ab00000, 0x0000000792800000, 0x00000007c0000000)
  eden space 459776K, 0% used [0x000000076ab00000,0x000000076ab00000,0x0000000786c00000)
  from space 95744K, 46% used [0x000000078ca80000,0x000000078f6529f8,0x0000000792800000)
  to   space 96256K, 0% used [0x0000000786c00000,0x0000000786c00000,0x000000078ca00000)
 ParOldGen       total 284160K, used 268436K [0x00000006c0000000, 0x00000006d1580000, 0x000000076ab00000)
  object space 284160K, 94% used [0x00000006c0000000,0x00000006d0625138,0x00000006d1580000)
 Metaspace       used 32725K, capacity 35020K, committed 35072K, reserved 1079296K
  class space    used 4408K, capacity 4819K, committed 4864K, reserved 1048576K
}
Event: 12.110 GC heap before
{Heap before GC invocations=15 (full 3):
 PSYoungGen      total 555520K, used 44874K [0x000000076ab00000, 0x0000000792800000, 0x00000007c0000000)
  eden space 459776K, 0% used [0x000000076ab00000,0x000000076ab00000,0x0000000786c00000)
  from space 95744K, 46% used [0x000000078ca80000,0x000000078f6529f8,0x0000000792800000)
  to   space 96256K, 0% used [0x0000000786c00000,0x0000000786c00000,0x000000078ca00000)
 ParOldGen       total 284160K, used 268436K [0x00000006c0000000, 0x00000006d1580000, 0x000000076ab00000)
  object space 284160K, 94% used [0x00000006c0000000,0x00000006d0625138,0x00000006d1580000)
 Metaspace       used 32725K, capacity 35020K, committed 35072K, reserved 1079296K
  class space    used 4408K, capacity 4819K, committed 4864K, reserved 1048576K
Event: 12.673 GC heap after
Heap after GC invocations=15 (full 3):
 PSYoungGen      total 555520K, used 26241K [0x000000076ab00000, 0x0000000792800000, 0x00000007c0000000)
  eden space 459776K, 0% used [0x000000076ab00000,0x000000076ab00000,0x0000000786c00000)
  from space 95744K, 27% used [0x000000078ca80000,0x000000078e420498,0x0000000792800000)
  to   space 96256K, 0% used [0x0000000786c00000,0x0000000786c00000,0x000000078ca00000)
 ParOldGen       total 535552K, used 284082K [0x00000006c0000000, 0x00000006e0b00000, 0x000000076ab00000)
  object space 535552K, 53% used [0x00000006c0000000,0x00000006d156c918,0x00000006e0b00000)
 Metaspace       used 32725K, capacity 35020K, committed 35072K, reserved 1079296K
  class space    used 4408K, capacity 4819K, committed 4864K, reserved 1048576K
}
Event: 13.403 GC heap before
{Heap before GC invocations=16 (full 3):
 PSYoungGen      total 555520K, used 486017K [0x000000076ab00000, 0x0000000792800000, 0x00000007c0000000)
  eden space 459776K, 100% used [0x000000076ab00000,0x0000000786c00000,0x0000000786c00000)
  from space 95744K, 27% used [0x000000078ca80000,0x000000078e420498,0x0000000792800000)
  to   space 96256K, 0% used [0x0000000786c00000,0x0000000786c00000,0x000000078ca00000)
 ParOldGen       total 535552K, used 284082K [0x00000006c0000000, 0x00000006e0b00000, 0x000000076ab00000)
  object space 535552K, 53% used [0x00000006c0000000,0x00000006d156c918,0x00000006e0b00000)
 Metaspace       used 32725K, capacity 35020K, committed 35072K, reserved 1079296K
  class space    used 4408K, capacity 4819K, committed 4864K, reserved 1048576K
Event: 13.450 GC heap after
Heap after GC invocations=16 (full 3):
 PSYoungGen      total 556032K, used 58448K [0x000000076ab00000, 0x0000000798c00000, 0x00000007c0000000)
  eden space 459776K, 0% used [0x000000076ab00000,0x000000076ab00000,0x0000000786c00000)
  from space 96256K, 60% used [0x0000000786c00000,0x000000078a5140d8,0x000000078ca00000)
  to   space 96256K, 0% used [0x0000000792e00000,0x0000000792e00000,0x0000000798c00000)
 ParOldGen       total 535552K, used 310528K [0x00000006c0000000, 0x00000006e0b00000, 0x000000076ab00000)
  object space 535552K, 57% used [0x00000006c0000000,0x00000006d2f40270,0x00000006e0b00000)
 Metaspace       used 32725K, capacity 35020K, committed 35072K, reserved 1079296K
  class space    used 4408K, capacity 4819K, committed 4864K, reserved 1048576K
}
Event: 14.028 GC heap before
{Heap before GC invocations=17 (full 3):
 PSYoungGen      total 556032K, used 518224K [0x000000076ab00000, 0x0000000798c00000, 0x00000007c0000000)
  eden space 459776K, 100% used [0x000000076ab00000,0x0000000786c00000,0x0000000786c00000)
  from space 96256K, 60% used [0x0000000786c00000,0x000000078a5140d8,0x000000078ca00000)
  to   space 96256K, 0% used [0x0000000792e00000,0x0000000792e00000,0x0000000798c00000)
 ParOldGen       total 535552K, used 310528K [0x00000006c0000000, 0x00000006e0b00000, 0x000000076ab00000)
  object space 535552K, 57% used [0x00000006c0000000,0x00000006d2f40270,0x00000006e0b00000)
 Metaspace       used 32725K, capacity 35020K, committed 35072K, reserved 1079296K
  class space    used 4408K, capacity 4819K, committed 4864K, reserved 1048576K
Event: 14.078 GC heap after
Heap after GC invocations=17 (full 3):
 PSYoungGen      total 638464K, used 96232K [0x000000076ab00000, 0x000000079b980000, 0x00000007c0000000)
  eden space 542208K, 0% used [0x000000076ab00000,0x000000076ab00000,0x000000078bc80000)
  from space 96256K, 99% used [0x0000000792e00000,0x0000000798bfa230,0x0000000798c00000)
  to   space 116224K, 0% used [0x000000078bc80000,0x000000078bc80000,0x0000000792e00000)
 ParOldGen       total 535552K, used 327136K [0x00000006c0000000, 0x00000006e0b00000, 0x000000076ab00000)
  object space 535552K, 61% used [0x00000006c0000000,0x00000006d3f78270,0x00000006e0b00000)
 Metaspace       used 32725K, capacity 35020K, committed 35072K, reserved 1079296K
  class space    used 4408K, capacity 4819K, committed 4864K, reserved 1048576K
}

