# JRE version: OpenJDK Runtime Environment (8.0_282-b08) (build 1.8.0_282-b08)
# Java VM: OpenJDK 64-Bit Server VM (25.282-b08 mixed mode bsd-aarch64 compressed oops)
Heap:
 PSYoungGen      total 557056K, used 56283K [0x000000076ab00000, 0x0000000792100000, 0x00000007c0000000)
  eden space 467968K, 12% used [0x000000076ab00000,0x000000076e1f6e78,0x0000000787400000)
  from space 89088K, 0% used [0x000000078ca00000,0x000000078ca00000,0x0000000792100000)
  to   space 88064K, 0% used [0x0000000787400000,0x0000000787400000,0x000000078ca00000)
 ParOldGen       total 693248K, used 487354K [0x00000006c0000000, 0x00000006ea500000, 0x000000076ab00000)
  object space 693248K, 70% used [0x00000006c0000000,0x00000006ddbee8a0,0x00000006ea500000)
 Metaspace       used 33678K, capacity 36088K, committed 36336K, reserved 1081344K
  class space    used 4467K, capacity 4887K, committed 4992K, reserved 1048576K
GC Heap History (56 events):
Event: 1.069 GC heap before
{Heap before GC invocations=1 (full 0):
 PSYoungGen      total 76288K, used 65536K [0x000000076ab00000, 0x0000000770000000, 0x00000007c0000000)
  eden space 65536K, 100% used [0x000000076ab00000,0x000000076eb00000,0x000000076eb00000)
  from space 10752K, 0% used [0x000000076f580000,0x000000076f580000,0x0000000770000000)
  to   space 10752K, 0% used [0x000000076eb00000,0x000000076eb00000,0x000000076f580000)
 ParOldGen       total 175104K, used 0K [0x00000006c0000000, 0x00000006cab00000, 0x000000076ab00000)
  object space 175104K, 0% used [0x00000006c0000000,0x00000006c0000000,0x00000006cab00000)
 Metaspace       used 18758K, capacity 19978K, committed 20224K, reserved 1067008K
  class space    used 2759K, capacity 3027K, committed 3072K, reserved 1048576K
Event: 1.074 GC heap after
Heap after GC invocations=1 (full 0):
 PSYoungGen      total 76288K, used 10747K [0x000000076ab00000, 0x0000000770000000, 0x00000007c0000000)
  eden space 65536K, 0% used [0x000000076ab00000,0x000000076ab00000,0x000000076eb00000)
  from space 10752K, 99% used [0x000000076eb00000,0x000000076f57ee58,0x000000076f580000)
  to   space 10752K, 0% used [0x000000076f580000,0x000000076f580000,0x0000000770000000)
 ParOldGen       total 175104K, used 643K [0x00000006c0000000, 0x00000006cab00000, 0x000000076ab00000)
  object space 175104K, 0% used [0x00000006c0000000,0x00000006c00a0e08,0x00000006cab00000)
 Metaspace       used 18758K, capacity 19978K, committed 20224K, reserved 1067008K
  class space    used 2759K, capacity 3027K, committed 3072K, reserved 1048576K
}
Event: 4.175 GC heap before
{Heap before GC invocations=2 (full 0):
 PSYoungGen      total 76288K, used 17718K [0x000000076ab00000, 0x0000000770000000, 0x00000007c0000000)
  eden space 65536K, 10% used [0x000000076ab00000,0x000000076b1cea60,0x000000076eb00000)
  from space 10752K, 99% used [0x000000076eb00000,0x000000076f57ee58,0x000000076f580000)
  to   space 10752K, 0% used [0x000000076f580000,0x000000076f580000,0x0000000770000000)
 ParOldGen       total 175104K, used 643K [0x00000006c0000000, 0x00000006cab00000, 0x000000076ab00000)
  object space 175104K, 0% used [0x00000006c0000000,0x00000006c00a0e08,0x00000006cab00000)
 Metaspace       used 19940K, capacity 21186K, committed 21296K, reserved 1067008K
  class space    used 2848K, capacity 3117K, committed 3200K, reserved 1048576K
Event: 4.180 GC heap after
Heap after GC invocations=2 (full 0):
 PSYoungGen      total 76288K, used 9371K [0x000000076ab00000, 0x0000000770000000, 0x00000007c0000000)
  eden space 65536K, 0% used [0x000000076ab00000,0x000000076ab00000,0x000000076eb00000)
  from space 10752K, 87% used [0x000000076f580000,0x000000076fea6ec8,0x0000000770000000)
  to   space 10752K, 0% used [0x000000076eb00000,0x000000076eb00000,0x000000076f580000)
 ParOldGen       total 175104K, used 651K [0x00000006c0000000, 0x00000006cab00000, 0x000000076ab00000)
  object space 175104K, 0% used [0x00000006c0000000,0x00000006c00a2e08,0x00000006cab00000)
 Metaspace       used 19940K, capacity 21186K, committed 21296K, reserved 1067008K
  class space    used 2848K, capacity 3117K, committed 3200K, reserved 1048576K
}
Event: 4.180 GC heap before
{Heap before GC invocations=3 (full 1):
 PSYoungGen      total 76288K, used 9371K [0x000000076ab00000, 0x0000000770000000, 0x00000007c0000000)
  eden space 65536K, 0% used [0x000000076ab00000,0x000000076ab00000,0x000000076eb00000)
  from space 10752K, 87% used [0x000000076f580000,0x000000076fea6ec8,0x0000000770000000)
  to   space 10752K, 0% used [0x000000076eb00000,0x000000076eb00000,0x000000076f580000)
 ParOldGen       total 175104K, used 651K [0x00000006c0000000, 0x00000006cab00000, 0x000000076ab00000)
  object space 175104K, 0% used [0x00000006c0000000,0x00000006c00a2e08,0x00000006cab00000)
 Metaspace       used 19940K, capacity 21186K, committed 21296K, reserved 1067008K
  class space    used 2848K, capacity 3117K, committed 3200K, reserved 1048576K
Event: 4.205 GC heap after
Heap after GC invocations=3 (full 1):
 PSYoungGen      total 76288K, used 0K [0x000000076ab00000, 0x0000000770000000, 0x00000007c0000000)
  eden space 65536K, 0% used [0x000000076ab00000,0x000000076ab00000,0x000000076eb00000)
  from space 10752K, 0% used [0x000000076f580000,0x000000076f580000,0x0000000770000000)
  to   space 10752K, 0% used [0x000000076eb00000,0x000000076eb00000,0x000000076f580000)
 ParOldGen       total 76288K, used 9529K [0x00000006c0000000, 0x00000006c4a80000, 0x000000076ab00000)
  object space 76288K, 12% used [0x00000006c0000000,0x00000006c094e788,0x00000006c4a80000)
 Metaspace       used 19940K, capacity 21186K, committed 21296K, reserved 1067008K
  class space    used 2848K, capacity 3117K, committed 3200K, reserved 1048576K
}
Event: 41.814 GC heap before
{Heap before GC invocations=4 (full 1):
 PSYoungGen      total 76288K, used 65536K [0x000000076ab00000, 0x0000000770000000, 0x00000007c0000000)
  eden space 65536K, 100% used [0x000000076ab00000,0x000000076eb00000,0x000000076eb00000)
  from space 10752K, 0% used [0x000000076f580000,0x000000076f580000,0x0000000770000000)
  to   space 10752K, 0% used [0x000000076eb00000,0x000000076eb00000,0x000000076f580000)
 ParOldGen       total 76288K, used 9529K [0x00000006c0000000, 0x00000006c4a80000, 0x000000076ab00000)
  object space 76288K, 12% used [0x00000006c0000000,0x00000006c094e788,0x00000006c4a80000)
 Metaspace       used 29647K, capacity 31472K, committed 31616K, reserved 1077248K
  class space    used 4031K, capacity 4377K, committed 4480K, reserved 1048576K
Event: 41.832 GC heap after
Heap after GC invocations=4 (full 1):
 PSYoungGen      total 76288K, used 10734K [0x000000076ab00000, 0x0000000770000000, 0x00000007c0000000)
  eden space 65536K, 0% used [0x000000076ab00000,0x000000076ab00000,0x000000076eb00000)
  from space 10752K, 99% used [0x000000076eb00000,0x000000076f57b880,0x000000076f580000)
  to   space 10752K, 0% used [0x000000076f580000,0x000000076f580000,0x0000000770000000)
 ParOldGen       total 76288K, used 11009K [0x00000006c0000000, 0x00000006c4a80000, 0x000000076ab00000)
  object space 76288K, 14% used [0x00000006c0000000,0x00000006c0ac0400,0x00000006c4a80000)
 Metaspace       used 29647K, capacity 31472K, committed 31616K, reserved 1077248K
  class space    used 4031K, capacity 4377K, committed 4480K, reserved 1048576K
}
Event: 88.007 GC heap before
{Heap before GC invocations=5 (full 1):
 PSYoungGen      total 76288K, used 76270K [0x000000076ab00000, 0x0000000770000000, 0x00000007c0000000)
  eden space 65536K, 100% used [0x000000076ab00000,0x000000076eb00000,0x000000076eb00000)
  from space 10752K, 99% used [0x000000076eb00000,0x000000076f57b880,0x000000076f580000)
  to   space 10752K, 0% used [0x000000076f580000,0x000000076f580000,0x0000000770000000)
 ParOldGen       total 76288K, used 11009K [0x00000006c0000000, 0x00000006c4a80000, 0x000000076ab00000)
  object space 76288K, 14% used [0x00000006c0000000,0x00000006c0ac0400,0x00000006c4a80000)
 Metaspace       used 32236K, capacity 34424K, committed 34560K, reserved 1079296K
  class space    used 4381K, capacity 4795K, committed 4864K, reserved 1048576K
Event: 88.018 GC heap after
Heap after GC invocations=5 (full 1):
 PSYoungGen      total 76288K, used 10720K [0x000000076ab00000, 0x0000000770000000, 0x00000007c0000000)
  eden space 65536K, 0% used [0x000000076ab00000,0x000000076ab00000,0x000000076eb00000)
  from space 10752K, 99% used [0x000000076f580000,0x000000076fff8050,0x0000000770000000)
  to   space 10752K, 0% used [0x000000076eb00000,0x000000076eb00000,0x000000076f580000)
 ParOldGen       total 76288K, used 26438K [0x00000006c0000000, 0x00000006c4a80000, 0x000000076ab00000)
  object space 76288K, 34% used [0x00000006c0000000,0x00000006c19d1960,0x00000006c4a80000)
 Metaspace       used 32236K, capacity 34424K, committed 34560K, reserved 1079296K
  class space    used 4381K, capacity 4795K, committed 4864K, reserved 1048576K
}
Event: 94.050 GC heap before
{Heap before GC invocations=6 (full 1):
 PSYoungGen      total 76288K, used 55817K [0x000000076ab00000, 0x0000000770000000, 0x00000007c0000000)
  eden space 65536K, 68% used [0x000000076ab00000,0x000000076d70a760,0x000000076eb00000)
  from space 10752K, 99% used [0x000000076f580000,0x000000076fff8050,0x0000000770000000)
  to   space 10752K, 0% used [0x000000076eb00000,0x000000076eb00000,0x000000076f580000)
 ParOldGen       total 76288K, used 26438K [0x00000006c0000000, 0x00000006c4a80000, 0x000000076ab00000)
  object space 76288K, 34% used [0x00000006c0000000,0x00000006c19d1960,0x00000006c4a80000)
 Metaspace       used 32868K, capacity 35358K, committed 35712K, reserved 1079296K
  class space    used 4458K, capacity 4884K, committed 4992K, reserved 1048576K
Event: 94.061 GC heap after
Heap after GC invocations=6 (full 1):
 PSYoungGen      total 74752K, used 10736K [0x000000076ab00000, 0x0000000771f80000, 0x00000007c0000000)
  eden space 64000K, 0% used [0x000000076ab00000,0x000000076ab00000,0x000000076e980000)
  from space 10752K, 99% used [0x000000076eb00000,0x000000076f57c020,0x000000076f580000)
  to   space 27648K, 0% used [0x0000000770480000,0x0000000770480000,0x0000000771f80000)
 ParOldGen       total 76288K, used 37286K [0x00000006c0000000, 0x00000006c4a80000, 0x000000076ab00000)
  object space 76288K, 48% used [0x00000006c0000000,0x00000006c2469828,0x00000006c4a80000)
 Metaspace       used 32868K, capacity 35358K, committed 35712K, reserved 1079296K
  class space    used 4458K, capacity 4884K, committed 4992K, reserved 1048576K
}
Event: 1495.454 GC heap before
{Heap before GC invocations=7 (full 1):
 PSYoungGen      total 74752K, used 58907K [0x000000076ab00000, 0x0000000771f80000, 0x00000007c0000000)
  eden space 64000K, 75% used [0x000000076ab00000,0x000000076da0ac40,0x000000076e980000)
  from space 10752K, 99% used [0x000000076eb00000,0x000000076f57c020,0x000000076f580000)
  to   space 27648K, 0% used [0x0000000770480000,0x0000000770480000,0x0000000771f80000)
 ParOldGen       total 76288K, used 37286K [0x00000006c0000000, 0x00000006c4a80000, 0x000000076ab00000)
  object space 76288K, 48% used [0x00000006c0000000,0x00000006c2469828,0x00000006c4a80000)
 Metaspace       used 33241K, capacity 35632K, committed 35824K, reserved 1081344K
  class space    used 4466K, capacity 4887K, committed 4992K, reserved 1048576K
Event: 1495.466 GC heap after
Heap after GC invocations=7 (full 1):
 PSYoungGen      total 87552K, used 11584K [0x000000076ab00000, 0x0000000771d00000, 0x00000007c0000000)
  eden space 62464K, 0% used [0x000000076ab00000,0x000000076ab00000,0x000000076e800000)
  from space 25088K, 46% used [0x0000000770480000,0x0000000770fd0050,0x0000000771d00000)
  to   space 27136K, 0% used [0x000000076e800000,0x000000076e800000,0x0000000770280000)
 ParOldGen       total 76288K, used 37294K [0x00000006c0000000, 0x00000006c4a80000, 0x000000076ab00000)
  object space 76288K, 48% used [0x00000006c0000000,0x00000006c246b828,0x00000006c4a80000)
 Metaspace       used 33241K, capacity 35632K, committed 35824K, reserved 1081344K
  class space    used 4466K, capacity 4887K, committed 4992K, reserved 1048576K
}
Event: 1495.466 GC heap before
{Heap before GC invocations=8 (full 2):
 PSYoungGen      total 87552K, used 11584K [0x000000076ab00000, 0x0000000771d00000, 0x00000007c0000000)
  eden space 62464K, 0% used [0x000000076ab00000,0x000000076ab00000,0x000000076e800000)
  from space 25088K, 46% used [0x0000000770480000,0x0000000770fd0050,0x0000000771d00000)
  to   space 27136K, 0% used [0x000000076e800000,0x000000076e800000,0x0000000770280000)
 ParOldGen       total 76288K, used 37294K [0x00000006c0000000, 0x00000006c4a80000, 0x000000076ab00000)
  object space 76288K, 48% used [0x00000006c0000000,0x00000006c246b828,0x00000006c4a80000)
 Metaspace       used 33241K, capacity 35632K, committed 35824K, reserved 1081344K
  class space    used 4466K, capacity 4887K, committed 4992K, reserved 1048576K
Event: 1495.563 GC heap after
Heap after GC invocations=8 (full 2):
 PSYoungGen      total 87552K, used 0K [0x000000076ab00000, 0x0000000771d00000, 0x00000007c0000000)
  eden space 62464K, 0% used [0x000000076ab00000,0x000000076ab00000,0x000000076e800000)
  from space 25088K, 0% used [0x0000000770480000,0x0000000770480000,0x0000000771d00000)
  to   space 27136K, 0% used [0x000000076e800000,0x000000076e800000,0x0000000770280000)
 ParOldGen       total 124928K, used 44871K [0x00000006c0000000, 0x00000006c7a00000, 0x000000076ab00000)
  object space 124928K, 35% used [0x00000006c0000000,0x00000006c2bd1f58,0x00000006c7a00000)
 Metaspace       used 33241K, capacity 35632K, committed 35824K, reserved 1081344K
  class space    used 4466K, capacity 4887K, committed 4992K, reserved 1048576K
}
Event: 1587.811 GC heap before
{Heap before GC invocations=9 (full 2):
 PSYoungGen      total 87552K, used 62464K [0x000000076ab00000, 0x0000000771d00000, 0x00000007c0000000)
  eden space 62464K, 100% used [0x000000076ab00000,0x000000076e800000,0x000000076e800000)
  from space 25088K, 0% used [0x0000000770480000,0x0000000770480000,0x0000000771d00000)
  to   space 27136K, 0% used [0x000000076e800000,0x000000076e800000,0x0000000770280000)
 ParOldGen       total 124928K, used 44871K [0x00000006c0000000, 0x00000006c7a00000, 0x000000076ab00000)
  object space 124928K, 35% used [0x00000006c0000000,0x00000006c2bd1f58,0x00000006c7a00000)
 Metaspace       used 33505K, capacity 35896K, committed 36080K, reserved 1081344K
  class space    used 4467K, capacity 4887K, committed 4992K, reserved 1048576K
Event: 1587.812 GC heap after
Heap after GC invocations=9 (full 2):
 PSYoungGen      total 63488K, used 2560K [0x000000076ab00000, 0x0000000771d80000, 0x00000007c0000000)
  eden space 60928K, 0% used [0x000000076ab00000,0x000000076ab00000,0x000000076e680000)
  from space 2560K, 100% used [0x000000076e800000,0x000000076ea80000,0x000000076ea80000)
  to   space 28160K, 0% used [0x0000000770200000,0x0000000770200000,0x0000000771d80000)
 ParOldGen       total 124928K, used 44879K [0x00000006c0000000, 0x00000006c7a00000, 0x000000076ab00000)
  object space 124928K, 35% used [0x00000006c0000000,0x00000006c2bd3f58,0x00000006c7a00000)
 Metaspace       used 33505K, capacity 35896K, committed 36080K, reserved 1081344K
  class space    used 4467K, capacity 4887K, committed 4992K, reserved 1048576K
}
Event: 1588.079 GC heap before
{Heap before GC invocations=10 (full 2):
 PSYoungGen      total 63488K, used 63488K [0x000000076ab00000, 0x0000000771d80000, 0x00000007c0000000)
  eden space 60928K, 100% used [0x000000076ab00000,0x000000076e680000,0x000000076e680000)
  from space 2560K, 100% used [0x000000076e800000,0x000000076ea80000,0x000000076ea80000)
  to   space 28160K, 0% used [0x0000000770200000,0x0000000770200000,0x0000000771d80000)
 ParOldGen       total 124928K, used 44879K [0x00000006c0000000, 0x00000006c7a00000, 0x000000076ab00000)
  object space 124928K, 35% used [0x00000006c0000000,0x00000006c2bd3f58,0x00000006c7a00000)
 Metaspace       used 33678K, capacity 36088K, committed 36336K, reserved 1081344K
  class space    used 4467K, capacity 4887K, committed 4992K, reserved 1048576K
Event: 1588.085 GC heap after
Heap after GC invocations=10 (full 2):
 PSYoungGen      total 88064K, used 18824K [0x000000076ab00000, 0x0000000771d80000, 0x00000007c0000000)
  eden space 59904K, 0% used [0x000000076ab00000,0x000000076ab00000,0x000000076e580000)
  from space 28160K, 66% used [0x0000000770200000,0x0000000771462110,0x0000000771d80000)
  to   space 28672K, 0% used [0x000000076e580000,0x000000076e580000,0x0000000770180000)
 ParOldGen       total 124928K, used 44887K [0x00000006c0000000, 0x00000006c7a00000, 0x000000076ab00000)
  object space 124928K, 35% used [0x00000006c0000000,0x00000006c2bd5f58,0x00000006c7a00000)
 Metaspace       used 33678K, capacity 36088K, committed 36336K, reserved 1081344K
  class space    used 4467K, capacity 4887K, committed 4992K, reserved 1048576K
}
Event: 1588.296 GC heap before
{Heap before GC invocations=11 (full 2):
 PSYoungGen      total 88064K, used 78728K [0x000000076ab00000, 0x0000000771d80000, 0x00000007c0000000)
  eden space 59904K, 100% used [0x000000076ab00000,0x000000076e580000,0x000000076e580000)
  from space 28160K, 66% used [0x0000000770200000,0x0000000771462110,0x0000000771d80000)
  to   space 28672K, 0% used [0x000000076e580000,0x000000076e580000,0x0000000770180000)
 ParOldGen       total 124928K, used 44887K [0x00000006c0000000, 0x00000006c7a00000, 0x000000076ab00000)
  object space 124928K, 35% used [0x00000006c0000000,0x00000006c2bd5f58,0x00000006c7a00000)
 Metaspace       used 33678K, capacity 36088K, committed 36336K, reserved 1081344K
  class space    used 4467K, capacity 4887K, committed 4992K, reserved 1048576K
Event: 1588.310 GC heap after
Heap after GC invocations=11 (full 2):
 PSYoungGen      total 88576K, used 28642K [0x000000076ab00000, 0x0000000774980000, 0x00000007c0000000)
  eden space 59904K, 0% used [0x000000076ab00000,0x000000076ab00000,0x000000076e580000)
  from space 28672K, 99% used [0x000000076e580000,0x00000007701789f8,0x0000000770180000)
  to   space 35328K, 0% used [0x0000000772700000,0x0000000772700000,0x0000000774980000)
 ParOldGen       total 124928K, used 50335K [0x00000006c0000000, 0x00000006c7a00000, 0x000000076ab00000)
  object space 124928K, 40% used [0x00000006c0000000,0x00000006c3127f58,0x00000006c7a00000)
 Metaspace       used 33678K, capacity 36088K, committed 36336K, reserved 1081344K
  class space    used 4467K, capacity 4887K, committed 4992K, reserved 1048576K
}
Event: 1588.481 GC heap before
{Heap before GC invocations=12 (full 2):
 PSYoungGen      total 88576K, used 88546K [0x000000076ab00000, 0x0000000774980000, 0x00000007c0000000)
  eden space 59904K, 100% used [0x000000076ab00000,0x000000076e580000,0x000000076e580000)
  from space 28672K, 99% used [0x000000076e580000,0x00000007701789f8,0x0000000770180000)
  to   space 35328K, 0% used [0x0000000772700000,0x0000000772700000,0x0000000774980000)
 ParOldGen       total 124928K, used 50335K [0x00000006c0000000, 0x00000006c7a00000, 0x000000076ab00000)
  object space 124928K, 40% used [0x00000006c0000000,0x00000006c3127f58,0x00000006c7a00000)
 Metaspace       used 33678K, capacity 36088K, committed 36336K, reserved 1081344K
  class space    used 4467K, capacity 4887K, committed 4992K, reserved 1048576K
Event: 1588.499 GC heap after
Heap after GC invocations=12 (full 2):
 PSYoungGen      total 118784K, used 35301K [0x000000076ab00000, 0x0000000775b80000, 0x00000007c0000000)
  eden space 83456K, 0% used [0x000000076ab00000,0x000000076ab00000,0x000000076fc80000)
  from space 35328K, 99% used [0x0000000772700000,0x00000007749797d0,0x0000000774980000)
  to   space 43520K, 0% used [0x000000076fc80000,0x000000076fc80000,0x0000000772700000)
 ParOldGen       total 124928K, used 58079K [0x00000006c0000000, 0x00000006c7a00000, 0x000000076ab00000)
  object space 124928K, 46% used [0x00000006c0000000,0x00000006c38b7f58,0x00000006c7a00000)
 Metaspace       used 33678K, capacity 36088K, committed 36336K, reserved 1081344K
  class space    used 4467K, capacity 4887K, committed 4992K, reserved 1048576K
}
Event: 1588.719 GC heap before
{Heap before GC invocations=13 (full 2):
 PSYoungGen      total 118784K, used 118757K [0x000000076ab00000, 0x0000000775b80000, 0x00000007c0000000)
  eden space 83456K, 100% used [0x000000076ab00000,0x000000076fc80000,0x000000076fc80000)
  from space 35328K, 99% used [0x0000000772700000,0x00000007749797d0,0x0000000774980000)
  to   space 43520K, 0% used [0x000000076fc80000,0x000000076fc80000,0x0000000772700000)
 ParOldGen       total 124928K, used 58079K [0x00000006c0000000, 0x00000006c7a00000, 0x000000076ab00000)
  object space 124928K, 46% used [0x00000006c0000000,0x00000006c38b7f58,0x00000006c7a00000)
 Metaspace       used 33678K, capacity 36088K, committed 36336K, reserved 1081344K
  class space    used 4467K, capacity 4887K, committed 4992K, reserved 1048576K
Event: 1588.739 GC heap after
Heap after GC invocations=13 (full 2):
 PSYoungGen      total 126976K, used 43508K [0x000000076ab00000, 0x0000000779400000, 0x00000007c0000000)
  eden space 83456K, 0% used [0x000000076ab00000,0x000000076ab00000,0x000000076fc80000)
  from space 43520K, 99% used [0x000000076fc80000,0x00000007726fd0b8,0x0000000772700000)
  to   space 53760K, 0% used [0x0000000775f80000,0x0000000775f80000,0x0000000779400000)
 ParOldGen       total 124928K, used 68935K [0x00000006c0000000, 0x00000006c7a00000, 0x000000076ab00000)
  object space 124928K, 55% used [0x00000006c0000000,0x00000006c4351f58,0x00000006c7a00000)
 Metaspace       used 33678K, capacity 36088K, committed 36336K, reserved 1081344K
  class space    used 4467K, capacity 4887K, committed 4992K, reserved 1048576K
}
Event: 1588.935 GC heap before
{Heap before GC invocations=14 (full 2):
 PSYoungGen      total 126976K, used 126964K [0x000000076ab00000, 0x0000000779400000, 0x00000007c0000000)
  eden space 83456K, 100% used [0x000000076ab00000,0x000000076fc80000,0x000000076fc80000)
  from space 43520K, 99% used [0x000000076fc80000,0x00000007726fd0b8,0x0000000772700000)
  to   space 53760K, 0% used [0x0000000775f80000,0x0000000775f80000,0x0000000779400000)
 ParOldGen       total 124928K, used 68935K [0x00000006c0000000, 0x00000006c7a00000, 0x000000076ab00000)
  object space 124928K, 55% used [0x00000006c0000000,0x00000006c4351f58,0x00000006c7a00000)
 Metaspace       used 33678K, capacity 36088K, committed 36336K, reserved 1081344K
  class space    used 4467K, capacity 4887K, committed 4992K, reserved 1048576K
Event: 1588.957 GC heap after
Heap after GC invocations=14 (full 2):
 PSYoungGen      total 176128K, used 53429K [0x000000076ab00000, 0x000000077a580000, 0x00000007c0000000)
  eden space 122368K, 0% used [0x000000076ab00000,0x000000076ab00000,0x0000000772280000)
  from space 53760K, 99% used [0x0000000775f80000,0x00000007793ad618,0x0000000779400000)
  to   space 62464K, 0% used [0x0000000772280000,0x0000000772280000,0x0000000775f80000)
 ParOldGen       total 124928K, used 77255K [0x00000006c0000000, 0x00000006c7a00000, 0x000000076ab00000)
  object space 124928K, 61% used [0x00000006c0000000,0x00000006c4b71f58,0x00000006c7a00000)
 Metaspace       used 33678K, capacity 36088K, committed 36336K, reserved 1081344K
  class space    used 4467K, capacity 4887K, committed 4992K, reserved 1048576K
}
Event: 1589.245 GC heap before
{Heap before GC invocations=15 (full 2):
 PSYoungGen      total 176128K, used 175797K [0x000000076ab00000, 0x000000077a580000, 0x00000007c0000000)
  eden space 122368K, 100% used [0x000000076ab00000,0x0000000772280000,0x0000000772280000)
  from space 53760K, 99% used [0x0000000775f80000,0x00000007793ad618,0x0000000779400000)
  to   space 62464K, 0% used [0x0000000772280000,0x0000000772280000,0x0000000775f80000)
 ParOldGen       total 124928K, used 77255K [0x00000006c0000000, 0x00000006c7a00000, 0x000000076ab00000)
  object space 124928K, 61% used [0x00000006c0000000,0x00000006c4b71f58,0x00000006c7a00000)
 Metaspace       used 33678K, capacity 36088K, committed 36336K, reserved 1081344K
  class space    used 4467K, capacity 4887K, committed 4992K, reserved 1048576K
Event: 1589.273 GC heap after
Heap after GC invocations=15 (full 2):
 PSYoungGen      total 184832K, used 57600K [0x000000076ab00000, 0x000000077f180000, 0x00000007c0000000)
  eden space 122368K, 0% used [0x000000076ab00000,0x000000076ab00000,0x0000000772280000)
  from space 62464K, 92% used [0x0000000772280000,0x0000000775ac0088,0x0000000775f80000)
  to   space 70656K, 0% used [0x000000077ac80000,0x000000077ac80000,0x000000077f180000)
 ParOldGen       total 124928K, used 97975K [0x00000006c0000000, 0x00000006c7a00000, 0x000000076ab00000)
  object space 124928K, 78% used [0x00000006c0000000,0x00000006c5fadf58,0x00000006c7a00000)
 Metaspace       used 33678K, capacity 36088K, committed 36336K, reserved 1081344K
  class space    used 4467K, capacity 4887K, committed 4992K, reserved 1048576K
}
Event: 1589.521 GC heap before
{Heap before GC invocations=16 (full 2):
 PSYoungGen      total 184832K, used 179968K [0x000000076ab00000, 0x000000077f180000, 0x00000007c0000000)
  eden space 122368K, 100% used [0x000000076ab00000,0x0000000772280000,0x0000000772280000)
  from space 62464K, 92% used [0x0000000772280000,0x0000000775ac0088,0x0000000775f80000)
  to   space 70656K, 0% used [0x000000077ac80000,0x000000077ac80000,0x000000077f180000)
 ParOldGen       total 124928K, used 97975K [0x00000006c0000000, 0x00000006c7a00000, 0x000000076ab00000)
  object space 124928K, 78% used [0x00000006c0000000,0x00000006c5fadf58,0x00000006c7a00000)
 Metaspace       used 33678K, capacity 36088K, committed 36336K, reserved 1081344K
  class space    used 4467K, capacity 4887K, committed 4992K, reserved 1048576K
Event: 1589.553 GC heap after
Heap after GC invocations=16 (full 2):
 PSYoungGen      total 260608K, used 48656K [0x000000076ab00000, 0x000000077f800000, 0x00000007c0000000)
  eden space 189952K, 0% used [0x000000076ab00000,0x000000076ab00000,0x0000000776480000)
  from space 70656K, 68% used [0x000000077ac80000,0x000000077dc042d0,0x000000077f180000)
  to   space 73728K, 0% used [0x0000000776480000,0x0000000776480000,0x000000077ac80000)
 ParOldGen       total 130048K, used 129919K [0x00000006c0000000, 0x00000006c7f00000, 0x000000076ab00000)
  object space 130048K, 99% used [0x00000006c0000000,0x00000006c7edff68,0x00000006c7f00000)
 Metaspace       used 33678K, capacity 36088K, committed 36336K, reserved 1081344K
  class space    used 4467K, capacity 4887K, committed 4992K, reserved 1048576K
}
Event: 1589.553 GC heap before
{Heap before GC invocations=17 (full 3):
 PSYoungGen      total 260608K, used 48656K [0x000000076ab00000, 0x000000077f800000, 0x00000007c0000000)
  eden space 189952K, 0% used [0x000000076ab00000,0x000000076ab00000,0x0000000776480000)
  from space 70656K, 68% used [0x000000077ac80000,0x000000077dc042d0,0x000000077f180000)
  to   space 73728K, 0% used [0x0000000776480000,0x0000000776480000,0x000000077ac80000)
 ParOldGen       total 130048K, used 129919K [0x00000006c0000000, 0x00000006c7f00000, 0x000000076ab00000)
  object space 130048K, 99% used [0x00000006c0000000,0x00000006c7edff68,0x00000006c7f00000)
 Metaspace       used 33678K, capacity 36088K, committed 36336K, reserved 1081344K
  class space    used 4467K, capacity 4887K, committed 4992K, reserved 1048576K
Event: 1590.144 GC heap after
Heap after GC invocations=17 (full 3):
 PSYoungGen      total 260608K, used 47449K [0x000000076ab00000, 0x000000077f800000, 0x00000007c0000000)
  eden space 189952K, 0% used [0x000000076ab00000,0x000000076ab00000,0x0000000776480000)
  from space 70656K, 67% used [0x000000077ac80000,0x000000077dad6598,0x000000077f180000)
  to   space 73728K, 0% used [0x0000000776480000,0x0000000776480000,0x000000077ac80000)
 ParOldGen       total 224768K, used 129854K [0x00000006c0000000, 0x00000006cdb80000, 0x000000076ab00000)
  object space 224768K, 57% used [0x00000006c0000000,0x00000006c7ecfb00,0x00000006cdb80000)
 Metaspace       used 33678K, capacity 36088K, committed 36336K, reserved 1081344K
  class space    used 4467K, capacity 4887K, committed 4992K, reserved 1048576K
}
Event: 1590.548 GC heap before
{Heap before GC invocations=18 (full 3):
 PSYoungGen      total 260608K, used 237401K [0x000000076ab00000, 0x000000077f800000, 0x00000007c0000000)
  eden space 189952K, 100% used [0x000000076ab00000,0x0000000776480000,0x0000000776480000)
  from space 70656K, 67% used [0x000000077ac80000,0x000000077dad6598,0x000000077f180000)
  to   space 73728K, 0% used [0x0000000776480000,0x0000000776480000,0x000000077ac80000)
 ParOldGen       total 224768K, used 129854K [0x00000006c0000000, 0x00000006cdb80000, 0x000000076ab00000)
  object space 224768K, 57% used [0x00000006c0000000,0x00000006c7ecfb00,0x00000006cdb80000)
 Metaspace       used 33678K, capacity 36088K, committed 36336K, reserved 1081344K
  class space    used 4467K, capacity 4887K, committed 4992K, reserved 1048576K
Event: 1590.585 GC heap after
Heap after GC invocations=18 (full 3):
 PSYoungGen      total 263680K, used 35135K [0x000000076ab00000, 0x0000000785900000, 0x00000007c0000000)
  eden space 189952K, 0% used [0x000000076ab00000,0x000000076ab00000,0x0000000776480000)
  from space 73728K, 47% used [0x0000000776480000,0x00000007786cfe30,0x000000077ac80000)
  to   space 71168K, 0% used [0x0000000781380000,0x0000000781380000,0x0000000785900000)
 ParOldGen       total 224768K, used 176535K [0x00000006c0000000, 0x00000006cdb80000, 0x000000076ab00000)
  object space 224768K, 78% used [0x00000006c0000000,0x00000006cac65e68,0x00000006cdb80000)
 Metaspace       used 33678K, capacity 36088K, committed 36336K, reserved 1081344K
  class space    used 4467K, capacity 4887K, committed 4992K, reserved 1048576K
}
Event: 1590.910 GC heap before
{Heap before GC invocations=19 (full 3):
 PSYoungGen      total 263680K, used 225087K [0x000000076ab00000, 0x0000000785900000, 0x00000007c0000000)
  eden space 189952K, 100% used [0x000000076ab00000,0x0000000776480000,0x0000000776480000)
  from space 73728K, 47% used [0x0000000776480000,0x00000007786cfe30,0x000000077ac80000)
  to   space 71168K, 0% used [0x0000000781380000,0x0000000781380000,0x0000000785900000)
 ParOldGen       total 224768K, used 176535K [0x00000006c0000000, 0x00000006cdb80000, 0x000000076ab00000)
  object space 224768K, 78% used [0x00000006c0000000,0x00000006cac65e68,0x00000006cdb80000)
 Metaspace       used 33678K, capacity 36088K, committed 36336K, reserved 1081344K
  class space    used 4467K, capacity 4887K, committed 4992K, reserved 1048576K
Event: 1590.938 GC heap after
Heap after GC invocations=19 (full 3):
 PSYoungGen      total 361984K, used 30881K [0x000000076ab00000, 0x0000000785180000, 0x00000007c0000000)
  eden space 298496K, 0% used [0x000000076ab00000,0x000000076ab00000,0x000000077ce80000)
  from space 63488K, 48% used [0x0000000781380000,0x00000007831a84e8,0x0000000785180000)
  to   space 67072K, 0% used [0x000000077ce80000,0x000000077ce80000,0x0000000781000000)
 ParOldGen       total 224768K, used 211726K [0x00000006c0000000, 0x00000006cdb80000, 0x000000076ab00000)
  object space 224768K, 94% used [0x00000006c0000000,0x00000006ccec3aa0,0x00000006cdb80000)
 Metaspace       used 33678K, capacity 36088K, committed 36336K, reserved 1081344K
  class space    used 4467K, capacity 4887K, committed 4992K, reserved 1048576K
}
Event: 1590.938 GC heap before
{Heap before GC invocations=20 (full 4):
 PSYoungGen      total 361984K, used 30881K [0x000000076ab00000, 0x0000000785180000, 0x00000007c0000000)
  eden space 298496K, 0% used [0x000000076ab00000,0x000000076ab00000,0x000000077ce80000)
  from space 63488K, 48% used [0x0000000781380000,0x00000007831a84e8,0x0000000785180000)
  to   space 67072K, 0% used [0x000000077ce80000,0x000000077ce80000,0x0000000781000000)
 ParOldGen       total 224768K, used 211726K [0x00000006c0000000, 0x00000006cdb80000, 0x000000076ab00000)
  object space 224768K, 94% used [0x00000006c0000000,0x00000006ccec3aa0,0x00000006cdb80000)
 Metaspace       used 33678K, capacity 36088K, committed 36336K, reserved 1081344K
  class space    used 4467K, capacity 4887K, committed 4992K, reserved 1048576K
Event: 1591.258 GC heap after
Heap after GC invocations=20 (full 4):
 PSYoungGen      total 361984K, used 16354K [0x000000076ab00000, 0x0000000785180000, 0x00000007c0000000)
  eden space 298496K, 0% used [0x000000076ab00000,0x000000076ab00000,0x000000077ce80000)
  from space 63488K, 25% used [0x0000000781380000,0x00000007823788b8,0x0000000785180000)
  to   space 67072K, 0% used [0x000000077ce80000,0x000000077ce80000,0x0000000781000000)
 ParOldGen       total 357376K, used 224464K [0x00000006c0000000, 0x00000006d5d00000, 0x000000076ab00000)
  object space 357376K, 62% used [0x00000006c0000000,0x00000006cdb340e0,0x00000006d5d00000)
 Metaspace       used 33678K, capacity 36088K, committed 36336K, reserved 1081344K
  class space    used 4467K, capacity 4887K, committed 4992K, reserved 1048576K
}
Event: 1591.819 GC heap before
{Heap before GC invocations=21 (full 4):
 PSYoungGen      total 361984K, used 314850K [0x000000076ab00000, 0x0000000785180000, 0x00000007c0000000)
  eden space 298496K, 100% used [0x000000076ab00000,0x000000077ce80000,0x000000077ce80000)
  from space 63488K, 25% used [0x0000000781380000,0x00000007823788b8,0x0000000785180000)
  to   space 67072K, 0% used [0x000000077ce80000,0x000000077ce80000,0x0000000781000000)
 ParOldGen       total 357376K, used 224464K [0x00000006c0000000, 0x00000006d5d00000, 0x000000076ab00000)
  object space 357376K, 62% used [0x00000006c0000000,0x00000006cdb340e0,0x00000006d5d00000)
 Metaspace       used 33678K, capacity 36088K, committed 36336K, reserved 1081344K
  class space    used 4467K, capacity 4887K, committed 4992K, reserved 1048576K
Event: 1591.858 GC heap after
Heap after GC invocations=21 (full 4):
 PSYoungGen      total 365568K, used 45773K [0x000000076ab00000, 0x0000000788c00000, 0x00000007c0000000)
  eden space 298496K, 0% used [0x000000076ab00000,0x000000076ab00000,0x000000077ce80000)
  from space 67072K, 68% used [0x000000077ce80000,0x000000077fb334a8,0x0000000781000000)
  to   space 69120K, 0% used [0x0000000784880000,0x0000000784880000,0x0000000788c00000)
 ParOldGen       total 357376K, used 240960K [0x00000006c0000000, 0x00000006d5d00000, 0x000000076ab00000)
  object space 357376K, 67% used [0x00000006c0000000,0x00000006ceb500e0,0x00000006d5d00000)
 Metaspace       used 33678K, capacity 36088K, committed 36336K, reserved 1081344K
  class space    used 4467K, capacity 4887K, committed 4992K, reserved 1048576K
}
Event: 1592.284 GC heap before
{Heap before GC invocations=22 (full 4):
 PSYoungGen      total 365568K, used 344269K [0x000000076ab00000, 0x0000000788c00000, 0x00000007c0000000)
  eden space 298496K, 100% used [0x000000076ab00000,0x000000077ce80000,0x000000077ce80000)
  from space 67072K, 68% used [0x000000077ce80000,0x000000077fb334a8,0x0000000781000000)
  to   space 69120K, 0% used [0x0000000784880000,0x0000000784880000,0x0000000788c00000)
 ParOldGen       total 357376K, used 240960K [0x00000006c0000000, 0x00000006d5d00000, 0x000000076ab00000)
  object space 357376K, 67% used [0x00000006c0000000,0x00000006ceb500e0,0x00000006d5d00000)
 Metaspace       used 33678K, capacity 36088K, committed 36336K, reserved 1081344K
  class space    used 4467K, capacity 4887K, committed 4992K, reserved 1048576K
Event: 1592.321 GC heap after
Heap after GC invocations=22 (full 4):
 PSYoungGen      total 407552K, used 69090K [0x000000076ab00000, 0x000000078ac80000, 0x00000007c0000000)
  eden space 338432K, 0% used [0x000000076ab00000,0x000000076ab00000,0x000000077f580000)
  from space 69120K, 99% used [0x0000000784880000,0x0000000788bf8a20,0x0000000788c00000)
  to   space 84992K, 0% used [0x000000077f580000,0x000000077f580000,0x0000000784880000)
 ParOldGen       total 357376K, used 258126K [0x00000006c0000000, 0x00000006d5d00000, 0x000000076ab00000)
  object space 357376K, 72% used [0x00000006c0000000,0x00000006cfc13a38,0x00000006d5d00000)
 Metaspace       used 33678K, capacity 36088K, committed 36336K, reserved 1081344K
  class space    used 4467K, capacity 4887K, committed 4992K, reserved 1048576K
}
Event: 1592.776 GC heap before
{Heap before GC invocations=23 (full 4):
 PSYoungGen      total 407552K, used 407522K [0x000000076ab00000, 0x000000078ac80000, 0x00000007c0000000)
  eden space 338432K, 100% used [0x000000076ab00000,0x000000077f580000,0x000000077f580000)
  from space 69120K, 99% used [0x0000000784880000,0x0000000788bf8a20,0x0000000788c00000)
  to   space 84992K, 0% used [0x000000077f580000,0x000000077f580000,0x0000000784880000)
 ParOldGen       total 357376K, used 258126K [0x00000006c0000000, 0x00000006d5d00000, 0x000000076ab00000)
  object space 357376K, 72% used [0x00000006c0000000,0x00000006cfc13a38,0x00000006d5d00000)
 Metaspace       used 33678K, capacity 36088K, committed 36336K, reserved 1081344K
  class space    used 4467K, capacity 4887K, committed 4992K, reserved 1048576K
Event: 1592.825 GC heap after
Heap after GC invocations=23 (full 4):
 PSYoungGen      total 423424K, used 43470K [0x000000076ab00000, 0x000000078d980000, 0x00000007c0000000)
  eden space 338432K, 0% used [0x000000076ab00000,0x000000076ab00000,0x000000077f580000)
  from space 84992K, 51% used [0x000000077f580000,0x0000000781ff3ac0,0x0000000784880000)
  to   space 82432K, 0% used [0x0000000788900000,0x0000000788900000,0x000000078d980000)
 ParOldGen       total 357376K, used 327540K [0x00000006c0000000, 0x00000006d5d00000, 0x000000076ab00000)
  object space 357376K, 91% used [0x00000006c0000000,0x00000006d3fdd290,0x00000006d5d00000)
 Metaspace       used 33678K, capacity 36088K, committed 36336K, reserved 1081344K
  class space    used 4467K, capacity 4887K, committed 4992K, reserved 1048576K
}
Event: 1592.825 GC heap before
{Heap before GC invocations=24 (full 5):
 PSYoungGen      total 423424K, used 43470K [0x000000076ab00000, 0x000000078d980000, 0x00000007c0000000)
  eden space 338432K, 0% used [0x000000076ab00000,0x000000076ab00000,0x000000077f580000)
  from space 84992K, 51% used [0x000000077f580000,0x0000000781ff3ac0,0x0000000784880000)
  to   space 82432K, 0% used [0x0000000788900000,0x0000000788900000,0x000000078d980000)
 ParOldGen       total 357376K, used 327540K [0x00000006c0000000, 0x00000006d5d00000, 0x000000076ab00000)
  object space 357376K, 91% used [0x00000006c0000000,0x00000006d3fdd290,0x00000006d5d00000)
 Metaspace       used 33678K, capacity 36088K, committed 36336K, reserved 1081344K
  class space    used 4467K, capacity 4887K, committed 4992K, reserved 1048576K
Event: 1593.105 GC heap after
Heap after GC invocations=24 (full 5):
 PSYoungGen      total 423424K, used 9545K [0x000000076ab00000, 0x000000078d980000, 0x00000007c0000000)
  eden space 338432K, 0% used [0x000000076ab00000,0x000000076ab00000,0x000000077f580000)
  from space 84992K, 11% used [0x000000077f580000,0x000000077fed2638,0x0000000784880000)
  to   space 82432K, 0% used [0x0000000788900000,0x0000000788900000,0x000000078d980000)
 ParOldGen       total 522240K, used 357103K [0x00000006c0000000, 0x00000006dfe00000, 0x000000076ab00000)
  object space 522240K, 68% used [0x00000006c0000000,0x00000006d5cbbe80,0x00000006dfe00000)
 Metaspace       used 33678K, capacity 36088K, committed 36336K, reserved 1081344K
  class space    used 4467K, capacity 4887K, committed 4992K, reserved 1048576K
}
Event: 1593.593 GC heap before
{Heap before GC invocations=25 (full 5):
 PSYoungGen      total 423424K, used 347977K [0x000000076ab00000, 0x000000078d980000, 0x00000007c0000000)
  eden space 338432K, 100% used [0x000000076ab00000,0x000000077f580000,0x000000077f580000)
  from space 84992K, 11% used [0x000000077f580000,0x000000077fed2638,0x0000000784880000)
  to   space 82432K, 0% used [0x0000000788900000,0x0000000788900000,0x000000078d980000)
 ParOldGen       total 522240K, used 357103K [0x00000006c0000000, 0x00000006dfe00000, 0x000000076ab00000)
  object space 522240K, 68% used [0x00000006c0000000,0x00000006d5cbbe80,0x00000006dfe00000)
 Metaspace       used 33678K, capacity 36088K, committed 36336K, reserved 1081344K
  class space    used 4467K, capacity 4887K, committed 4992K, reserved 1048576K
Event: 1593.633 GC heap after
Heap after GC invocations=25 (full 5):
 PSYoungGen      total 460800K, used 42019K [0x000000076ab00000, 0x000000078c880000, 0x00000007c0000000)
  eden space 395776K, 0% used [0x000000076ab00000,0x000000076ab00000,0x0000000782d80000)
  from space 65024K, 64% used [0x0000000788900000,0x000000078b208f90,0x000000078c880000)
  to   space 79360K, 0% used [0x0000000782d80000,0x0000000782d80000,0x0000000787b00000)
 ParOldGen       total 522240K, used 366743K [0x00000006c0000000, 0x00000006dfe00000, 0x000000076ab00000)
  object space 522240K, 70% used [0x00000006c0000000,0x00000006d6625e80,0x00000006dfe00000)
 Metaspace       used 33678K, capacity 36088K, committed 36336K, reserved 1081344K
  class space    used 4467K, capacity 4887K, committed 4992K, reserved 1048576K
}
Event: 1594.094 GC heap before
{Heap before GC invocations=26 (full 5):
 PSYoungGen      total 460800K, used 437795K [0x000000076ab00000, 0x000000078c880000, 0x00000007c0000000)
  eden space 395776K, 100% used [0x000000076ab00000,0x0000000782d80000,0x0000000782d80000)
  from space 65024K, 64% used [0x0000000788900000,0x000000078b208f90,0x000000078c880000)
  to   space 79360K, 0% used [0x0000000782d80000,0x0000000782d80000,0x0000000787b00000)
 ParOldGen       total 522240K, used 366743K [0x00000006c0000000, 0x00000006dfe00000, 0x000000076ab00000)
  object space 522240K, 70% used [0x00000006c0000000,0x00000006d6625e80,0x00000006dfe00000)
 Metaspace       used 33678K, capacity 36088K, committed 36336K, reserved 1081344K
  class space    used 4467K, capacity 4887K, committed 4992K, reserved 1048576K
Event: 1594.128 GC heap after
Heap after GC invocations=26 (full 5):
 PSYoungGen      total 475136K, used 79341K [0x000000076ab00000, 0x0000000792480000, 0x00000007c0000000)
  eden space 395776K, 0% used [0x000000076ab00000,0x000000076ab00000,0x0000000782d80000)
  from space 79360K, 99% used [0x0000000782d80000,0x0000000787afb468,0x0000000787b00000)
  to   space 92672K, 0% used [0x000000078ca00000,0x000000078ca00000,0x0000000792480000)
 ParOldGen       total 522240K, used 372551K [0x00000006c0000000, 0x00000006dfe00000, 0x000000076ab00000)
  object space 522240K, 71% used [0x00000006c0000000,0x00000006d6bd1e80,0x00000006dfe00000)
 Metaspace       used 33678K, capacity 36088K, committed 36336K, reserved 1081344K
  class space    used 4467K, capacity 4887K, committed 4992K, reserved 1048576K
}
Event: 1594.561 GC heap before
{Heap before GC invocations=27 (full 5):
 PSYoungGen      total 475136K, used 475117K [0x000000076ab00000, 0x0000000792480000, 0x00000007c0000000)
  eden space 395776K, 100% used [0x000000076ab00000,0x0000000782d80000,0x0000000782d80000)
  from space 79360K, 99% used [0x0000000782d80000,0x0000000787afb468,0x0000000787b00000)
  to   space 92672K, 0% used [0x000000078ca00000,0x000000078ca00000,0x0000000792480000)
 ParOldGen       total 522240K, used 372551K [0x00000006c0000000, 0x00000006dfe00000, 0x000000076ab00000)
  object space 522240K, 71% used [0x00000006c0000000,0x00000006d6bd1e80,0x00000006dfe00000)
 Metaspace       used 33678K, capacity 36088K, committed 36336K, reserved 1081344K
  class space    used 4467K, capacity 4887K, committed 4992K, reserved 1048576K
Event: 1594.615 GC heap after
Heap after GC invocations=27 (full 5):
 PSYoungGen      total 557056K, used 39500K [0x000000076ab00000, 0x0000000792100000, 0x00000007c0000000)
  eden space 467968K, 0% used [0x000000076ab00000,0x000000076ab00000,0x0000000787400000)
  from space 89088K, 44% used [0x000000078ca00000,0x000000078f0930f0,0x0000000792100000)
  to   space 88064K, 0% used [0x0000000787400000,0x0000000787400000,0x000000078ca00000)
 ParOldGen       total 522240K, used 452234K [0x00000006c0000000, 0x00000006dfe00000, 0x000000076ab00000)
  object space 522240K, 86% used [0x00000006c0000000,0x00000006db9a28f0,0x00000006dfe00000)
 Metaspace       used 33678K, capacity 36088K, committed 36336K, reserved 1081344K
  class space    used 4467K, capacity 4887K, committed 4992K, reserved 1048576K
}
Event: 1594.615 GC heap before
{Heap before GC invocations=28 (full 6):
 PSYoungGen      total 557056K, used 39500K [0x000000076ab00000, 0x0000000792100000, 0x00000007c0000000)
  eden space 467968K, 0% used [0x000000076ab00000,0x000000076ab00000,0x0000000787400000)
  from space 89088K, 44% used [0x000000078ca00000,0x000000078f0930f0,0x0000000792100000)
  to   space 88064K, 0% used [0x0000000787400000,0x0000000787400000,0x000000078ca00000)
 ParOldGen       total 522240K, used 452234K [0x00000006c0000000, 0x00000006dfe00000, 0x000000076ab00000)
  object space 522240K, 86% used [0x00000006c0000000,0x00000006db9a28f0,0x00000006dfe00000)
 Metaspace       used 33678K, capacity 36088K, committed 36336K, reserved 1081344K
  class space    used 4467K, capacity 4887K, committed 4992K, reserved 1048576K
Event: 1594.937 GC heap after
Heap after GC invocations=28 (full 6):
 PSYoungGen      total 557056K, used 0K [0x000000076ab00000, 0x0000000792100000, 0x00000007c0000000)
  eden space 467968K, 0% used [0x000000076ab00000,0x000000076ab00000,0x0000000787400000)
  from space 89088K, 0% used [0x000000078ca00000,0x000000078ca00000,0x0000000792100000)
  to   space 88064K, 0% used [0x0000000787400000,0x0000000787400000,0x000000078ca00000)
 ParOldGen       total 693248K, used 487354K [0x00000006c0000000, 0x00000006ea500000, 0x000000076ab00000)
  object space 693248K, 70% used [0x00000006c0000000,0x00000006ddbee8a0,0x00000006ea500000)
 Metaspace       used 33678K, capacity 36088K, committed 36336K, reserved 1081344K
  class space    used 4467K, capacity 4887K, committed 4992K, reserved 1048576K
}

