# JRE version: OpenJDK Runtime Environment (8.0_282-b08) (build 1.8.0_282-b08)
# Java VM: OpenJDK 64-Bit Server VM (25.282-b08 mixed mode bsd-aarch64 compressed oops)
Heap:
 PSYoungGen      total 92672K, used 78434K [0x000000076ab00000, 0x0000000775c80000, 0x00000007c0000000)
  eden space 44032K, 67% used [0x000000076ab00000,0x000000076c81c178,0x000000076d600000)
  from space 48640K, 99% used [0x000000076d600000,0x000000077057c6c0,0x0000000770580000)
  to   space 55808K, 0% used [0x0000000772600000,0x0000000772600000,0x0000000775c80000)
 ParOldGen       total 96256K, used 50967K [0x00000006c0000000, 0x00000006c5e00000, 0x000000076ab00000)
  object space 96256K, 52% used [0x00000006c0000000,0x00000006c31c5f18,0x00000006c5e00000)
 Metaspace       used 34994K, capacity 37554K, committed 37632K, reserved 1081344K
  class space    used 4626K, capacity 5106K, committed 5120K, reserved 1048576K
GC Heap History (34 events):
Event: 1.110 GC heap before
{Heap before GC invocations=1 (full 0):
 PSYoungGen      total 76288K, used 65536K [0x000000076ab00000, 0x0000000770000000, 0x00000007c0000000)
  eden space 65536K, 100% used [0x000000076ab00000,0x000000076eb00000,0x000000076eb00000)
  from space 10752K, 0% used [0x000000076f580000,0x000000076f580000,0x0000000770000000)
  to   space 10752K, 0% used [0x000000076eb00000,0x000000076eb00000,0x000000076f580000)
 ParOldGen       total 175104K, used 0K [0x00000006c0000000, 0x00000006cab00000, 0x000000076ab00000)
  object space 175104K, 0% used [0x00000006c0000000,0x00000006c0000000,0x00000006cab00000)
 Metaspace       used 18787K, capacity 19986K, committed 20224K, reserved 1067008K
  class space    used 2765K, capacity 3029K, committed 3072K, reserved 1048576K
Event: 1.114 GC heap after
Heap after GC invocations=1 (full 0):
 PSYoungGen      total 76288K, used 10747K [0x000000076ab00000, 0x0000000770000000, 0x00000007c0000000)
  eden space 65536K, 0% used [0x000000076ab00000,0x000000076ab00000,0x000000076eb00000)
  from space 10752K, 99% used [0x000000076eb00000,0x000000076f57ee78,0x000000076f580000)
  to   space 10752K, 0% used [0x000000076f580000,0x000000076f580000,0x0000000770000000)
 ParOldGen       total 175104K, used 639K [0x00000006c0000000, 0x00000006cab00000, 0x000000076ab00000)
  object space 175104K, 0% used [0x00000006c0000000,0x00000006c009fdf8,0x00000006cab00000)
 Metaspace       used 18787K, capacity 19986K, committed 20224K, reserved 1067008K
  class space    used 2765K, capacity 3029K, committed 3072K, reserved 1048576K
}
Event: 4.280 GC heap before
{Heap before GC invocations=2 (full 0):
 PSYoungGen      total 76288K, used 18407K [0x000000076ab00000, 0x0000000770000000, 0x00000007c0000000)
  eden space 65536K, 11% used [0x000000076ab00000,0x000000076b27ae48,0x000000076eb00000)
  from space 10752K, 99% used [0x000000076eb00000,0x000000076f57ee78,0x000000076f580000)
  to   space 10752K, 0% used [0x000000076f580000,0x000000076f580000,0x0000000770000000)
 ParOldGen       total 175104K, used 639K [0x00000006c0000000, 0x00000006cab00000, 0x000000076ab00000)
  object space 175104K, 0% used [0x00000006c0000000,0x00000006c009fdf8,0x00000006cab00000)
 Metaspace       used 19993K, capacity 21198K, committed 21296K, reserved 1067008K
  class space    used 2856K, capacity 3129K, committed 3200K, reserved 1048576K
Event: 4.284 GC heap after
Heap after GC invocations=2 (full 0):
 PSYoungGen      total 76288K, used 9637K [0x000000076ab00000, 0x0000000770000000, 0x00000007c0000000)
  eden space 65536K, 0% used [0x000000076ab00000,0x000000076ab00000,0x000000076eb00000)
  from space 10752K, 89% used [0x000000076f580000,0x000000076fee9790,0x0000000770000000)
  to   space 10752K, 0% used [0x000000076eb00000,0x000000076eb00000,0x000000076f580000)
 ParOldGen       total 175104K, used 2695K [0x00000006c0000000, 0x00000006cab00000, 0x000000076ab00000)
  object space 175104K, 1% used [0x00000006c0000000,0x00000006c02a1e08,0x00000006cab00000)
 Metaspace       used 19993K, capacity 21198K, committed 21296K, reserved 1067008K
  class space    used 2856K, capacity 3129K, committed 3200K, reserved 1048576K
}
Event: 4.284 GC heap before
{Heap before GC invocations=3 (full 1):
 PSYoungGen      total 76288K, used 9637K [0x000000076ab00000, 0x0000000770000000, 0x00000007c0000000)
  eden space 65536K, 0% used [0x000000076ab00000,0x000000076ab00000,0x000000076eb00000)
  from space 10752K, 89% used [0x000000076f580000,0x000000076fee9790,0x0000000770000000)
  to   space 10752K, 0% used [0x000000076eb00000,0x000000076eb00000,0x000000076f580000)
 ParOldGen       total 175104K, used 2695K [0x00000006c0000000, 0x00000006cab00000, 0x000000076ab00000)
  object space 175104K, 1% used [0x00000006c0000000,0x00000006c02a1e08,0x00000006cab00000)
 Metaspace       used 19993K, capacity 21198K, committed 21296K, reserved 1067008K
  class space    used 2856K, capacity 3129K, committed 3200K, reserved 1048576K
Event: 4.299 GC heap after
Heap after GC invocations=3 (full 1):
 PSYoungGen      total 76288K, used 0K [0x000000076ab00000, 0x0000000770000000, 0x00000007c0000000)
  eden space 65536K, 0% used [0x000000076ab00000,0x000000076ab00000,0x000000076eb00000)
  from space 10752K, 0% used [0x000000076f580000,0x000000076f580000,0x0000000770000000)
  to   space 10752K, 0% used [0x000000076eb00000,0x000000076eb00000,0x000000076f580000)
 ParOldGen       total 77824K, used 9789K [0x00000006c0000000, 0x00000006c4c00000, 0x000000076ab00000)
  object space 77824K, 12% used [0x00000006c0000000,0x00000006c098f518,0x00000006c4c00000)
 Metaspace       used 19993K, capacity 21198K, committed 21296K, reserved 1067008K
  class space    used 2856K, capacity 3129K, committed 3200K, reserved 1048576K
}
Event: 12.726 GC heap before
{Heap before GC invocations=4 (full 1):
 PSYoungGen      total 76288K, used 65536K [0x000000076ab00000, 0x0000000770000000, 0x00000007c0000000)
  eden space 65536K, 100% used [0x000000076ab00000,0x000000076eb00000,0x000000076eb00000)
  from space 10752K, 0% used [0x000000076f580000,0x000000076f580000,0x0000000770000000)
  to   space 10752K, 0% used [0x000000076eb00000,0x000000076eb00000,0x000000076f580000)
 ParOldGen       total 77824K, used 9789K [0x00000006c0000000, 0x00000006c4c00000, 0x000000076ab00000)
  object space 77824K, 12% used [0x00000006c0000000,0x00000006c098f518,0x00000006c4c00000)
 Metaspace       used 29630K, capacity 31126K, committed 31232K, reserved 1077248K
  class space    used 4003K, capacity 4299K, committed 4352K, reserved 1048576K
Event: 12.730 GC heap after
Heap after GC invocations=4 (full 1):
 PSYoungGen      total 76288K, used 10523K [0x000000076ab00000, 0x0000000770000000, 0x00000007c0000000)
  eden space 65536K, 0% used [0x000000076ab00000,0x000000076ab00000,0x000000076eb00000)
  from space 10752K, 97% used [0x000000076eb00000,0x000000076f546d38,0x000000076f580000)
  to   space 10752K, 0% used [0x000000076f580000,0x000000076f580000,0x0000000770000000)
 ParOldGen       total 77824K, used 9805K [0x00000006c0000000, 0x00000006c4c00000, 0x000000076ab00000)
  object space 77824K, 12% used [0x00000006c0000000,0x00000006c0993518,0x00000006c4c00000)
 Metaspace       used 29630K, capacity 31126K, committed 31232K, reserved 1077248K
  class space    used 4003K, capacity 4299K, committed 4352K, reserved 1048576K
}
Event: 109.190 GC heap before
{Heap before GC invocations=5 (full 1):
 PSYoungGen      total 76288K, used 76059K [0x000000076ab00000, 0x0000000770000000, 0x00000007c0000000)
  eden space 65536K, 100% used [0x000000076ab00000,0x000000076eb00000,0x000000076eb00000)
  from space 10752K, 97% used [0x000000076eb00000,0x000000076f546d38,0x000000076f580000)
  to   space 10752K, 0% used [0x000000076f580000,0x000000076f580000,0x0000000770000000)
 ParOldGen       total 77824K, used 9805K [0x00000006c0000000, 0x00000006c4c00000, 0x000000076ab00000)
  object space 77824K, 12% used [0x00000006c0000000,0x00000006c0993518,0x00000006c4c00000)
 Metaspace       used 31769K, capacity 33800K, committed 33920K, reserved 1079296K
  class space    used 4287K, capacity 4671K, committed 4736K, reserved 1048576K
Event: 109.197 GC heap after
Heap after GC invocations=5 (full 1):
 PSYoungGen      total 76288K, used 10750K [0x000000076ab00000, 0x0000000770000000, 0x00000007c0000000)
  eden space 65536K, 0% used [0x000000076ab00000,0x000000076ab00000,0x000000076eb00000)
  from space 10752K, 99% used [0x000000076f580000,0x000000076ffff930,0x0000000770000000)
  to   space 10752K, 0% used [0x000000076eb00000,0x000000076eb00000,0x000000076f580000)
 ParOldGen       total 77824K, used 15229K [0x00000006c0000000, 0x00000006c4c00000, 0x000000076ab00000)
  object space 77824K, 19% used [0x00000006c0000000,0x00000006c0edf548,0x00000006c4c00000)
 Metaspace       used 31769K, capacity 33800K, committed 33920K, reserved 1079296K
  class space    used 4287K, capacity 4671K, committed 4736K, reserved 1048576K
}
Event: 109.779 GC heap before
{Heap before GC invocations=6 (full 1):
 PSYoungGen      total 76288K, used 18729K [0x000000076ab00000, 0x0000000770000000, 0x00000007c0000000)
  eden space 65536K, 12% used [0x000000076ab00000,0x000000076b2cac28,0x000000076eb00000)
  from space 10752K, 99% used [0x000000076f580000,0x000000076ffff930,0x0000000770000000)
  to   space 10752K, 0% used [0x000000076eb00000,0x000000076eb00000,0x000000076f580000)
 ParOldGen       total 77824K, used 15229K [0x00000006c0000000, 0x00000006c4c00000, 0x000000076ab00000)
  object space 77824K, 19% used [0x00000006c0000000,0x00000006c0edf548,0x00000006c4c00000)
 Metaspace       used 33117K, capacity 35392K, committed 35456K, reserved 1079296K
  class space    used 4504K, capacity 4931K, committed 4992K, reserved 1048576K
Event: 109.784 GC heap after
Heap after GC invocations=6 (full 1):
 PSYoungGen      total 74752K, used 10742K [0x000000076ab00000, 0x0000000770880000, 0x00000007c0000000)
  eden space 64000K, 0% used [0x000000076ab00000,0x000000076ab00000,0x000000076e980000)
  from space 10752K, 99% used [0x000000076eb00000,0x000000076f57d920,0x000000076f580000)
  to   space 15872K, 0% used [0x000000076f900000,0x000000076f900000,0x0000000770880000)
 ParOldGen       total 77824K, used 17258K [0x00000006c0000000, 0x00000006c4c00000, 0x000000076ab00000)
  object space 77824K, 22% used [0x00000006c0000000,0x00000006c10dab40,0x00000006c4c00000)
 Metaspace       used 33117K, capacity 35392K, committed 35456K, reserved 1079296K
  class space    used 4504K, capacity 4931K, committed 4992K, reserved 1048576K
}
Event: 109.784 GC heap before
{Heap before GC invocations=7 (full 2):
 PSYoungGen      total 74752K, used 10742K [0x000000076ab00000, 0x0000000770880000, 0x00000007c0000000)
  eden space 64000K, 0% used [0x000000076ab00000,0x000000076ab00000,0x000000076e980000)
  from space 10752K, 99% used [0x000000076eb00000,0x000000076f57d920,0x000000076f580000)
  to   space 15872K, 0% used [0x000000076f900000,0x000000076f900000,0x0000000770880000)
 ParOldGen       total 77824K, used 17258K [0x00000006c0000000, 0x00000006c4c00000, 0x000000076ab00000)
  object space 77824K, 22% used [0x00000006c0000000,0x00000006c10dab40,0x00000006c4c00000)
 Metaspace       used 33117K, capacity 35392K, committed 35456K, reserved 1079296K
  class space    used 4504K, capacity 4931K, committed 4992K, reserved 1048576K
Event: 109.860 GC heap after
Heap after GC invocations=7 (full 2):
 PSYoungGen      total 74752K, used 0K [0x000000076ab00000, 0x0000000770880000, 0x00000007c0000000)
  eden space 64000K, 0% used [0x000000076ab00000,0x000000076ab00000,0x000000076e980000)
  from space 10752K, 0% used [0x000000076eb00000,0x000000076eb00000,0x000000076f580000)
  to   space 15872K, 0% used [0x000000076f900000,0x000000076f900000,0x0000000770880000)
 ParOldGen       total 96256K, used 27096K [0x00000006c0000000, 0x00000006c5e00000, 0x000000076ab00000)
  object space 96256K, 28% used [0x00000006c0000000,0x00000006c1a76018,0x00000006c5e00000)
 Metaspace       used 33117K, capacity 35392K, committed 35456K, reserved 1079296K
  class space    used 4504K, capacity 4931K, committed 4992K, reserved 1048576K
}
Event: 153.239 GC heap before
{Heap before GC invocations=8 (full 2):
 PSYoungGen      total 74752K, used 64000K [0x000000076ab00000, 0x0000000770880000, 0x00000007c0000000)
  eden space 64000K, 100% used [0x000000076ab00000,0x000000076e980000,0x000000076e980000)
  from space 10752K, 0% used [0x000000076eb00000,0x000000076eb00000,0x000000076f580000)
  to   space 15872K, 0% used [0x000000076f900000,0x000000076f900000,0x0000000770880000)
 ParOldGen       total 96256K, used 27096K [0x00000006c0000000, 0x00000006c5e00000, 0x000000076ab00000)
  object space 96256K, 28% used [0x00000006c0000000,0x00000006c1a76018,0x00000006c5e00000)
 Metaspace       used 33528K, capacity 35894K, committed 35968K, reserved 1081344K
  class space    used 4538K, capacity 4976K, committed 4992K, reserved 1048576K
Event: 153.245 GC heap after
Heap after GC invocations=8 (full 2):
 PSYoungGen      total 78336K, used 15135K [0x000000076ab00000, 0x0000000770900000, 0x00000007c0000000)
  eden space 62464K, 0% used [0x000000076ab00000,0x000000076ab00000,0x000000076e800000)
  from space 15872K, 95% used [0x000000076f900000,0x00000007707c7e80,0x0000000770880000)
  to   space 16896K, 0% used [0x000000076e800000,0x000000076e800000,0x000000076f880000)
 ParOldGen       total 96256K, used 27104K [0x00000006c0000000, 0x00000006c5e00000, 0x000000076ab00000)
  object space 96256K, 28% used [0x00000006c0000000,0x00000006c1a78018,0x00000006c5e00000)
 Metaspace       used 33528K, capacity 35894K, committed 35968K, reserved 1081344K
  class space    used 4538K, capacity 4976K, committed 4992K, reserved 1048576K
}
Event: 161.330 GC heap before
{Heap before GC invocations=9 (full 2):
 PSYoungGen      total 78336K, used 77599K [0x000000076ab00000, 0x0000000770900000, 0x00000007c0000000)
  eden space 62464K, 100% used [0x000000076ab00000,0x000000076e800000,0x000000076e800000)
  from space 15872K, 95% used [0x000000076f900000,0x00000007707c7e80,0x0000000770880000)
  to   space 16896K, 0% used [0x000000076e800000,0x000000076e800000,0x000000076f880000)
 ParOldGen       total 96256K, used 27104K [0x00000006c0000000, 0x00000006c5e00000, 0x000000076ab00000)
  object space 96256K, 28% used [0x00000006c0000000,0x00000006c1a78018,0x00000006c5e00000)
 Metaspace       used 33735K, capacity 36058K, committed 36224K, reserved 1081344K
  class space    used 4543K, capacity 4982K, committed 4992K, reserved 1048576K
Event: 161.343 GC heap after
Heap after GC invocations=9 (full 2):
 PSYoungGen      total 77824K, used 16876K [0x000000076ab00000, 0x0000000771980000, 0x00000007c0000000)
  eden space 60928K, 0% used [0x000000076ab00000,0x000000076ab00000,0x000000076e680000)
  from space 16896K, 99% used [0x000000076e800000,0x000000076f87b120,0x000000076f880000)
  to   space 26112K, 0% used [0x0000000770000000,0x0000000770000000,0x0000000771980000)
 ParOldGen       total 96256K, used 42175K [0x00000006c0000000, 0x00000006c5e00000, 0x000000076ab00000)
  object space 96256K, 43% used [0x00000006c0000000,0x00000006c292fee8,0x00000006c5e00000)
 Metaspace       used 33735K, capacity 36058K, committed 36224K, reserved 1081344K
  class space    used 4543K, capacity 4982K, committed 4992K, reserved 1048576K
}
Event: 235.444 GC heap before
{Heap before GC invocations=10 (full 2):
 PSYoungGen      total 77824K, used 77804K [0x000000076ab00000, 0x0000000771980000, 0x00000007c0000000)
  eden space 60928K, 100% used [0x000000076ab00000,0x000000076e680000,0x000000076e680000)
  from space 16896K, 99% used [0x000000076e800000,0x000000076f87b120,0x000000076f880000)
  to   space 26112K, 0% used [0x0000000770000000,0x0000000770000000,0x0000000771980000)
 ParOldGen       total 96256K, used 42175K [0x00000006c0000000, 0x00000006c5e00000, 0x000000076ab00000)
  object space 96256K, 43% used [0x00000006c0000000,0x00000006c292fee8,0x00000006c5e00000)
 Metaspace       used 33960K, capacity 36328K, committed 36480K, reserved 1081344K
  class space    used 4545K, capacity 4983K, committed 4992K, reserved 1048576K
Event: 235.452 GC heap after
Heap after GC invocations=10 (full 2):
 PSYoungGen      total 86016K, used 19531K [0x000000076ab00000, 0x0000000771980000, 0x00000007c0000000)
  eden space 59904K, 0% used [0x000000076ab00000,0x000000076ab00000,0x000000076e580000)
  from space 26112K, 74% used [0x0000000770000000,0x0000000771312fa0,0x0000000771980000)
  to   space 26624K, 0% used [0x000000076e580000,0x000000076e580000,0x000000076ff80000)
 ParOldGen       total 96256K, used 42183K [0x00000006c0000000, 0x00000006c5e00000, 0x000000076ab00000)
  object space 96256K, 43% used [0x00000006c0000000,0x00000006c2931ee8,0x00000006c5e00000)
 Metaspace       used 33960K, capacity 36328K, committed 36480K, reserved 1081344K
  class space    used 4545K, capacity 4983K, committed 4992K, reserved 1048576K
}
Event: 316.825 GC heap before
{Heap before GC invocations=11 (full 2):
 PSYoungGen      total 86016K, used 79435K [0x000000076ab00000, 0x0000000771980000, 0x00000007c0000000)
  eden space 59904K, 100% used [0x000000076ab00000,0x000000076e580000,0x000000076e580000)
  from space 26112K, 74% used [0x0000000770000000,0x0000000771312fa0,0x0000000771980000)
  to   space 26624K, 0% used [0x000000076e580000,0x000000076e580000,0x000000076ff80000)
 ParOldGen       total 96256K, used 42183K [0x00000006c0000000, 0x00000006c5e00000, 0x000000076ab00000)
  object space 96256K, 43% used [0x00000006c0000000,0x00000006c2931ee8,0x00000006c5e00000)
 Metaspace       used 34597K, capacity 37154K, committed 37376K, reserved 1081344K
  class space    used 4617K, capacity 5068K, committed 5120K, reserved 1048576K
Event: 316.834 GC heap after
Heap after GC invocations=11 (full 2):
 PSYoungGen      total 85504K, used 26264K [0x000000076ab00000, 0x0000000771e80000, 0x00000007c0000000)
  eden space 58880K, 0% used [0x000000076ab00000,0x000000076ab00000,0x000000076e480000)
  from space 26624K, 98% used [0x000000076e580000,0x000000076ff26240,0x000000076ff80000)
  to   space 29696K, 0% used [0x0000000770180000,0x0000000770180000,0x0000000771e80000)
 ParOldGen       total 96256K, used 42191K [0x00000006c0000000, 0x00000006c5e00000, 0x000000076ab00000)
  object space 96256K, 43% used [0x00000006c0000000,0x00000006c2933ee8,0x00000006c5e00000)
 Metaspace       used 34597K, capacity 37154K, committed 37376K, reserved 1081344K
  class space    used 4617K, capacity 5068K, committed 5120K, reserved 1048576K
}
Event: 326.825 GC heap before
{Heap before GC invocations=12 (full 2):
 PSYoungGen      total 85504K, used 85144K [0x000000076ab00000, 0x0000000771e80000, 0x00000007c0000000)
  eden space 58880K, 100% used [0x000000076ab00000,0x000000076e480000,0x000000076e480000)
  from space 26624K, 98% used [0x000000076e580000,0x000000076ff26240,0x000000076ff80000)
  to   space 29696K, 0% used [0x0000000770180000,0x0000000770180000,0x0000000771e80000)
 ParOldGen       total 96256K, used 42191K [0x00000006c0000000, 0x00000006c5e00000, 0x000000076ab00000)
  object space 96256K, 43% used [0x00000006c0000000,0x00000006c2933ee8,0x00000006c5e00000)
 Metaspace       used 34650K, capacity 37218K, committed 37376K, reserved 1081344K
  class space    used 4617K, capacity 5068K, committed 5120K, reserved 1048576K
Event: 326.840 GC heap after
Heap after GC invocations=12 (full 2):
 PSYoungGen      total 82432K, used 29688K [0x000000076ab00000, 0x0000000772980000, 0x00000007c0000000)
  eden space 52736K, 0% used [0x000000076ab00000,0x000000076ab00000,0x000000076de80000)
  from space 29696K, 99% used [0x0000000770180000,0x0000000771e7e0c0,0x0000000771e80000)
  to   space 35840K, 0% used [0x000000076de80000,0x000000076de80000,0x0000000770180000)
 ParOldGen       total 96256K, used 49919K [0x00000006c0000000, 0x00000006c5e00000, 0x000000076ab00000)
  object space 96256K, 51% used [0x00000006c0000000,0x00000006c30bff18,0x00000006c5e00000)
 Metaspace       used 34650K, capacity 37218K, committed 37376K, reserved 1081344K
  class space    used 4617K, capacity 5068K, committed 5120K, reserved 1048576K
}
Event: 384.283 GC heap before
{Heap before GC invocations=13 (full 2):
 PSYoungGen      total 82432K, used 82424K [0x000000076ab00000, 0x0000000772980000, 0x00000007c0000000)
  eden space 52736K, 100% used [0x000000076ab00000,0x000000076de80000,0x000000076de80000)
  from space 29696K, 99% used [0x0000000770180000,0x0000000771e7e0c0,0x0000000771e80000)
  to   space 35840K, 0% used [0x000000076de80000,0x000000076de80000,0x0000000770180000)
 ParOldGen       total 96256K, used 49919K [0x00000006c0000000, 0x00000006c5e00000, 0x000000076ab00000)
  object space 96256K, 51% used [0x00000006c0000000,0x00000006c30bff18,0x00000006c5e00000)
 Metaspace       used 34715K, capacity 37218K, committed 37376K, reserved 1081344K
  class space    used 4617K, capacity 5068K, committed 5120K, reserved 1048576K
Event: 384.293 GC heap after
Heap after GC invocations=13 (full 2):
 PSYoungGen      total 87552K, used 31703K [0x000000076ab00000, 0x0000000772980000, 0x00000007c0000000)
  eden space 51712K, 0% used [0x000000076ab00000,0x000000076ab00000,0x000000076dd80000)
  from space 35840K, 88% used [0x000000076de80000,0x000000076fd75f40,0x0000000770180000)
  to   space 38912K, 0% used [0x0000000770380000,0x0000000770380000,0x0000000772980000)
 ParOldGen       total 96256K, used 49927K [0x00000006c0000000, 0x00000006c5e00000, 0x000000076ab00000)
  object space 96256K, 51% used [0x00000006c0000000,0x00000006c30c1f18,0x00000006c5e00000)
 Metaspace       used 34715K, capacity 37218K, committed 37376K, reserved 1081344K
  class space    used 4617K, capacity 5068K, committed 5120K, reserved 1048576K
}
Event: 420.627 GC heap before
{Heap before GC invocations=14 (full 2):
 PSYoungGen      total 87552K, used 83415K [0x000000076ab00000, 0x0000000772980000, 0x00000007c0000000)
  eden space 51712K, 100% used [0x000000076ab00000,0x000000076dd80000,0x000000076dd80000)
  from space 35840K, 88% used [0x000000076de80000,0x000000076fd75f40,0x0000000770180000)
  to   space 38912K, 0% used [0x0000000770380000,0x0000000770380000,0x0000000772980000)
 ParOldGen       total 96256K, used 49927K [0x00000006c0000000, 0x00000006c5e00000, 0x000000076ab00000)
  object space 96256K, 51% used [0x00000006c0000000,0x00000006c30c1f18,0x00000006c5e00000)
 Metaspace       used 34802K, capacity 37314K, committed 37376K, reserved 1081344K
  class space    used 4619K, capacity 5100K, committed 5120K, reserved 1048576K
Event: 420.640 GC heap after
Heap after GC invocations=14 (full 2):
 PSYoungGen      total 87040K, used 34359K [0x000000076ab00000, 0x0000000772f80000, 0x00000007c0000000)
  eden space 48128K, 0% used [0x000000076ab00000,0x000000076ab00000,0x000000076da00000)
  from space 38912K, 88% used [0x0000000770380000,0x000000077250df40,0x0000000772980000)
  to   space 42496K, 0% used [0x000000076da00000,0x000000076da00000,0x0000000770380000)
 ParOldGen       total 96256K, used 49935K [0x00000006c0000000, 0x00000006c5e00000, 0x000000076ab00000)
  object space 96256K, 51% used [0x00000006c0000000,0x00000006c30c3f18,0x00000006c5e00000)
 Metaspace       used 34802K, capacity 37314K, committed 37376K, reserved 1081344K
  class space    used 4619K, capacity 5100K, committed 5120K, reserved 1048576K
}
Event: 445.980 GC heap before
{Heap before GC invocations=15 (full 2):
 PSYoungGen      total 87040K, used 82487K [0x000000076ab00000, 0x0000000772f80000, 0x00000007c0000000)
  eden space 48128K, 100% used [0x000000076ab00000,0x000000076da00000,0x000000076da00000)
  from space 38912K, 88% used [0x0000000770380000,0x000000077250df40,0x0000000772980000)
  to   space 42496K, 0% used [0x000000076da00000,0x000000076da00000,0x0000000770380000)
 ParOldGen       total 96256K, used 49935K [0x00000006c0000000, 0x00000006c5e00000, 0x000000076ab00000)
  object space 96256K, 51% used [0x00000006c0000000,0x00000006c30c3f18,0x00000006c5e00000)
 Metaspace       used 34875K, capacity 37426K, committed 37632K, reserved 1081344K
  class space    used 4625K, capacity 5106K, committed 5120K, reserved 1048576K
Event: 445.993 GC heap after
Heap after GC invocations=15 (full 2):
 PSYoungGen      total 89600K, used 35127K [0x000000076ab00000, 0x0000000773200000, 0x00000007c0000000)
  eden space 47104K, 0% used [0x000000076ab00000,0x000000076ab00000,0x000000076d900000)
  from space 42496K, 82% used [0x000000076da00000,0x000000076fc4df40,0x0000000770380000)
  to   space 45568K, 0% used [0x0000000770580000,0x0000000770580000,0x0000000773200000)
 ParOldGen       total 96256K, used 49935K [0x00000006c0000000, 0x00000006c5e00000, 0x000000076ab00000)
  object space 96256K, 51% used [0x00000006c0000000,0x00000006c30c3f18,0x00000006c5e00000)
 Metaspace       used 34875K, capacity 37426K, committed 37632K, reserved 1081344K
  class space    used 4625K, capacity 5106K, committed 5120K, reserved 1048576K
}
Event: 531.460 GC heap before
{Heap before GC invocations=16 (full 2):
 PSYoungGen      total 89600K, used 82231K [0x000000076ab00000, 0x0000000773200000, 0x00000007c0000000)
  eden space 47104K, 100% used [0x000000076ab00000,0x000000076d900000,0x000000076d900000)
  from space 42496K, 82% used [0x000000076da00000,0x000000076fc4df40,0x0000000770380000)
  to   space 45568K, 0% used [0x0000000770580000,0x0000000770580000,0x0000000773200000)
 ParOldGen       total 96256K, used 49935K [0x00000006c0000000, 0x00000006c5e00000, 0x000000076ab00000)
  object space 96256K, 51% used [0x00000006c0000000,0x00000006c30c3f18,0x00000006c5e00000)
 Metaspace       used 34922K, capacity 37490K, committed 37632K, reserved 1081344K
  class space    used 4625K, capacity 5106K, committed 5120K, reserved 1048576K
Event: 531.473 GC heap after
Heap after GC invocations=16 (full 2):
 PSYoungGen      total 89600K, used 38233K [0x000000076ab00000, 0x0000000773780000, 0x00000007c0000000)
  eden space 44032K, 0% used [0x000000076ab00000,0x000000076ab00000,0x000000076d600000)
  from space 45568K, 83% used [0x0000000770580000,0x0000000772ad66b0,0x0000000773200000)
  to   space 48640K, 0% used [0x000000076d600000,0x000000076d600000,0x0000000770580000)
 ParOldGen       total 96256K, used 49943K [0x00000006c0000000, 0x00000006c5e00000, 0x000000076ab00000)
  object space 96256K, 51% used [0x00000006c0000000,0x00000006c30c5f18,0x00000006c5e00000)
 Metaspace       used 34922K, capacity 37490K, committed 37632K, reserved 1081344K
  class space    used 4625K, capacity 5106K, committed 5120K, reserved 1048576K
}
Event: 531.534 GC heap before
{Heap before GC invocations=17 (full 2):
 PSYoungGen      total 89600K, used 82265K [0x000000076ab00000, 0x0000000773780000, 0x00000007c0000000)
  eden space 44032K, 100% used [0x000000076ab00000,0x000000076d600000,0x000000076d600000)
  from space 45568K, 83% used [0x0000000770580000,0x0000000772ad66b0,0x0000000773200000)
  to   space 48640K, 0% used [0x000000076d600000,0x000000076d600000,0x0000000770580000)
 ParOldGen       total 96256K, used 49943K [0x00000006c0000000, 0x00000006c5e00000, 0x000000076ab00000)
  object space 96256K, 51% used [0x00000006c0000000,0x00000006c30c5f18,0x00000006c5e00000)
 Metaspace       used 34984K, capacity 37554K, committed 37632K, reserved 1081344K
  class space    used 4626K, capacity 5106K, committed 5120K, reserved 1048576K
Event: 531.550 GC heap after
Heap after GC invocations=17 (full 2):
 PSYoungGen      total 92672K, used 48625K [0x000000076ab00000, 0x0000000775c80000, 0x00000007c0000000)
  eden space 44032K, 0% used [0x000000076ab00000,0x000000076ab00000,0x000000076d600000)
  from space 48640K, 99% used [0x000000076d600000,0x000000077057c6c0,0x0000000770580000)
  to   space 55808K, 0% used [0x0000000772600000,0x0000000772600000,0x0000000775c80000)
 ParOldGen       total 96256K, used 50967K [0x00000006c0000000, 0x00000006c5e00000, 0x000000076ab00000)
  object space 96256K, 52% used [0x00000006c0000000,0x00000006c31c5f18,0x00000006c5e00000)
 Metaspace       used 34984K, capacity 37554K, committed 37632K, reserved 1081344K
  class space    used 4626K, capacity 5106K, committed 5120K, reserved 1048576K
}

