# JRE version: OpenJDK Runtime Environment (8.0_282-b08) (build 1.8.0_282-b08)
# Java VM: OpenJDK 64-Bit Server VM (25.282-b08 mixed mode bsd-aarch64 compressed oops)
Heap:
 PSYoungGen      total 76288K, used 12125K [0x000000076ab00000, 0x0000000771300000, 0x00000007c0000000)
  eden space 65536K, 2% used [0x000000076ab00000,0x000000076ac89fc8,0x000000076eb00000)
  from space 10752K, 98% used [0x000000076eb00000,0x000000076f54d460,0x000000076f580000)
  to   space 10752K, 0% used [0x0000000770880000,0x0000000770880000,0x0000000771300000)
 ParOldGen       total 120832K, used 9896K [0x00000006c0000000, 0x00000006c7600000, 0x000000076ab00000)
  object space 120832K, 8% used [0x00000006c0000000,0x00000006c09aa3a0,0x00000006c7600000)
 Metaspace       used 31770K, capacity 33346K, committed 33536K, reserved 1079296K
  class space    used 4210K, capacity 4523K, committed 4608K, reserved 1048576K
GC Heap History (8 events):
Event: 0.731 GC heap before
{Heap before GC invocations=1 (full 0):
 PSYoungGen      total 76288K, used 65536K [0x000000076ab00000, 0x0000000770000000, 0x00000007c0000000)
  eden space 65536K, 100% used [0x000000076ab00000,0x000000076eb00000,0x000000076eb00000)
  from space 10752K, 0% used [0x000000076f580000,0x000000076f580000,0x0000000770000000)
  to   space 10752K, 0% used [0x000000076eb00000,0x000000076eb00000,0x000000076f580000)
 ParOldGen       total 175104K, used 0K [0x00000006c0000000, 0x00000006cab00000, 0x000000076ab00000)
  object space 175104K, 0% used [0x00000006c0000000,0x00000006c0000000,0x00000006cab00000)
 Metaspace       used 18607K, capacity 19794K, committed 19968K, reserved 1067008K
  class space    used 2732K, capacity 2989K, committed 3072K, reserved 1048576K
Event: 0.735 GC heap after
Heap after GC invocations=1 (full 0):
 PSYoungGen      total 76288K, used 10747K [0x000000076ab00000, 0x0000000770000000, 0x00000007c0000000)
  eden space 65536K, 0% used [0x000000076ab00000,0x000000076ab00000,0x000000076eb00000)
  from space 10752K, 99% used [0x000000076eb00000,0x000000076f57ee58,0x000000076f580000)
  to   space 10752K, 0% used [0x000000076f580000,0x000000076f580000,0x0000000770000000)
 ParOldGen       total 175104K, used 735K [0x00000006c0000000, 0x00000006cab00000, 0x000000076ab00000)
  object space 175104K, 0% used [0x00000006c0000000,0x00000006c00b7fe0,0x00000006cab00000)
 Metaspace       used 18607K, capacity 19794K, committed 19968K, reserved 1067008K
  class space    used 2732K, capacity 2989K, committed 3072K, reserved 1048576K
}
Event: 2.770 GC heap before
{Heap before GC invocations=2 (full 0):
 PSYoungGen      total 76288K, used 18898K [0x000000076ab00000, 0x0000000770000000, 0x00000007c0000000)
  eden space 65536K, 12% used [0x000000076ab00000,0x000000076b2f5d10,0x000000076eb00000)
  from space 10752K, 99% used [0x000000076eb00000,0x000000076f57ee58,0x000000076f580000)
  to   space 10752K, 0% used [0x000000076f580000,0x000000076f580000,0x0000000770000000)
 ParOldGen       total 175104K, used 735K [0x00000006c0000000, 0x00000006cab00000, 0x000000076ab00000)
  object space 175104K, 0% used [0x00000006c0000000,0x00000006c00b7fe0,0x00000006cab00000)
 Metaspace       used 19986K, capacity 21188K, committed 21296K, reserved 1067008K
  class space    used 2864K, capacity 3130K, committed 3200K, reserved 1048576K
Event: 2.775 GC heap after
Heap after GC invocations=2 (full 0):
 PSYoungGen      total 76288K, used 9715K [0x000000076ab00000, 0x0000000770000000, 0x00000007c0000000)
  eden space 65536K, 0% used [0x000000076ab00000,0x000000076ab00000,0x000000076eb00000)
  from space 10752K, 90% used [0x000000076f580000,0x000000076fefcd10,0x0000000770000000)
  to   space 10752K, 0% used [0x000000076eb00000,0x000000076eb00000,0x000000076f580000)
 ParOldGen       total 175104K, used 2791K [0x00000006c0000000, 0x00000006cab00000, 0x000000076ab00000)
  object space 175104K, 1% used [0x00000006c0000000,0x00000006c02b9ff0,0x00000006cab00000)
 Metaspace       used 19986K, capacity 21188K, committed 21296K, reserved 1067008K
  class space    used 2864K, capacity 3130K, committed 3200K, reserved 1048576K
}
Event: 2.775 GC heap before
{Heap before GC invocations=3 (full 1):
 PSYoungGen      total 76288K, used 9715K [0x000000076ab00000, 0x0000000770000000, 0x00000007c0000000)
  eden space 65536K, 0% used [0x000000076ab00000,0x000000076ab00000,0x000000076eb00000)
  from space 10752K, 90% used [0x000000076f580000,0x000000076fefcd10,0x0000000770000000)
  to   space 10752K, 0% used [0x000000076eb00000,0x000000076eb00000,0x000000076f580000)
 ParOldGen       total 175104K, used 2791K [0x00000006c0000000, 0x00000006cab00000, 0x000000076ab00000)
  object space 175104K, 1% used [0x00000006c0000000,0x00000006c02b9ff0,0x00000006cab00000)
 Metaspace       used 19986K, capacity 21188K, committed 21296K, reserved 1067008K
  class space    used 2864K, capacity 3130K, committed 3200K, reserved 1048576K
Event: 2.795 GC heap after
Heap after GC invocations=3 (full 1):
 PSYoungGen      total 76288K, used 0K [0x000000076ab00000, 0x0000000770000000, 0x00000007c0000000)
  eden space 65536K, 0% used [0x000000076ab00000,0x000000076ab00000,0x000000076eb00000)
  from space 10752K, 0% used [0x000000076f580000,0x000000076f580000,0x0000000770000000)
  to   space 10752K, 0% used [0x000000076eb00000,0x000000076eb00000,0x000000076f580000)
 ParOldGen       total 120832K, used 9880K [0x00000006c0000000, 0x00000006c7600000, 0x000000076ab00000)
  object space 120832K, 8% used [0x00000006c0000000,0x00000006c09a63a0,0x00000006c7600000)
 Metaspace       used 19986K, capacity 21188K, committed 21296K, reserved 1067008K
  class space    used 2864K, capacity 3130K, committed 3200K, reserved 1048576K
}
Event: 13.118 GC heap before
{Heap before GC invocations=4 (full 1):
 PSYoungGen      total 76288K, used 65536K [0x000000076ab00000, 0x0000000770000000, 0x00000007c0000000)
  eden space 65536K, 100% used [0x000000076ab00000,0x000000076eb00000,0x000000076eb00000)
  from space 10752K, 0% used [0x000000076f580000,0x000000076f580000,0x0000000770000000)
  to   space 10752K, 0% used [0x000000076eb00000,0x000000076eb00000,0x000000076f580000)
 ParOldGen       total 120832K, used 9880K [0x00000006c0000000, 0x00000006c7600000, 0x000000076ab00000)
  object space 120832K, 8% used [0x00000006c0000000,0x00000006c09a63a0,0x00000006c7600000)
 Metaspace       used 31769K, capacity 33346K, committed 33536K, reserved 1079296K
  class space    used 4210K, capacity 4523K, committed 4608K, reserved 1048576K
Event: 13.131 GC heap after
Heap after GC invocations=4 (full 1):
 PSYoungGen      total 76288K, used 10549K [0x000000076ab00000, 0x0000000771300000, 0x00000007c0000000)
  eden space 65536K, 0% used [0x000000076ab00000,0x000000076ab00000,0x000000076eb00000)
  from space 10752K, 98% used [0x000000076eb00000,0x000000076f54d460,0x000000076f580000)
  to   space 10752K, 0% used [0x0000000770880000,0x0000000770880000,0x0000000771300000)
 ParOldGen       total 120832K, used 9896K [0x00000006c0000000, 0x00000006c7600000, 0x000000076ab00000)
  object space 120832K, 8% used [0x00000006c0000000,0x00000006c09aa3a0,0x00000006c7600000)
 Metaspace       used 31769K, capacity 33346K, committed 33536K, reserved 1079296K
  class space    used 4210K, capacity 4523K, committed 4608K, reserved 1048576K
}

